/opt/miniconda3/envs/adapter/lib/python3.10/site-packages/transformers/utils/generic.py:260: UserWarning: torch.utils._pytree._register_pytree_node is deprecated. Please use torch.utils._pytree.register_pytree_node instead.
  torch.utils._pytree._register_pytree_node(
INFO:name:device: cuda:1, n_gpu: 1
DEBUG:urllib3.connectionpool:Starting new HTTPS connection (1): huggingface.co:443
DEBUG:urllib3.connectionpool:https://huggingface.co:443 "HEAD /microsoft/graphcodebert-base/resolve/main/config.json HTTP/1.1" 200 0
DEBUG:urllib3.connectionpool:https://huggingface.co:443 "HEAD /microsoft/graphcodebert-base/resolve/main/tokenizer_config.json HTTP/1.1" 200 0
INFO:name:Preparing the Dataset...

INFO:name:Preparing the Dataset...

INFO:name:Preparing the Dataset...

INFO:name:[0, 0, {'insert_modules': ('intermediate', 'attention.output'), 'bottleneck_dim': (128, 64), 'non_linearity': 'gelu', 'dropout_rate': 0.2, 'normalization': 'layer_norm', 'skip_connection': True}, 0, 0, 0, {'insert_modules': ('attention.output', 'output', 'attention.self'), 'bottleneck_dim': (64, 256, 16), 'non_linearity': 'gelu', 'dropout_rate': 0.0, 'normalization': 'layer_norm', 'skip_connection': True}, {'insert_modules': ('intermediate', 'output', 'attention.output'), 'bottleneck_dim': (64, 128, 64), 'non_linearity': 'tanh', 'dropout_rate': 0.2, 'normalization': 'layer_norm', 'skip_connection': True}, 0, {'insert_modules': ('intermediate',), 'bottleneck_dim': (64,), 'non_linearity': 'leakyrelu', 'dropout_rate': 0.3, 'normalization': None, 'skip_connection': True}, 0, 0]
[INFO|(OpenDelta)basemodel:700]2025-01-05 02:49:05,000 >> Trainable Ratio: 2498416/127144048=1.965028%
[INFO|(OpenDelta)basemodel:702]2025-01-05 02:49:05,001 >> Delta Parameter Ratio: 2498416/127144048=1.965028%
[INFO|(OpenDelta)basemodel:704]2025-01-05 02:49:05,001 >> Static Memory 0.00 GB, Max Memory 0.00 GB
INFO:name:2.85
INFO:name:***** Running training *****
INFO:name:  Num examples = 90102
INFO:name:  Num Epochs = 15
INFO:name:  Total train batch size  = 32
INFO:name:  Total optimization steps = 42240
INFO:name:Epoch 0 Step 99 Train Loss 0.698   Accuracy 49.406 
INFO:name:Epoch 0 Step 199 Train Loss 0.695   Accuracy 51.094 
INFO:name:Epoch 0 Step 299 Train Loss 0.686   Accuracy 56.844 
INFO:name:Epoch 0 Step 399 Train Loss 0.656   Accuracy 62.016 
INFO:name:Epoch 0 Step 499 Train Loss 0.609   Accuracy 66.569 
INFO:name:Epoch 0 Step 599 Train Loss 0.561   Accuracy 70.229 
INFO:name:Epoch 0 Step 699 Train Loss 0.519   Accuracy 73.138 
INFO:name:Epoch 0 Step 799 Train Loss 0.486   Accuracy 75.398 
INFO:name:Epoch 0 Step 899 Train Loss 0.461   Accuracy 77.17 
INFO:name:Epoch 0 Step 999 Train Loss 0.435   Accuracy 78.772 
INFO:name:Epoch 0 Step 1099 Train Loss 0.414   Accuracy 80.071 
INFO:name:Epoch 0 Step 1199 Train Loss 0.394   Accuracy 81.206 
INFO:name:Epoch 0 Step 1299 Train Loss 0.376   Accuracy 82.25 
INFO:name:Epoch 0 Step 1399 Train Loss 0.361   Accuracy 83.107 
INFO:name:Epoch 0 Step 1499 Train Loss 0.346   Accuracy 83.938 
INFO:name:Epoch 0 Step 1599 Train Loss 0.334   Accuracy 84.631 
INFO:name:Epoch 0 Step 1699 Train Loss 0.323   Accuracy 85.263 
INFO:name:Epoch 0 Step 1799 Train Loss 0.312   Accuracy 85.847 
INFO:name:Epoch 0 Step 1899 Train Loss 0.302   Accuracy 86.352 
INFO:name:Epoch 0 Step 1999 Train Loss 0.293   Accuracy 86.83 
INFO:name:Epoch 0 Step 2099 Train Loss 0.286   Accuracy 87.234 
INFO:name:Epoch 0 Step 2199 Train Loss 0.278   Accuracy 87.651 
INFO:name:Epoch 0 Step 2299 Train Loss 0.271   Accuracy 88.041 
INFO:name:Epoch 0 Step 2399 Train Loss 0.264   Accuracy 88.415 
INFO:name:Epoch 0 Step 2499 Train Loss 0.257   Accuracy 88.749 
INFO:name:Epoch 0 Step 2599 Train Loss 0.252   Accuracy 89.026 
INFO:name:Epoch 0 Step 2699 Train Loss 0.246   Accuracy 89.303 
INFO:name:Epoch 0 Step 2799 Train Loss 0.241   Accuracy 89.557 
INFO:name:***** Running evaluation *****
INFO:name:  Num examples clone detection = 41541
INFO:name:  Batch size = 32 
INFO:name:  eval_loss = 0.0961
INFO:name:  eval_acc = 0.9656
INFO:name:  f1_score = 0.8764
INFO:name:  recall = 0.9282
INFO:name:  precision = 0.8302
INFO:name:
 ******************************
INFO:name:  Best F1 score :0.8764
INFO:name:  ******************************
INFO:name:
***** Test Results for clone detection 
INFO:name:
{'test_acc': 0.9734, 'test_f1_score': 0.9061, 'test_recall': 0.9341, 'test_precision': 0.8798}

INFO:name:Epoch 1 Step 99 Train Loss 0.088   Accuracy 97.125 
INFO:name:Epoch 1 Step 199 Train Loss 0.1   Accuracy 96.609 
INFO:name:Epoch 1 Step 299 Train Loss 0.098   Accuracy 96.708 
INFO:name:Epoch 1 Step 399 Train Loss 0.099   Accuracy 96.688 
INFO:name:Epoch 1 Step 499 Train Loss 0.096   Accuracy 96.856 
INFO:name:Epoch 1 Step 599 Train Loss 0.095   Accuracy 96.896 
INFO:name:Epoch 1 Step 699 Train Loss 0.094   Accuracy 96.973 
INFO:name:Epoch 1 Step 799 Train Loss 0.094   Accuracy 97.016 
INFO:name:Epoch 1 Step 899 Train Loss 0.094   Accuracy 97.059 
INFO:name:Epoch 1 Step 999 Train Loss 0.094   Accuracy 97.056 
INFO:name:Epoch 1 Step 1099 Train Loss 0.093   Accuracy 97.097 
INFO:name:Epoch 1 Step 1199 Train Loss 0.094   Accuracy 97.083 
INFO:name:Epoch 1 Step 1299 Train Loss 0.093   Accuracy 97.101 
INFO:name:Epoch 1 Step 1399 Train Loss 0.093   Accuracy 97.114 
INFO:name:Epoch 1 Step 1499 Train Loss 0.093   Accuracy 97.127 
INFO:name:Epoch 1 Step 1599 Train Loss 0.093   Accuracy 97.121 
INFO:name:Epoch 1 Step 1699 Train Loss 0.093   Accuracy 97.107 
INFO:name:Epoch 1 Step 1799 Train Loss 0.092   Accuracy 97.122 
INFO:name:Epoch 1 Step 1899 Train Loss 0.091   Accuracy 97.161 
INFO:name:Epoch 1 Step 1999 Train Loss 0.09   Accuracy 97.197 
INFO:name:Epoch 1 Step 2099 Train Loss 0.089   Accuracy 97.234 
INFO:name:Epoch 1 Step 2199 Train Loss 0.089   Accuracy 97.236 
INFO:name:Epoch 1 Step 2299 Train Loss 0.089   Accuracy 97.239 
INFO:name:Epoch 1 Step 2399 Train Loss 0.089   Accuracy 97.253 
INFO:name:Epoch 1 Step 2499 Train Loss 0.088   Accuracy 97.282 
INFO:name:Epoch 1 Step 2599 Train Loss 0.087   Accuracy 97.299 
INFO:name:Epoch 1 Step 2699 Train Loss 0.087   Accuracy 97.31 
INFO:name:Epoch 1 Step 2799 Train Loss 0.086   Accuracy 97.35 
INFO:name:***** Running evaluation *****
INFO:name:  Num examples clone detection = 41541
INFO:name:  Batch size = 32 
INFO:name:  eval_loss = 0.0981
INFO:name:  eval_acc = 0.9704
INFO:name:  f1_score = 0.8934
INFO:name:  recall = 0.9437
INFO:name:  precision = 0.8481
INFO:name:
 ******************************
INFO:name:  Best F1 score :0.8934
INFO:name:  ******************************
INFO:name:
***** Test Results for clone detection 
INFO:name:
{'test_acc': 0.9789, 'test_f1_score': 0.9245, 'test_recall': 0.9392, 'test_precision': 0.9103}

INFO:name:Epoch 2 Step 99 Train Loss 0.048   Accuracy 98.469 
INFO:name:Epoch 2 Step 199 Train Loss 0.06   Accuracy 98.234 
INFO:name:Epoch 2 Step 299 Train Loss 0.058   Accuracy 98.177 
INFO:name:Epoch 2 Step 399 Train Loss 0.058   Accuracy 98.188 
INFO:name:Epoch 2 Step 499 Train Loss 0.059   Accuracy 98.15 
INFO:name:Epoch 2 Step 599 Train Loss 0.057   Accuracy 98.203 
INFO:name:Epoch 2 Step 699 Train Loss 0.057   Accuracy 98.232 
INFO:name:Epoch 2 Step 799 Train Loss 0.06   Accuracy 98.164 
INFO:name:Epoch 2 Step 899 Train Loss 0.059   Accuracy 98.17 
INFO:name:Epoch 2 Step 999 Train Loss 0.059   Accuracy 98.188 
INFO:name:Epoch 2 Step 1099 Train Loss 0.059   Accuracy 98.165 
INFO:name:Epoch 2 Step 1199 Train Loss 0.06   Accuracy 98.112 
INFO:name:Epoch 2 Step 1299 Train Loss 0.06   Accuracy 98.115 
INFO:name:Epoch 2 Step 1399 Train Loss 0.059   Accuracy 98.136 
INFO:name:Epoch 2 Step 1499 Train Loss 0.06   Accuracy 98.144 
INFO:name:Epoch 2 Step 1599 Train Loss 0.059   Accuracy 98.162 
INFO:name:Epoch 2 Step 1699 Train Loss 0.058   Accuracy 98.197 
INFO:name:Epoch 2 Step 1799 Train Loss 0.058   Accuracy 98.21 
INFO:name:Epoch 2 Step 1899 Train Loss 0.058   Accuracy 98.212 
INFO:name:Epoch 2 Step 1999 Train Loss 0.058   Accuracy 98.23 
INFO:name:Epoch 2 Step 2099 Train Loss 0.058   Accuracy 98.207 
INFO:name:Epoch 2 Step 2199 Train Loss 0.058   Accuracy 98.206 
INFO:name:Epoch 2 Step 2299 Train Loss 0.058   Accuracy 98.213 
INFO:name:Epoch 2 Step 2399 Train Loss 0.058   Accuracy 98.223 
INFO:name:Epoch 2 Step 2499 Train Loss 0.058   Accuracy 98.234 
INFO:name:Epoch 2 Step 2599 Train Loss 0.057   Accuracy 98.251 
INFO:name:Epoch 2 Step 2699 Train Loss 0.057   Accuracy 98.264 
INFO:name:Epoch 2 Step 2799 Train Loss 0.057   Accuracy 98.266 
INFO:name:***** Running evaluation *****
INFO:name:  Num examples clone detection = 41541
INFO:name:  Batch size = 32 
INFO:name:  eval_loss = 0.1208
INFO:name:  eval_acc = 0.9687
INFO:name:  f1_score = 0.8891
INFO:name:  recall = 0.9558
INFO:name:  precision = 0.8311
INFO:name:Epoch 3 Step 99 Train Loss 0.048   Accuracy 98.562 
INFO:name:Epoch 3 Step 199 Train Loss 0.045   Accuracy 98.656 
INFO:name:Epoch 3 Step 299 Train Loss 0.044   Accuracy 98.635 
INFO:name:Epoch 3 Step 399 Train Loss 0.044   Accuracy 98.672 
INFO:name:Epoch 3 Step 499 Train Loss 0.042   Accuracy 98.725 
INFO:name:Epoch 3 Step 599 Train Loss 0.044   Accuracy 98.688 
INFO:name:Epoch 3 Step 699 Train Loss 0.043   Accuracy 98.714 
INFO:name:Epoch 3 Step 799 Train Loss 0.044   Accuracy 98.684 
INFO:name:Epoch 3 Step 899 Train Loss 0.044   Accuracy 98.694 
INFO:name:Epoch 3 Step 999 Train Loss 0.043   Accuracy 98.731 
INFO:name:Epoch 3 Step 1099 Train Loss 0.044   Accuracy 98.688 
INFO:name:Epoch 3 Step 1199 Train Loss 0.043   Accuracy 98.695 
INFO:name:Epoch 3 Step 1299 Train Loss 0.042   Accuracy 98.721 
INFO:name:Epoch 3 Step 1399 Train Loss 0.042   Accuracy 98.737 
INFO:name:Epoch 3 Step 1499 Train Loss 0.042   Accuracy 98.754 
INFO:name:Epoch 3 Step 1599 Train Loss 0.042   Accuracy 98.762 
INFO:name:Epoch 3 Step 1699 Train Loss 0.042   Accuracy 98.761 
INFO:name:Epoch 3 Step 1799 Train Loss 0.042   Accuracy 98.745 
INFO:name:Epoch 3 Step 1899 Train Loss 0.042   Accuracy 98.748 
INFO:name:Epoch 3 Step 1999 Train Loss 0.042   Accuracy 98.741 
INFO:name:Epoch 3 Step 2099 Train Loss 0.042   Accuracy 98.747 
INFO:name:Epoch 3 Step 2199 Train Loss 0.042   Accuracy 98.759 
INFO:name:Epoch 3 Step 2299 Train Loss 0.041   Accuracy 98.779 
INFO:name:Epoch 3 Step 2399 Train Loss 0.041   Accuracy 98.773 
INFO:name:Epoch 3 Step 2499 Train Loss 0.041   Accuracy 98.788 
INFO:name:Epoch 3 Step 2599 Train Loss 0.041   Accuracy 98.791 
INFO:name:Epoch 3 Step 2699 Train Loss 0.04   Accuracy 98.801 
INFO:name:Epoch 3 Step 2799 Train Loss 0.04   Accuracy 98.805 
INFO:name:***** Running evaluation *****
INFO:name:  Num examples clone detection = 41541
INFO:name:  Batch size = 32 
INFO:name:  eval_loss = 0.1617
INFO:name:  eval_acc = 0.9635
INFO:name:  f1_score = 0.8743
INFO:name:  recall = 0.9654
INFO:name:  precision = 0.7989
INFO:name:Epoch 4 Step 99 Train Loss 0.048   Accuracy 98.562 
INFO:name:Epoch 4 Step 199 Train Loss 0.038   Accuracy 98.812 
INFO:name:Epoch 4 Step 299 Train Loss 0.038   Accuracy 98.792 
INFO:name:Epoch 4 Step 399 Train Loss 0.037   Accuracy 98.859 
INFO:name:Epoch 4 Step 499 Train Loss 0.035   Accuracy 98.95 
INFO:name:Epoch 4 Step 599 Train Loss 0.034   Accuracy 98.984 
INFO:name:Epoch 4 Step 699 Train Loss 0.034   Accuracy 98.955 
INFO:name:Epoch 4 Step 799 Train Loss 0.034   Accuracy 98.965 
INFO:name:Epoch 4 Step 899 Train Loss 0.034   Accuracy 98.972 
INFO:name:Epoch 4 Step 999 Train Loss 0.033   Accuracy 98.972 
INFO:name:Epoch 4 Step 1099 Train Loss 0.034   Accuracy 98.974 
INFO:name:Epoch 4 Step 1199 Train Loss 0.034   Accuracy 98.987 
INFO:name:Epoch 4 Step 1299 Train Loss 0.034   Accuracy 98.988 
INFO:name:Epoch 4 Step 1399 Train Loss 0.034   Accuracy 98.982 
INFO:name:Epoch 4 Step 1499 Train Loss 0.034   Accuracy 98.981 
INFO:name:Epoch 4 Step 1599 Train Loss 0.033   Accuracy 99.01 
INFO:name:Epoch 4 Step 1699 Train Loss 0.033   Accuracy 99.009 
INFO:name:Epoch 4 Step 1799 Train Loss 0.033   Accuracy 99.024 
INFO:name:Epoch 4 Step 1899 Train Loss 0.033   Accuracy 99.035 
INFO:name:Epoch 4 Step 1999 Train Loss 0.033   Accuracy 99.034 
INFO:name:Epoch 4 Step 2099 Train Loss 0.033   Accuracy 99.043 
INFO:name:Epoch 4 Step 2199 Train Loss 0.033   Accuracy 99.04 
INFO:name:Epoch 4 Step 2299 Train Loss 0.033   Accuracy 99.048 
INFO:name:Epoch 4 Step 2399 Train Loss 0.032   Accuracy 99.052 
INFO:name:Epoch 4 Step 2499 Train Loss 0.032   Accuracy 99.059 
INFO:name:Epoch 4 Step 2599 Train Loss 0.032   Accuracy 99.053 
INFO:name:Epoch 4 Step 2699 Train Loss 0.033   Accuracy 99.047 
INFO:name:Epoch 4 Step 2799 Train Loss 0.032   Accuracy 99.056 
INFO:name:***** Running evaluation *****
INFO:name:  Num examples clone detection = 41541
INFO:name:  Batch size = 32 
INFO:name:  eval_loss = 0.112
INFO:name:  eval_acc = 0.9719
INFO:name:  f1_score = 0.8993
INFO:name:  recall = 0.9562
INFO:name:  precision = 0.8487
INFO:name:
 ******************************
INFO:name:  Best F1 score :0.8993
INFO:name:  ******************************
INFO:name:
***** Test Results for clone detection 
INFO:name:
{'test_acc': 0.9763, 'test_f1_score': 0.9167, 'test_recall': 0.9507, 'test_precision': 0.885}

INFO:name:Epoch 5 Step 99 Train Loss 0.03   Accuracy 99.188 
INFO:name:Epoch 5 Step 199 Train Loss 0.026   Accuracy 99.25 
INFO:name:Epoch 5 Step 299 Train Loss 0.024   Accuracy 99.302 
INFO:name:Epoch 5 Step 399 Train Loss 0.024   Accuracy 99.328 
INFO:name:Epoch 5 Step 499 Train Loss 0.022   Accuracy 99.381 
INFO:name:Epoch 5 Step 599 Train Loss 0.023   Accuracy 99.365 
INFO:name:Epoch 5 Step 699 Train Loss 0.023   Accuracy 99.353 
INFO:name:Epoch 5 Step 799 Train Loss 0.023   Accuracy 99.355 
INFO:name:Epoch 5 Step 899 Train Loss 0.023   Accuracy 99.347 
INFO:name:Epoch 5 Step 999 Train Loss 0.024   Accuracy 99.325 
INFO:name:Epoch 5 Step 1099 Train Loss 0.024   Accuracy 99.332 
INFO:name:Epoch 5 Step 1199 Train Loss 0.024   Accuracy 99.315 
INFO:name:Epoch 5 Step 1299 Train Loss 0.024   Accuracy 99.315 
INFO:name:Epoch 5 Step 1399 Train Loss 0.023   Accuracy 99.337 
INFO:name:Epoch 5 Step 1499 Train Loss 0.024   Accuracy 99.335 
INFO:name:Epoch 5 Step 1599 Train Loss 0.024   Accuracy 99.338 
INFO:name:Epoch 5 Step 1699 Train Loss 0.023   Accuracy 99.344 
INFO:name:Epoch 5 Step 1799 Train Loss 0.024   Accuracy 99.337 
INFO:name:Epoch 5 Step 1899 Train Loss 0.024   Accuracy 99.321 
INFO:name:Epoch 5 Step 1999 Train Loss 0.024   Accuracy 99.323 
INFO:name:Epoch 5 Step 2099 Train Loss 0.024   Accuracy 99.333 
INFO:name:Epoch 5 Step 2199 Train Loss 0.024   Accuracy 99.328 
INFO:name:Epoch 5 Step 2299 Train Loss 0.024   Accuracy 99.325 
INFO:name:Epoch 5 Step 2399 Train Loss 0.024   Accuracy 99.322 
INFO:name:Epoch 5 Step 2499 Train Loss 0.024   Accuracy 99.32 
INFO:name:Epoch 5 Step 2599 Train Loss 0.024   Accuracy 99.325 
INFO:name:Epoch 5 Step 2699 Train Loss 0.024   Accuracy 99.319 
INFO:name:Epoch 5 Step 2799 Train Loss 0.024   Accuracy 99.323 
INFO:name:***** Running evaluation *****
INFO:name:  Num examples clone detection = 41541
INFO:name:  Batch size = 32 
INFO:name:  eval_loss = 0.0974
INFO:name:  eval_acc = 0.9761
INFO:name:  f1_score = 0.9124
INFO:name:  recall = 0.9481
INFO:name:  precision = 0.8793
INFO:name:
 ******************************
INFO:name:  Best F1 score :0.9124
INFO:name:  ******************************
INFO:name:
***** Test Results for clone detection 
INFO:name:
{'test_acc': 0.9806, 'test_f1_score': 0.9308, 'test_recall': 0.9485, 'test_precision': 0.9139}

INFO:name:Epoch 6 Step 99 Train Loss 0.015   Accuracy 99.438 
INFO:name:Epoch 6 Step 199 Train Loss 0.019   Accuracy 99.406 
INFO:name:Epoch 6 Step 299 Train Loss 0.019   Accuracy 99.385 
INFO:name:Epoch 6 Step 399 Train Loss 0.019   Accuracy 99.406 
INFO:name:Epoch 6 Step 499 Train Loss 0.018   Accuracy 99.475 
INFO:name:Epoch 6 Step 599 Train Loss 0.018   Accuracy 99.479 
INFO:name:Epoch 6 Step 699 Train Loss 0.019   Accuracy 99.455 
INFO:name:Epoch 6 Step 799 Train Loss 0.019   Accuracy 99.465 
INFO:name:Epoch 6 Step 899 Train Loss 0.019   Accuracy 99.476 
INFO:name:Epoch 6 Step 999 Train Loss 0.018   Accuracy 99.494 
INFO:name:Epoch 6 Step 1099 Train Loss 0.018   Accuracy 99.494 
INFO:name:Epoch 6 Step 1199 Train Loss 0.018   Accuracy 99.497 
INFO:name:Epoch 6 Step 1299 Train Loss 0.018   Accuracy 99.493 
INFO:name:Epoch 6 Step 1399 Train Loss 0.019   Accuracy 99.487 
INFO:name:Epoch 6 Step 1499 Train Loss 0.019   Accuracy 99.49 
INFO:name:Epoch 6 Step 1599 Train Loss 0.019   Accuracy 99.482 
INFO:name:Epoch 6 Step 1699 Train Loss 0.019   Accuracy 99.478 
INFO:name:Epoch 6 Step 1799 Train Loss 0.019   Accuracy 99.486 
INFO:name:Epoch 6 Step 1899 Train Loss 0.019   Accuracy 99.474 
INFO:name:Epoch 6 Step 1999 Train Loss 0.019   Accuracy 99.472 
INFO:name:Epoch 6 Step 2099 Train Loss 0.02   Accuracy 99.47 
INFO:name:Epoch 6 Step 2199 Train Loss 0.019   Accuracy 99.474 
INFO:name:Epoch 6 Step 2299 Train Loss 0.02   Accuracy 99.463 
INFO:name:Epoch 6 Step 2399 Train Loss 0.02   Accuracy 99.464 
INFO:name:Epoch 6 Step 2499 Train Loss 0.02   Accuracy 99.464 
INFO:name:Epoch 6 Step 2599 Train Loss 0.02   Accuracy 99.454 
INFO:name:Epoch 6 Step 2699 Train Loss 0.02   Accuracy 99.454 
INFO:name:Epoch 6 Step 2799 Train Loss 0.02   Accuracy 99.453 
INFO:name:***** Running evaluation *****
INFO:name:  Num examples clone detection = 41541
INFO:name:  Batch size = 32 
INFO:name:  eval_loss = 0.1284
INFO:name:  eval_acc = 0.9746
INFO:name:  f1_score = 0.9057
INFO:name:  recall = 0.9293
INFO:name:  precision = 0.8833
INFO:name:Epoch 7 Step 99 Train Loss 0.016   Accuracy 99.531 
INFO:name:Epoch 7 Step 199 Train Loss 0.014   Accuracy 99.641 
INFO:name:Epoch 7 Step 299 Train Loss 0.012   Accuracy 99.698 
INFO:name:Epoch 7 Step 399 Train Loss 0.011   Accuracy 99.703 
INFO:name:Epoch 7 Step 499 Train Loss 0.013   Accuracy 99.662 
INFO:name:Epoch 7 Step 599 Train Loss 0.013   Accuracy 99.672 
INFO:name:Epoch 7 Step 699 Train Loss 0.014   Accuracy 99.661 
INFO:name:Epoch 7 Step 799 Train Loss 0.014   Accuracy 99.656 
INFO:name:Epoch 7 Step 899 Train Loss 0.014   Accuracy 99.663 
INFO:name:Epoch 7 Step 999 Train Loss 0.015   Accuracy 99.641 
INFO:name:Epoch 7 Step 1099 Train Loss 0.014   Accuracy 99.642 
INFO:name:Epoch 7 Step 1199 Train Loss 0.015   Accuracy 99.622 
INFO:name:Epoch 7 Step 1299 Train Loss 0.014   Accuracy 99.63 
INFO:name:Epoch 7 Step 1399 Train Loss 0.015   Accuracy 99.625 
INFO:name:Epoch 7 Step 1499 Train Loss 0.014   Accuracy 99.64 
INFO:name:Epoch 7 Step 1599 Train Loss 0.014   Accuracy 99.627 
INFO:name:Epoch 7 Step 1699 Train Loss 0.014   Accuracy 99.619 
INFO:name:Epoch 7 Step 1799 Train Loss 0.014   Accuracy 99.622 
INFO:name:Epoch 7 Step 1899 Train Loss 0.014   Accuracy 99.628 
INFO:name:Epoch 7 Step 1999 Train Loss 0.014   Accuracy 99.634 
INFO:name:Epoch 7 Step 2099 Train Loss 0.014   Accuracy 99.626 
INFO:name:Epoch 7 Step 2199 Train Loss 0.014   Accuracy 99.622 
INFO:name:Epoch 7 Step 2299 Train Loss 0.014   Accuracy 99.624 
INFO:name:Epoch 7 Step 2399 Train Loss 0.014   Accuracy 99.622 
INFO:name:Epoch 7 Step 2499 Train Loss 0.015   Accuracy 99.615 
INFO:name:Epoch 7 Step 2599 Train Loss 0.014   Accuracy 99.623 
INFO:name:Epoch 7 Step 2699 Train Loss 0.014   Accuracy 99.623 
INFO:name:Epoch 7 Step 2799 Train Loss 0.014   Accuracy 99.622 
INFO:name:***** Running evaluation *****
INFO:name:  Num examples clone detection = 41541
INFO:name:  Batch size = 32 
INFO:name:  eval_loss = 0.1221
INFO:name:  eval_acc = 0.9802
INFO:name:  f1_score = 0.9245
INFO:name:  recall = 0.9223
INFO:name:  precision = 0.9267
INFO:name:
 ******************************
INFO:name:  Best F1 score :0.9245
INFO:name:  ******************************
INFO:name:
***** Test Results for clone detection 
INFO:name:
{'test_acc': 0.9815, 'test_f1_score': 0.9326, 'test_recall': 0.9343, 'test_precision': 0.931}

INFO:name:Epoch 8 Step 99 Train Loss 0.014   Accuracy 99.594 
INFO:name:Epoch 8 Step 199 Train Loss 0.01   Accuracy 99.734 
INFO:name:Epoch 8 Step 299 Train Loss 0.01   Accuracy 99.688 
INFO:name:Epoch 8 Step 399 Train Loss 0.01   Accuracy 99.695 
INFO:name:Epoch 8 Step 499 Train Loss 0.009   Accuracy 99.719 
INFO:name:Epoch 8 Step 599 Train Loss 0.011   Accuracy 99.667 
INFO:name:Epoch 8 Step 699 Train Loss 0.012   Accuracy 99.661 
INFO:name:Epoch 8 Step 799 Train Loss 0.012   Accuracy 99.664 
INFO:name:Epoch 8 Step 899 Train Loss 0.013   Accuracy 99.632 
INFO:name:Epoch 8 Step 999 Train Loss 0.012   Accuracy 99.644 
INFO:name:Epoch 8 Step 1099 Train Loss 0.012   Accuracy 99.642 
INFO:name:Epoch 8 Step 1199 Train Loss 0.012   Accuracy 99.651 
INFO:name:Epoch 8 Step 1299 Train Loss 0.012   Accuracy 99.649 
INFO:name:Epoch 8 Step 1399 Train Loss 0.013   Accuracy 99.632 
INFO:name:Epoch 8 Step 1499 Train Loss 0.013   Accuracy 99.638 
INFO:name:Epoch 8 Step 1599 Train Loss 0.013   Accuracy 99.637 
INFO:name:Epoch 8 Step 1699 Train Loss 0.013   Accuracy 99.642 
INFO:name:Epoch 8 Step 1799 Train Loss 0.013   Accuracy 99.644 
INFO:name:Epoch 8 Step 1899 Train Loss 0.013   Accuracy 99.648 
INFO:name:Epoch 8 Step 1999 Train Loss 0.013   Accuracy 99.652 
INFO:name:Epoch 8 Step 2099 Train Loss 0.012   Accuracy 99.659 
INFO:name:Epoch 8 Step 2199 Train Loss 0.012   Accuracy 99.662 
INFO:name:Epoch 8 Step 2299 Train Loss 0.012   Accuracy 99.668 
INFO:name:Epoch 8 Step 2399 Train Loss 0.012   Accuracy 99.677 
INFO:name:Epoch 8 Step 2499 Train Loss 0.012   Accuracy 99.679 
INFO:name:Epoch 8 Step 2599 Train Loss 0.012   Accuracy 99.679 
INFO:name:Epoch 8 Step 2699 Train Loss 0.012   Accuracy 99.677 
INFO:name:Epoch 8 Step 2799 Train Loss 0.012   Accuracy 99.679 
INFO:name:***** Running evaluation *****
INFO:name:  Num examples clone detection = 41541
INFO:name:  Batch size = 32 
INFO:name:  eval_loss = 0.1072
INFO:name:  eval_acc = 0.9798
INFO:name:  f1_score = 0.9249
INFO:name:  recall = 0.9454
INFO:name:  precision = 0.9052
INFO:name:
 ******************************
INFO:name:  Best F1 score :0.9249
INFO:name:  ******************************
INFO:name:
***** Test Results for clone detection 
INFO:name:
{'test_acc': 0.981, 'test_f1_score': 0.932, 'test_recall': 0.95, 'test_precision': 0.9146}

INFO:name:Epoch 9 Step 99 Train Loss 0.005   Accuracy 99.875 
INFO:name:Epoch 9 Step 199 Train Loss 0.005   Accuracy 99.812 
INFO:name:Epoch 9 Step 299 Train Loss 0.005   Accuracy 99.844 
INFO:name:Epoch 9 Step 399 Train Loss 0.006   Accuracy 99.805 
INFO:name:Epoch 9 Step 499 Train Loss 0.006   Accuracy 99.812 
INFO:name:Epoch 9 Step 599 Train Loss 0.006   Accuracy 99.807 
INFO:name:Epoch 9 Step 699 Train Loss 0.007   Accuracy 99.795 
INFO:name:Epoch 9 Step 799 Train Loss 0.008   Accuracy 99.785 
INFO:name:Epoch 9 Step 899 Train Loss 0.008   Accuracy 99.778 
INFO:name:Epoch 9 Step 999 Train Loss 0.007   Accuracy 99.794 
INFO:name:Epoch 9 Step 1099 Train Loss 0.007   Accuracy 99.801 
INFO:name:Epoch 9 Step 1199 Train Loss 0.007   Accuracy 99.807 
INFO:name:Epoch 9 Step 1299 Train Loss 0.007   Accuracy 99.808 
INFO:name:Epoch 9 Step 1399 Train Loss 0.007   Accuracy 99.808 
INFO:name:Epoch 9 Step 1499 Train Loss 0.007   Accuracy 99.8 
INFO:name:Epoch 9 Step 1599 Train Loss 0.008   Accuracy 99.797 
INFO:name:Epoch 9 Step 1699 Train Loss 0.008   Accuracy 99.79 
INFO:name:Epoch 9 Step 1799 Train Loss 0.008   Accuracy 99.79 
INFO:name:Epoch 9 Step 1899 Train Loss 0.008   Accuracy 99.799 
INFO:name:Epoch 9 Step 1999 Train Loss 0.008   Accuracy 99.788 
INFO:name:Epoch 9 Step 2099 Train Loss 0.008   Accuracy 99.781 
INFO:name:Epoch 9 Step 2199 Train Loss 0.008   Accuracy 99.776 
INFO:name:Epoch 9 Step 2299 Train Loss 0.009   Accuracy 99.769 
INFO:name:Epoch 9 Step 2399 Train Loss 0.009   Accuracy 99.772 
INFO:name:Epoch 9 Step 2499 Train Loss 0.009   Accuracy 99.764 
INFO:name:Epoch 9 Step 2599 Train Loss 0.009   Accuracy 99.761 
INFO:name:Epoch 9 Step 2699 Train Loss 0.009   Accuracy 99.756 
INFO:name:Epoch 9 Step 2799 Train Loss 0.009   Accuracy 99.757 
INFO:name:***** Running evaluation *****
INFO:name:  Num examples clone detection = 41541
INFO:name:  Batch size = 32 
INFO:name:  eval_loss = 0.127
INFO:name:  eval_acc = 0.9797
INFO:name:  f1_score = 0.9223
INFO:name:  recall = 0.9175
INFO:name:  precision = 0.9272
INFO:name:
***** Test Results for clone detection 
INFO:name:
{'test_acc': 0.9828, 'test_f1_score': 0.9373, 'test_recall': 0.9388, 'test_precision': 0.9359}

INFO:name:train results : 
 {'train_loss': [0.241, 0.086, 0.057, 0.04, 0.033, 0.024, 0.02, 0.014, 0.012, 0.009], 'train_acc': [89.6, 97.359, 98.274, 98.806, 99.056, 99.318, 99.453, 99.62, 99.677, 99.756], 'eval_loss': [0.0961, 0.0981, 0.1208, 0.1617, 0.112, 0.0974, 0.1284, 0.1221, 0.1072, 0.127], 'eval_acc': [0.9656, 0.9704, 0.9687, 0.9635, 0.9719, 0.9761, 0.9746, 0.9802, 0.9798, 0.9797], 'eval_f1': [0.8764, 0.8934, 0.8891, 0.8743, 0.8993, 0.9124, 0.9057, 0.9245, 0.9249, 0.9223], 'eval_precision': [0.8302, 0.8481, 0.8311, 0.7989, 0.8487, 0.8793, 0.8833, 0.9267, 0.9052, 0.9272], 'eval_recall': [0.9282, 0.9437, 0.9558, 0.9654, 0.9562, 0.9481, 0.9293, 0.9223, 0.9454, 0.9175]}

INFO:name:**********************************************************************************************************************************
INFO:name:[0, 0, {'insert_modules': ('intermediate', 'output', 'attention.output'), 'bottleneck_dim': (64, 128, 64), 'non_linearity': 'tanh', 'dropout_rate': 0.2, 'normalization': 'layer_norm', 'skip_connection': True}, 0, {'insert_modules': ('attention.self',), 'bottleneck_dim': (16,), 'non_linearity': 'relu', 'dropout_rate': 0.3, 'normalization': 'layer_norm', 'skip_connection': True}, 0, 0, {'insert_modules': ('attention.output', 'output'), 'bottleneck_dim': (32, 256), 'non_linearity': 'tanh', 'dropout_rate': 0.2, 'normalization': 'layer_norm', 'skip_connection': True}, 0, {'insert_modules': ('intermediate',), 'bottleneck_dim': (64,), 'non_linearity': 'leakyrelu', 'dropout_rate': 0.3, 'normalization': None, 'skip_connection': True}, {'insert_modules': ('attention.output', 'output', 'attention.self'), 'bottleneck_dim': (64, 256, 16), 'non_linearity': 'gelu', 'dropout_rate': 0.0, 'normalization': 'layer_norm', 'skip_connection': True}, 0]
[INFO|(OpenDelta)basemodel:700]2025-01-05 08:32:56,308 >> Trainable Ratio: 2079424/126725056=1.640894%
[INFO|(OpenDelta)basemodel:702]2025-01-05 08:32:56,308 >> Delta Parameter Ratio: 2079424/126725056=1.640894%
[INFO|(OpenDelta)basemodel:704]2025-01-05 08:32:56,308 >> Static Memory 0.49 GB, Max Memory 13.73 GB
INFO:name:2.39
INFO:name:***** Running training *****
INFO:name:  Num examples = 90102
INFO:name:  Num Epochs = 15
INFO:name:  Total train batch size  = 32
INFO:name:  Total optimization steps = 42240
INFO:name:Epoch 0 Step 99 Train Loss 0.693   Accuracy 49.438 
INFO:name:Epoch 0 Step 199 Train Loss 0.691   Accuracy 52.516 
INFO:name:Epoch 0 Step 299 Train Loss 0.675   Accuracy 58.583 
INFO:name:Epoch 0 Step 399 Train Loss 0.626   Accuracy 64.352 
INFO:name:Epoch 0 Step 499 Train Loss 0.576   Accuracy 68.819 
INFO:name:Epoch 0 Step 599 Train Loss 0.531   Accuracy 72.161 
INFO:name:Epoch 0 Step 699 Train Loss 0.497   Accuracy 74.643 
INFO:name:Epoch 0 Step 799 Train Loss 0.467   Accuracy 76.695 
INFO:name:Epoch 0 Step 899 Train Loss 0.443   Accuracy 78.285 
INFO:name:Epoch 0 Step 999 Train Loss 0.42   Accuracy 79.703 
INFO:name:Epoch 0 Step 1099 Train Loss 0.399   Accuracy 80.966 
INFO:name:Epoch 0 Step 1199 Train Loss 0.382   Accuracy 82.005 
INFO:name:Epoch 0 Step 1299 Train Loss 0.367   Accuracy 82.899 
INFO:name:Epoch 0 Step 1399 Train Loss 0.353   Accuracy 83.699 
INFO:name:Epoch 0 Step 1499 Train Loss 0.342   Accuracy 84.375 
INFO:name:Epoch 0 Step 1599 Train Loss 0.33   Accuracy 85.027 
INFO:name:Epoch 0 Step 1699 Train Loss 0.321   Accuracy 85.577 
INFO:name:Epoch 0 Step 1799 Train Loss 0.311   Accuracy 86.104 
INFO:name:Epoch 0 Step 1899 Train Loss 0.302   Accuracy 86.61 
INFO:name:Epoch 0 Step 1999 Train Loss 0.294   Accuracy 87.05 
INFO:name:Epoch 0 Step 2099 Train Loss 0.286   Accuracy 87.433 
INFO:name:Epoch 0 Step 2199 Train Loss 0.279   Accuracy 87.832 
INFO:name:Epoch 0 Step 2299 Train Loss 0.272   Accuracy 88.188 
INFO:name:Epoch 0 Step 2399 Train Loss 0.266   Accuracy 88.501 
INFO:name:Epoch 0 Step 2499 Train Loss 0.26   Accuracy 88.821 
INFO:name:Epoch 0 Step 2599 Train Loss 0.255   Accuracy 89.097 
INFO:name:Epoch 0 Step 2699 Train Loss 0.25   Accuracy 89.377 
INFO:name:Epoch 0 Step 2799 Train Loss 0.245   Accuracy 89.629 
INFO:name:***** Running evaluation *****
INFO:name:  Num examples clone detection = 41541
INFO:name:  Batch size = 32 
INFO:name:  eval_loss = 0.141
INFO:name:  eval_acc = 0.9554
INFO:name:  f1_score = 0.8501
INFO:name:  recall = 0.9633
INFO:name:  precision = 0.7606
INFO:name:
 ******************************
INFO:name:  Best F1 score :0.8501
INFO:name:  ******************************
INFO:name:
***** Test Results for clone detection 
INFO:name:
{'test_acc': 0.963, 'test_f1_score': 0.8754, 'test_recall': 0.9453, 'test_precision': 0.8151}

INFO:name:Epoch 1 Step 99 Train Loss 0.097   Accuracy 96.688 
INFO:name:Epoch 1 Step 199 Train Loss 0.101   Accuracy 96.734 
INFO:name:Epoch 1 Step 299 Train Loss 0.109   Accuracy 96.49 
INFO:name:Epoch 1 Step 399 Train Loss 0.109   Accuracy 96.539 
INFO:name:Epoch 1 Step 499 Train Loss 0.106   Accuracy 96.638 
INFO:name:Epoch 1 Step 599 Train Loss 0.107   Accuracy 96.661 
INFO:name:Epoch 1 Step 699 Train Loss 0.104   Accuracy 96.772 
INFO:name:Epoch 1 Step 799 Train Loss 0.105   Accuracy 96.75 
INFO:name:Epoch 1 Step 899 Train Loss 0.105   Accuracy 96.729 
INFO:name:Epoch 1 Step 999 Train Loss 0.104   Accuracy 96.753 
INFO:name:Epoch 1 Step 1099 Train Loss 0.104   Accuracy 96.744 
INFO:name:Epoch 1 Step 1199 Train Loss 0.104   Accuracy 96.727 
INFO:name:Epoch 1 Step 1299 Train Loss 0.103   Accuracy 96.764 
INFO:name:Epoch 1 Step 1399 Train Loss 0.103   Accuracy 96.763 
INFO:name:Epoch 1 Step 1499 Train Loss 0.103   Accuracy 96.798 
INFO:name:Epoch 1 Step 1599 Train Loss 0.101   Accuracy 96.85 
INFO:name:Epoch 1 Step 1699 Train Loss 0.1   Accuracy 96.868 
INFO:name:Epoch 1 Step 1799 Train Loss 0.099   Accuracy 96.894 
INFO:name:Epoch 1 Step 1899 Train Loss 0.099   Accuracy 96.913 
INFO:name:Epoch 1 Step 1999 Train Loss 0.098   Accuracy 96.928 
INFO:name:Epoch 1 Step 2099 Train Loss 0.097   Accuracy 96.982 
INFO:name:Epoch 1 Step 2199 Train Loss 0.096   Accuracy 97.034 
INFO:name:Epoch 1 Step 2299 Train Loss 0.095   Accuracy 97.048 
INFO:name:Epoch 1 Step 2399 Train Loss 0.095   Accuracy 97.052 
INFO:name:Epoch 1 Step 2499 Train Loss 0.094   Accuracy 97.072 
INFO:name:Epoch 1 Step 2599 Train Loss 0.093   Accuracy 97.088 
INFO:name:Epoch 1 Step 2699 Train Loss 0.093   Accuracy 97.096 
INFO:name:Epoch 1 Step 2799 Train Loss 0.092   Accuracy 97.105 
INFO:name:***** Running evaluation *****
INFO:name:  Num examples clone detection = 41541
INFO:name:  Batch size = 32 
INFO:name:  eval_loss = 0.1046
INFO:name:  eval_acc = 0.9699
INFO:name:  f1_score = 0.8913
INFO:name:  recall = 0.9388
INFO:name:  precision = 0.8484
INFO:name:
 ******************************
INFO:name:  Best F1 score :0.8913
INFO:name:  ******************************
INFO:name:
***** Test Results for clone detection 
INFO:name:
{'test_acc': 0.9745, 'test_f1_score': 0.91, 'test_recall': 0.9371, 'test_precision': 0.8844}

INFO:name:Epoch 2 Step 99 Train Loss 0.07   Accuracy 97.844 
INFO:name:Epoch 2 Step 199 Train Loss 0.068   Accuracy 97.844 
INFO:name:Epoch 2 Step 299 Train Loss 0.066   Accuracy 97.979 
INFO:name:Epoch 2 Step 399 Train Loss 0.064   Accuracy 98.008 
INFO:name:Epoch 2 Step 499 Train Loss 0.067   Accuracy 97.944 
INFO:name:Epoch 2 Step 599 Train Loss 0.067   Accuracy 97.958 
INFO:name:Epoch 2 Step 699 Train Loss 0.066   Accuracy 97.973 
INFO:name:Epoch 2 Step 799 Train Loss 0.067   Accuracy 97.926 
INFO:name:Epoch 2 Step 899 Train Loss 0.067   Accuracy 97.92 
INFO:name:Epoch 2 Step 999 Train Loss 0.067   Accuracy 97.888 
INFO:name:Epoch 2 Step 1099 Train Loss 0.066   Accuracy 97.912 
INFO:name:Epoch 2 Step 1199 Train Loss 0.067   Accuracy 97.935 
INFO:name:Epoch 2 Step 1299 Train Loss 0.066   Accuracy 97.95 
INFO:name:Epoch 2 Step 1399 Train Loss 0.067   Accuracy 97.951 
INFO:name:Epoch 2 Step 1499 Train Loss 0.065   Accuracy 97.979 
INFO:name:Epoch 2 Step 1599 Train Loss 0.065   Accuracy 97.994 
INFO:name:Epoch 2 Step 1699 Train Loss 0.065   Accuracy 97.958 
INFO:name:Epoch 2 Step 1799 Train Loss 0.065   Accuracy 97.964 
INFO:name:Epoch 2 Step 1899 Train Loss 0.065   Accuracy 97.956 
INFO:name:Epoch 2 Step 1999 Train Loss 0.065   Accuracy 97.947 
INFO:name:Epoch 2 Step 2099 Train Loss 0.064   Accuracy 97.978 
INFO:name:Epoch 2 Step 2199 Train Loss 0.064   Accuracy 98.001 
INFO:name:Epoch 2 Step 2299 Train Loss 0.064   Accuracy 98.024 
INFO:name:Epoch 2 Step 2399 Train Loss 0.064   Accuracy 98.02 
INFO:name:Epoch 2 Step 2499 Train Loss 0.063   Accuracy 98.016 
INFO:name:Epoch 2 Step 2599 Train Loss 0.063   Accuracy 98.026 
INFO:name:Epoch 2 Step 2699 Train Loss 0.063   Accuracy 98.028 
INFO:name:Epoch 2 Step 2799 Train Loss 0.063   Accuracy 98.026 
INFO:name:***** Running evaluation *****
INFO:name:  Num examples clone detection = 41541
INFO:name:  Batch size = 32 
INFO:name:  eval_loss = 0.1216
INFO:name:  eval_acc = 0.9689
INFO:name:  f1_score = 0.8912
INFO:name:  recall = 0.971
INFO:name:  precision = 0.8236
INFO:name:Epoch 3 Step 99 Train Loss 0.038   Accuracy 98.594 
INFO:name:Epoch 3 Step 199 Train Loss 0.047   Accuracy 98.453 
INFO:name:Epoch 3 Step 299 Train Loss 0.047   Accuracy 98.521 
INFO:name:Epoch 3 Step 399 Train Loss 0.046   Accuracy 98.547 
INFO:name:Epoch 3 Step 499 Train Loss 0.046   Accuracy 98.569 
INFO:name:Epoch 3 Step 599 Train Loss 0.047   Accuracy 98.552 
INFO:name:Epoch 3 Step 699 Train Loss 0.047   Accuracy 98.54 
INFO:name:Epoch 3 Step 799 Train Loss 0.048   Accuracy 98.504 
INFO:name:Epoch 3 Step 899 Train Loss 0.048   Accuracy 98.521 
INFO:name:Epoch 3 Step 999 Train Loss 0.048   Accuracy 98.512 
INFO:name:Epoch 3 Step 1099 Train Loss 0.048   Accuracy 98.52 
INFO:name:Epoch 3 Step 1199 Train Loss 0.047   Accuracy 98.531 
INFO:name:Epoch 3 Step 1299 Train Loss 0.047   Accuracy 98.548 
INFO:name:Epoch 3 Step 1399 Train Loss 0.047   Accuracy 98.56 
INFO:name:Epoch 3 Step 1499 Train Loss 0.046   Accuracy 98.571 
INFO:name:Epoch 3 Step 1599 Train Loss 0.046   Accuracy 98.592 
INFO:name:Epoch 3 Step 1699 Train Loss 0.045   Accuracy 98.605 
INFO:name:Epoch 3 Step 1799 Train Loss 0.046   Accuracy 98.592 
INFO:name:Epoch 3 Step 1899 Train Loss 0.046   Accuracy 98.584 
INFO:name:Epoch 3 Step 1999 Train Loss 0.046   Accuracy 98.597 
INFO:name:Epoch 3 Step 2099 Train Loss 0.046   Accuracy 98.6 
INFO:name:Epoch 3 Step 2199 Train Loss 0.046   Accuracy 98.597 
INFO:name:Epoch 3 Step 2299 Train Loss 0.045   Accuracy 98.611 
INFO:name:Epoch 3 Step 2399 Train Loss 0.046   Accuracy 98.604 
INFO:name:Epoch 3 Step 2499 Train Loss 0.046   Accuracy 98.602 
INFO:name:Epoch 3 Step 2599 Train Loss 0.046   Accuracy 98.597 
INFO:name:Epoch 3 Step 2699 Train Loss 0.045   Accuracy 98.61 
INFO:name:Epoch 3 Step 2799 Train Loss 0.045   Accuracy 98.613 
INFO:name:***** Running evaluation *****
INFO:name:  Num examples clone detection = 41541
INFO:name:  Batch size = 32 
INFO:name:  eval_loss = 0.0837
INFO:name:  eval_acc = 0.9781
INFO:name:  f1_score = 0.9196
INFO:name:  recall = 0.9523
INFO:name:  precision = 0.889
INFO:name:
 ******************************
INFO:name:  Best F1 score :0.9196
INFO:name:  ******************************
INFO:name:
***** Test Results for clone detection 
INFO:name:
{'test_acc': 0.9802, 'test_f1_score': 0.9287, 'test_recall': 0.9413, 'test_precision': 0.9165}

INFO:name:Epoch 4 Step 99 Train Loss 0.04   Accuracy 98.688 
INFO:name:Epoch 4 Step 199 Train Loss 0.033   Accuracy 99.016 
INFO:name:Epoch 4 Step 299 Train Loss 0.032   Accuracy 99.01 
INFO:name:Epoch 4 Step 399 Train Loss 0.031   Accuracy 99.062 
INFO:name:Epoch 4 Step 499 Train Loss 0.033   Accuracy 99.0 
INFO:name:Epoch 4 Step 599 Train Loss 0.033   Accuracy 99.0 
INFO:name:Epoch 4 Step 699 Train Loss 0.034   Accuracy 98.973 
INFO:name:Epoch 4 Step 799 Train Loss 0.033   Accuracy 98.977 
INFO:name:Epoch 4 Step 899 Train Loss 0.034   Accuracy 98.955 
INFO:name:Epoch 4 Step 999 Train Loss 0.034   Accuracy 98.978 
INFO:name:Epoch 4 Step 1099 Train Loss 0.033   Accuracy 98.983 
INFO:name:Epoch 4 Step 1199 Train Loss 0.034   Accuracy 98.977 
INFO:name:Epoch 4 Step 1299 Train Loss 0.035   Accuracy 98.95 
INFO:name:Epoch 4 Step 1399 Train Loss 0.036   Accuracy 98.931 
INFO:name:Epoch 4 Step 1499 Train Loss 0.036   Accuracy 98.917 
INFO:name:Epoch 4 Step 1599 Train Loss 0.036   Accuracy 98.932 
INFO:name:Epoch 4 Step 1699 Train Loss 0.035   Accuracy 98.95 
INFO:name:Epoch 4 Step 1799 Train Loss 0.035   Accuracy 98.967 
INFO:name:Epoch 4 Step 1899 Train Loss 0.034   Accuracy 98.992 
INFO:name:Epoch 4 Step 1999 Train Loss 0.034   Accuracy 98.983 
INFO:name:Epoch 4 Step 2099 Train Loss 0.035   Accuracy 98.984 
INFO:name:Epoch 4 Step 2199 Train Loss 0.035   Accuracy 98.979 
INFO:name:Epoch 4 Step 2299 Train Loss 0.034   Accuracy 98.982 
INFO:name:Epoch 4 Step 2399 Train Loss 0.034   Accuracy 98.992 
INFO:name:Epoch 4 Step 2499 Train Loss 0.034   Accuracy 98.985 
INFO:name:Epoch 4 Step 2599 Train Loss 0.034   Accuracy 98.976 
INFO:name:Epoch 4 Step 2699 Train Loss 0.034   Accuracy 98.984 
INFO:name:Epoch 4 Step 2799 Train Loss 0.034   Accuracy 98.979 
INFO:name:***** Running evaluation *****
INFO:name:  Num examples clone detection = 41541
INFO:name:  Batch size = 32 
INFO:name:  eval_loss = 0.1364
INFO:name:  eval_acc = 0.9717
INFO:name:  f1_score = 0.9001
INFO:name:  recall = 0.9694
INFO:name:  precision = 0.8401
INFO:name:Epoch 5 Step 99 Train Loss 0.033   Accuracy 98.781 
INFO:name:Epoch 5 Step 199 Train Loss 0.032   Accuracy 98.938 
INFO:name:Epoch 5 Step 299 Train Loss 0.031   Accuracy 99.021 
INFO:name:Epoch 5 Step 399 Train Loss 0.029   Accuracy 99.055 
INFO:name:Epoch 5 Step 499 Train Loss 0.029   Accuracy 99.094 
INFO:name:Epoch 5 Step 599 Train Loss 0.029   Accuracy 99.083 
INFO:name:Epoch 5 Step 699 Train Loss 0.03   Accuracy 99.089 
INFO:name:Epoch 5 Step 799 Train Loss 0.03   Accuracy 99.109 
INFO:name:Epoch 5 Step 899 Train Loss 0.03   Accuracy 99.135 
INFO:name:Epoch 5 Step 999 Train Loss 0.029   Accuracy 99.125 
INFO:name:Epoch 5 Step 1099 Train Loss 0.029   Accuracy 99.148 
INFO:name:Epoch 5 Step 1199 Train Loss 0.029   Accuracy 99.148 
INFO:name:Epoch 5 Step 1299 Train Loss 0.029   Accuracy 99.151 
INFO:name:Epoch 5 Step 1399 Train Loss 0.028   Accuracy 99.17 
INFO:name:Epoch 5 Step 1499 Train Loss 0.028   Accuracy 99.177 
INFO:name:Epoch 5 Step 1599 Train Loss 0.028   Accuracy 99.17 
INFO:name:Epoch 5 Step 1699 Train Loss 0.027   Accuracy 99.167 
INFO:name:Epoch 5 Step 1799 Train Loss 0.027   Accuracy 99.186 
INFO:name:Epoch 5 Step 1899 Train Loss 0.027   Accuracy 99.201 
INFO:name:Epoch 5 Step 1999 Train Loss 0.027   Accuracy 99.191 
INFO:name:Epoch 5 Step 2099 Train Loss 0.027   Accuracy 99.193 
INFO:name:Epoch 5 Step 2199 Train Loss 0.028   Accuracy 99.183 
INFO:name:Epoch 5 Step 2299 Train Loss 0.028   Accuracy 99.174 
INFO:name:Epoch 5 Step 2399 Train Loss 0.028   Accuracy 99.18 
INFO:name:Epoch 5 Step 2499 Train Loss 0.028   Accuracy 99.174 
INFO:name:Epoch 5 Step 2599 Train Loss 0.028   Accuracy 99.174 
INFO:name:Epoch 5 Step 2699 Train Loss 0.027   Accuracy 99.181 
INFO:name:Epoch 5 Step 2799 Train Loss 0.027   Accuracy 99.18 
INFO:name:***** Running evaluation *****
INFO:name:  Num examples clone detection = 41541
INFO:name:  Batch size = 32 
INFO:name:  eval_loss = 0.1243
INFO:name:  eval_acc = 0.9745
INFO:name:  f1_score = 0.9072
INFO:name:  recall = 0.9498
INFO:name:  precision = 0.8683
INFO:name:Epoch 6 Step 99 Train Loss 0.037   Accuracy 98.875 
INFO:name:Epoch 6 Step 199 Train Loss 0.027   Accuracy 99.219 
INFO:name:Epoch 6 Step 299 Train Loss 0.023   Accuracy 99.281 
INFO:name:Epoch 6 Step 399 Train Loss 0.024   Accuracy 99.266 
INFO:name:Epoch 6 Step 499 Train Loss 0.022   Accuracy 99.312 
INFO:name:Epoch 6 Step 599 Train Loss 0.022   Accuracy 99.323 
INFO:name:Epoch 6 Step 699 Train Loss 0.023   Accuracy 99.295 
INFO:name:Epoch 6 Step 799 Train Loss 0.023   Accuracy 99.316 
INFO:name:Epoch 6 Step 899 Train Loss 0.023   Accuracy 99.316 
INFO:name:Epoch 6 Step 999 Train Loss 0.023   Accuracy 99.322 
INFO:name:Epoch 6 Step 1099 Train Loss 0.023   Accuracy 99.335 
INFO:name:Epoch 6 Step 1199 Train Loss 0.023   Accuracy 99.339 
INFO:name:Epoch 6 Step 1299 Train Loss 0.023   Accuracy 99.329 
INFO:name:Epoch 6 Step 1399 Train Loss 0.024   Accuracy 99.315 
INFO:name:Epoch 6 Step 1499 Train Loss 0.023   Accuracy 99.323 
INFO:name:Epoch 6 Step 1599 Train Loss 0.024   Accuracy 99.311 
INFO:name:Epoch 6 Step 1699 Train Loss 0.024   Accuracy 99.3 
INFO:name:Epoch 6 Step 1799 Train Loss 0.024   Accuracy 99.295 
INFO:name:Epoch 6 Step 1899 Train Loss 0.024   Accuracy 99.303 
INFO:name:Epoch 6 Step 1999 Train Loss 0.024   Accuracy 99.308 
INFO:name:Epoch 6 Step 2099 Train Loss 0.024   Accuracy 99.315 
INFO:name:Epoch 6 Step 2199 Train Loss 0.023   Accuracy 99.322 
INFO:name:Epoch 6 Step 2299 Train Loss 0.023   Accuracy 99.338 
INFO:name:Epoch 6 Step 2399 Train Loss 0.023   Accuracy 99.345 
INFO:name:Epoch 6 Step 2499 Train Loss 0.022   Accuracy 99.351 
INFO:name:Epoch 6 Step 2599 Train Loss 0.023   Accuracy 99.356 
INFO:name:Epoch 6 Step 2699 Train Loss 0.023   Accuracy 99.358 
INFO:name:Epoch 6 Step 2799 Train Loss 0.023   Accuracy 99.348 
INFO:name:***** Running evaluation *****
INFO:name:  Num examples clone detection = 41541
INFO:name:  Batch size = 32 
INFO:name:  eval_loss = 0.1045
INFO:name:  eval_acc = 0.9778
INFO:name:  f1_score = 0.9185
INFO:name:  recall = 0.9533
INFO:name:  precision = 0.8862
INFO:name:Epoch 7 Step 99 Train Loss 0.012   Accuracy 99.594 
INFO:name:Epoch 7 Step 199 Train Loss 0.017   Accuracy 99.469 
INFO:name:Epoch 7 Step 299 Train Loss 0.016   Accuracy 99.531 
INFO:name:Epoch 7 Step 399 Train Loss 0.017   Accuracy 99.508 
INFO:name:Epoch 7 Step 499 Train Loss 0.018   Accuracy 99.519 
INFO:name:Epoch 7 Step 599 Train Loss 0.018   Accuracy 99.51 
INFO:name:Epoch 7 Step 699 Train Loss 0.019   Accuracy 99.504 
INFO:name:Epoch 7 Step 799 Train Loss 0.019   Accuracy 99.496 
INFO:name:Epoch 7 Step 899 Train Loss 0.019   Accuracy 99.503 
INFO:name:Epoch 7 Step 999 Train Loss 0.019   Accuracy 99.5 
INFO:name:Epoch 7 Step 1099 Train Loss 0.02   Accuracy 99.466 
INFO:name:Epoch 7 Step 1199 Train Loss 0.02   Accuracy 99.464 
INFO:name:Epoch 7 Step 1299 Train Loss 0.019   Accuracy 99.474 
INFO:name:Epoch 7 Step 1399 Train Loss 0.019   Accuracy 99.491 
INFO:name:Epoch 7 Step 1499 Train Loss 0.019   Accuracy 99.49 
INFO:name:Epoch 7 Step 1599 Train Loss 0.018   Accuracy 99.502 
INFO:name:Epoch 7 Step 1699 Train Loss 0.018   Accuracy 99.507 
INFO:name:Epoch 7 Step 1799 Train Loss 0.018   Accuracy 99.51 
INFO:name:Epoch 7 Step 1899 Train Loss 0.018   Accuracy 99.5 
INFO:name:Epoch 7 Step 1999 Train Loss 0.018   Accuracy 99.503 
INFO:name:Epoch 7 Step 2099 Train Loss 0.018   Accuracy 99.507 
INFO:name:Epoch 7 Step 2199 Train Loss 0.018   Accuracy 99.497 
INFO:name:Epoch 7 Step 2299 Train Loss 0.018   Accuracy 99.496 
INFO:name:Epoch 7 Step 2399 Train Loss 0.018   Accuracy 99.493 
INFO:name:Epoch 7 Step 2499 Train Loss 0.018   Accuracy 99.482 
INFO:name:Epoch 7 Step 2599 Train Loss 0.018   Accuracy 99.489 
INFO:name:Epoch 7 Step 2699 Train Loss 0.018   Accuracy 99.486 
INFO:name:Epoch 7 Step 2799 Train Loss 0.018   Accuracy 99.485 
INFO:name:***** Running evaluation *****
INFO:name:  Num examples clone detection = 41541
INFO:name:  Batch size = 32 
INFO:name:  eval_loss = 0.1453
INFO:name:  eval_acc = 0.9751
INFO:name:  f1_score = 0.9091
INFO:name:  recall = 0.9498
INFO:name:  precision = 0.8718
INFO:name:
***** Test Results for clone detection 
INFO:name:
{'test_acc': 0.9795, 'test_f1_score': 0.9269, 'test_recall': 0.9441, 'test_precision': 0.9103}

INFO:name:train results : 
 {'train_loss': [0.244, 0.092, 0.063, 0.045, 0.034, 0.027, 0.023, 0.018], 'train_acc': [89.663, 97.114, 98.028, 98.615, 98.979, 99.182, 99.351, 99.486], 'eval_loss': [0.141, 0.1046, 0.1216, 0.0837, 0.1364, 0.1243, 0.1045, 0.1453], 'eval_acc': [0.9554, 0.9699, 0.9689, 0.9781, 0.9717, 0.9745, 0.9778, 0.9751], 'eval_f1': [0.8501, 0.8913, 0.8912, 0.9196, 0.9001, 0.9072, 0.9185, 0.9091], 'eval_precision': [0.7606, 0.8484, 0.8236, 0.889, 0.8401, 0.8683, 0.8862, 0.8718], 'eval_recall': [0.9633, 0.9388, 0.971, 0.9523, 0.9694, 0.9498, 0.9533, 0.9498]}

INFO:name:**********************************************************************************************************************************
INFO:name:[0, 0, {'insert_modules': ('intermediate', 'attention.output'), 'bottleneck_dim': (128, 64), 'non_linearity': 'gelu', 'dropout_rate': 0.2, 'normalization': 'layer_norm', 'skip_connection': True}, 0, 0, {'insert_modules': ('attention.output', 'output'), 'bottleneck_dim': (32, 256), 'non_linearity': 'gelu_new', 'dropout_rate': 0.1, 'normalization': 'layer_norm', 'skip_connection': True}, 0, {'insert_modules': ('intermediate', 'output', 'attention.output'), 'bottleneck_dim': (64, 128, 64), 'non_linearity': 'gelu', 'dropout_rate': 0.3, 'normalization': 'layer_norm', 'skip_connection': True}, 0, 0, 0, 0]
[INFO|(OpenDelta)basemodel:700]2025-01-05 12:58:03,449 >> Trainable Ratio: 2027424/126673056=1.600517%
[INFO|(OpenDelta)basemodel:702]2025-01-05 12:58:03,449 >> Delta Parameter Ratio: 2027424/126673056=1.600517%
[INFO|(OpenDelta)basemodel:704]2025-01-05 12:58:03,449 >> Static Memory 0.97 GB, Max Memory 14.11 GB
INFO:name:2.33
INFO:name:***** Running training *****
INFO:name:  Num examples = 90102
INFO:name:  Num Epochs = 15
INFO:name:  Total train batch size  = 32
INFO:name:  Total optimization steps = 42240
INFO:name:Epoch 0 Step 99 Train Loss 0.693   Accuracy 50.219 
INFO:name:Epoch 0 Step 199 Train Loss 0.691   Accuracy 50.938 
INFO:name:Epoch 0 Step 299 Train Loss 0.677   Accuracy 56.958 
INFO:name:Epoch 0 Step 399 Train Loss 0.639   Accuracy 62.805 
INFO:name:Epoch 0 Step 499 Train Loss 0.589   Accuracy 67.456 
INFO:name:Epoch 0 Step 599 Train Loss 0.544   Accuracy 71.016 
INFO:name:Epoch 0 Step 699 Train Loss 0.503   Accuracy 73.83 
INFO:name:Epoch 0 Step 799 Train Loss 0.469   Accuracy 76.102 
INFO:name:Epoch 0 Step 899 Train Loss 0.439   Accuracy 78.014 
INFO:name:Epoch 0 Step 999 Train Loss 0.414   Accuracy 79.609 
INFO:name:Epoch 0 Step 1099 Train Loss 0.391   Accuracy 80.963 
INFO:name:Epoch 0 Step 1199 Train Loss 0.372   Accuracy 82.091 
INFO:name:Epoch 0 Step 1299 Train Loss 0.355   Accuracy 83.084 
INFO:name:Epoch 0 Step 1399 Train Loss 0.34   Accuracy 83.969 
INFO:name:Epoch 0 Step 1499 Train Loss 0.326   Accuracy 84.79 
INFO:name:Epoch 0 Step 1599 Train Loss 0.315   Accuracy 85.432 
INFO:name:Epoch 0 Step 1699 Train Loss 0.303   Accuracy 86.057 
INFO:name:Epoch 0 Step 1799 Train Loss 0.294   Accuracy 86.59 
INFO:name:Epoch 0 Step 1899 Train Loss 0.285   Accuracy 87.084 
INFO:name:Epoch 0 Step 1999 Train Loss 0.277   Accuracy 87.553 
INFO:name:Epoch 0 Step 2099 Train Loss 0.27   Accuracy 87.945 
INFO:name:Epoch 0 Step 2199 Train Loss 0.263   Accuracy 88.31 
INFO:name:Epoch 0 Step 2299 Train Loss 0.257   Accuracy 88.651 
INFO:name:Epoch 0 Step 2399 Train Loss 0.251   Accuracy 88.957 
INFO:name:Epoch 0 Step 2499 Train Loss 0.245   Accuracy 89.289 
INFO:name:Epoch 0 Step 2599 Train Loss 0.239   Accuracy 89.587 
INFO:name:Epoch 0 Step 2699 Train Loss 0.234   Accuracy 89.848 
INFO:name:Epoch 0 Step 2799 Train Loss 0.23   Accuracy 90.107 
INFO:name:***** Running evaluation *****
INFO:name:  Num examples clone detection = 41541
INFO:name:  Batch size = 32 
INFO:name:  eval_loss = 0.1547
INFO:name:  eval_acc = 0.9581
INFO:name:  f1_score = 0.8585
INFO:name:  recall = 0.9687
INFO:name:  precision = 0.7709
INFO:name:
 ******************************
INFO:name:  Best F1 score :0.8585
INFO:name:  ******************************
INFO:name:
***** Test Results for clone detection 
INFO:name:
{'test_acc': 0.9656, 'test_f1_score': 0.8837, 'test_recall': 0.9528, 'test_precision': 0.8239}

INFO:name:Epoch 1 Step 99 Train Loss 0.081   Accuracy 97.5 
INFO:name:Epoch 1 Step 199 Train Loss 0.081   Accuracy 97.547 
INFO:name:Epoch 1 Step 299 Train Loss 0.089   Accuracy 97.354 
INFO:name:Epoch 1 Step 399 Train Loss 0.089   Accuracy 97.25 
INFO:name:Epoch 1 Step 499 Train Loss 0.089   Accuracy 97.238 
INFO:name:Epoch 1 Step 599 Train Loss 0.09   Accuracy 97.208 
INFO:name:Epoch 1 Step 699 Train Loss 0.091   Accuracy 97.138 
INFO:name:Epoch 1 Step 799 Train Loss 0.094   Accuracy 97.078 
INFO:name:Epoch 1 Step 899 Train Loss 0.093   Accuracy 97.118 
INFO:name:Epoch 1 Step 999 Train Loss 0.092   Accuracy 97.112 
INFO:name:Epoch 1 Step 1099 Train Loss 0.092   Accuracy 97.128 
INFO:name:Epoch 1 Step 1199 Train Loss 0.092   Accuracy 97.104 
INFO:name:Epoch 1 Step 1299 Train Loss 0.093   Accuracy 97.089 
INFO:name:Epoch 1 Step 1399 Train Loss 0.093   Accuracy 97.114 
INFO:name:Epoch 1 Step 1499 Train Loss 0.093   Accuracy 97.112 
INFO:name:Epoch 1 Step 1599 Train Loss 0.092   Accuracy 97.15 
INFO:name:Epoch 1 Step 1699 Train Loss 0.092   Accuracy 97.164 
INFO:name:Epoch 1 Step 1799 Train Loss 0.091   Accuracy 97.186 
INFO:name:Epoch 1 Step 1899 Train Loss 0.091   Accuracy 97.188 
INFO:name:Epoch 1 Step 1999 Train Loss 0.091   Accuracy 97.202 
INFO:name:Epoch 1 Step 2099 Train Loss 0.091   Accuracy 97.19 
INFO:name:Epoch 1 Step 2199 Train Loss 0.089   Accuracy 97.22 
INFO:name:Epoch 1 Step 2299 Train Loss 0.088   Accuracy 97.247 
INFO:name:Epoch 1 Step 2399 Train Loss 0.088   Accuracy 97.271 
INFO:name:Epoch 1 Step 2499 Train Loss 0.088   Accuracy 97.285 
INFO:name:Epoch 1 Step 2599 Train Loss 0.087   Accuracy 97.315 
INFO:name:Epoch 1 Step 2699 Train Loss 0.086   Accuracy 97.338 
INFO:name:Epoch 1 Step 2799 Train Loss 0.086   Accuracy 97.346 
INFO:name:***** Running evaluation *****
INFO:name:  Num examples clone detection = 41541
INFO:name:  Batch size = 32 
INFO:name:  eval_loss = 0.2015
INFO:name:  eval_acc = 0.9483
INFO:name:  f1_score = 0.8304
INFO:name:  recall = 0.9632
INFO:name:  precision = 0.7298
INFO:name:Epoch 2 Step 99 Train Loss 0.066   Accuracy 98.125 
INFO:name:Epoch 2 Step 199 Train Loss 0.057   Accuracy 98.359 
INFO:name:Epoch 2 Step 299 Train Loss 0.054   Accuracy 98.323 
INFO:name:Epoch 2 Step 399 Train Loss 0.056   Accuracy 98.312 
INFO:name:Epoch 2 Step 499 Train Loss 0.058   Accuracy 98.262 
INFO:name:Epoch 2 Step 599 Train Loss 0.059   Accuracy 98.208 
INFO:name:Epoch 2 Step 699 Train Loss 0.06   Accuracy 98.161 
INFO:name:Epoch 2 Step 799 Train Loss 0.06   Accuracy 98.176 
INFO:name:Epoch 2 Step 899 Train Loss 0.059   Accuracy 98.194 
INFO:name:Epoch 2 Step 999 Train Loss 0.06   Accuracy 98.2 
INFO:name:Epoch 2 Step 1099 Train Loss 0.06   Accuracy 98.179 
INFO:name:Epoch 2 Step 1199 Train Loss 0.06   Accuracy 98.201 
INFO:name:Epoch 2 Step 1299 Train Loss 0.059   Accuracy 98.219 
INFO:name:Epoch 2 Step 1399 Train Loss 0.058   Accuracy 98.232 
INFO:name:Epoch 2 Step 1499 Train Loss 0.058   Accuracy 98.246 
INFO:name:Epoch 2 Step 1599 Train Loss 0.058   Accuracy 98.234 
INFO:name:Epoch 2 Step 1699 Train Loss 0.058   Accuracy 98.221 
INFO:name:Epoch 2 Step 1799 Train Loss 0.059   Accuracy 98.208 
INFO:name:Epoch 2 Step 1899 Train Loss 0.059   Accuracy 98.194 
INFO:name:Epoch 2 Step 1999 Train Loss 0.059   Accuracy 98.209 
INFO:name:Epoch 2 Step 2099 Train Loss 0.059   Accuracy 98.205 
INFO:name:Epoch 2 Step 2199 Train Loss 0.058   Accuracy 98.217 
INFO:name:Epoch 2 Step 2299 Train Loss 0.058   Accuracy 98.226 
INFO:name:Epoch 2 Step 2399 Train Loss 0.058   Accuracy 98.221 
INFO:name:Epoch 2 Step 2499 Train Loss 0.058   Accuracy 98.209 
INFO:name:Epoch 2 Step 2599 Train Loss 0.058   Accuracy 98.204 
INFO:name:Epoch 2 Step 2699 Train Loss 0.058   Accuracy 98.218 
INFO:name:Epoch 2 Step 2799 Train Loss 0.057   Accuracy 98.229 
INFO:name:***** Running evaluation *****
INFO:name:  Num examples clone detection = 41541
INFO:name:  Batch size = 32 
INFO:name:  eval_loss = 0.1016
INFO:name:  eval_acc = 0.9767
INFO:name:  f1_score = 0.9157
INFO:name:  recall = 0.9621
INFO:name:  precision = 0.8737
INFO:name:
 ******************************
INFO:name:  Best F1 score :0.9157
INFO:name:  ******************************
INFO:name:
***** Test Results for clone detection 
INFO:name:
{'test_acc': 0.9779, 'test_f1_score': 0.9218, 'test_recall': 0.949, 'test_precision': 0.8962}

INFO:name:Epoch 3 Step 99 Train Loss 0.046   Accuracy 98.719 
INFO:name:Epoch 3 Step 199 Train Loss 0.043   Accuracy 98.656 
INFO:name:Epoch 3 Step 299 Train Loss 0.04   Accuracy 98.729 
INFO:name:Epoch 3 Step 399 Train Loss 0.043   Accuracy 98.617 
INFO:name:Epoch 3 Step 499 Train Loss 0.042   Accuracy 98.65 
INFO:name:Epoch 3 Step 599 Train Loss 0.04   Accuracy 98.714 
INFO:name:Epoch 3 Step 699 Train Loss 0.042   Accuracy 98.71 
INFO:name:Epoch 3 Step 799 Train Loss 0.042   Accuracy 98.672 
INFO:name:Epoch 3 Step 899 Train Loss 0.042   Accuracy 98.674 
INFO:name:Epoch 3 Step 999 Train Loss 0.042   Accuracy 98.684 
INFO:name:Epoch 3 Step 1099 Train Loss 0.042   Accuracy 98.668 
INFO:name:Epoch 3 Step 1199 Train Loss 0.041   Accuracy 98.695 
INFO:name:Epoch 3 Step 1299 Train Loss 0.042   Accuracy 98.69 
INFO:name:Epoch 3 Step 1399 Train Loss 0.042   Accuracy 98.679 
INFO:name:Epoch 3 Step 1499 Train Loss 0.042   Accuracy 98.679 
INFO:name:Epoch 3 Step 1599 Train Loss 0.042   Accuracy 98.664 
INFO:name:Epoch 3 Step 1699 Train Loss 0.042   Accuracy 98.667 
INFO:name:Epoch 3 Step 1799 Train Loss 0.042   Accuracy 98.677 
INFO:name:Epoch 3 Step 1899 Train Loss 0.042   Accuracy 98.671 
INFO:name:Epoch 3 Step 1999 Train Loss 0.042   Accuracy 98.683 
INFO:name:Epoch 3 Step 2099 Train Loss 0.041   Accuracy 98.702 
INFO:name:Epoch 3 Step 2199 Train Loss 0.041   Accuracy 98.69 
INFO:name:Epoch 3 Step 2299 Train Loss 0.041   Accuracy 98.69 
INFO:name:Epoch 3 Step 2399 Train Loss 0.041   Accuracy 98.712 
INFO:name:Epoch 3 Step 2499 Train Loss 0.041   Accuracy 98.722 
INFO:name:Epoch 3 Step 2599 Train Loss 0.041   Accuracy 98.722 
INFO:name:Epoch 3 Step 2699 Train Loss 0.041   Accuracy 98.729 
INFO:name:Epoch 3 Step 2799 Train Loss 0.041   Accuracy 98.735 
INFO:name:***** Running evaluation *****
INFO:name:  Num examples clone detection = 41541
INFO:name:  Batch size = 32 
INFO:name:  eval_loss = 0.111
INFO:name:  eval_acc = 0.9759
INFO:name:  f1_score = 0.9114
INFO:name:  recall = 0.9443
INFO:name:  precision = 0.8807
INFO:name:Epoch 4 Step 99 Train Loss 0.024   Accuracy 99.312 
INFO:name:Epoch 4 Step 199 Train Loss 0.027   Accuracy 99.125 
INFO:name:Epoch 4 Step 299 Train Loss 0.029   Accuracy 99.094 
INFO:name:Epoch 4 Step 399 Train Loss 0.03   Accuracy 99.086 
INFO:name:Epoch 4 Step 499 Train Loss 0.031   Accuracy 99.025 
INFO:name:Epoch 4 Step 599 Train Loss 0.032   Accuracy 99.005 
INFO:name:Epoch 4 Step 699 Train Loss 0.033   Accuracy 98.996 
INFO:name:Epoch 4 Step 799 Train Loss 0.033   Accuracy 98.984 
INFO:name:Epoch 4 Step 899 Train Loss 0.035   Accuracy 98.962 
INFO:name:Epoch 4 Step 999 Train Loss 0.035   Accuracy 98.969 
INFO:name:Epoch 4 Step 1099 Train Loss 0.035   Accuracy 98.957 
INFO:name:Epoch 4 Step 1199 Train Loss 0.034   Accuracy 98.977 
INFO:name:Epoch 4 Step 1299 Train Loss 0.033   Accuracy 99.007 
INFO:name:Epoch 4 Step 1399 Train Loss 0.034   Accuracy 98.998 
INFO:name:Epoch 4 Step 1499 Train Loss 0.033   Accuracy 99.004 
INFO:name:Epoch 4 Step 1599 Train Loss 0.033   Accuracy 99.01 
INFO:name:Epoch 4 Step 1699 Train Loss 0.034   Accuracy 98.998 
INFO:name:Epoch 4 Step 1799 Train Loss 0.033   Accuracy 99.017 
INFO:name:Epoch 4 Step 1899 Train Loss 0.033   Accuracy 99.031 
INFO:name:Epoch 4 Step 1999 Train Loss 0.033   Accuracy 99.03 
INFO:name:Epoch 4 Step 2099 Train Loss 0.032   Accuracy 99.039 
INFO:name:Epoch 4 Step 2199 Train Loss 0.032   Accuracy 99.044 
INFO:name:Epoch 4 Step 2299 Train Loss 0.032   Accuracy 99.037 
INFO:name:Epoch 4 Step 2399 Train Loss 0.032   Accuracy 99.038 
INFO:name:Epoch 4 Step 2499 Train Loss 0.032   Accuracy 99.032 
INFO:name:Epoch 4 Step 2599 Train Loss 0.032   Accuracy 99.05 
INFO:name:Epoch 4 Step 2699 Train Loss 0.032   Accuracy 99.056 
INFO:name:Epoch 4 Step 2799 Train Loss 0.032   Accuracy 99.065 
INFO:name:***** Running evaluation *****
INFO:name:  Num examples clone detection = 41541
INFO:name:  Batch size = 32 
INFO:name:  eval_loss = 0.1253
INFO:name:  eval_acc = 0.9759
INFO:name:  f1_score = 0.9119
INFO:name:  recall = 0.949
INFO:name:  precision = 0.8776
INFO:name:Epoch 5 Step 99 Train Loss 0.026   Accuracy 99.156 
INFO:name:Epoch 5 Step 199 Train Loss 0.026   Accuracy 99.281 
INFO:name:Epoch 5 Step 299 Train Loss 0.024   Accuracy 99.323 
INFO:name:Epoch 5 Step 399 Train Loss 0.024   Accuracy 99.328 
INFO:name:Epoch 5 Step 499 Train Loss 0.023   Accuracy 99.369 
INFO:name:Epoch 5 Step 599 Train Loss 0.024   Accuracy 99.354 
INFO:name:Epoch 5 Step 699 Train Loss 0.024   Accuracy 99.339 
INFO:name:Epoch 5 Step 799 Train Loss 0.024   Accuracy 99.328 
INFO:name:Epoch 5 Step 899 Train Loss 0.024   Accuracy 99.309 
INFO:name:Epoch 5 Step 999 Train Loss 0.024   Accuracy 99.312 
INFO:name:Epoch 5 Step 1099 Train Loss 0.024   Accuracy 99.31 
INFO:name:Epoch 5 Step 1199 Train Loss 0.024   Accuracy 99.299 
INFO:name:Epoch 5 Step 1299 Train Loss 0.025   Accuracy 99.279 
INFO:name:Epoch 5 Step 1399 Train Loss 0.025   Accuracy 99.277 
INFO:name:Epoch 5 Step 1499 Train Loss 0.025   Accuracy 99.281 
INFO:name:Epoch 5 Step 1599 Train Loss 0.025   Accuracy 99.297 
INFO:name:Epoch 5 Step 1699 Train Loss 0.025   Accuracy 99.298 
INFO:name:Epoch 5 Step 1799 Train Loss 0.025   Accuracy 99.307 
INFO:name:Epoch 5 Step 1899 Train Loss 0.025   Accuracy 99.304 
INFO:name:Epoch 5 Step 1999 Train Loss 0.024   Accuracy 99.312 
INFO:name:Epoch 5 Step 2099 Train Loss 0.025   Accuracy 99.31 
INFO:name:Epoch 5 Step 2199 Train Loss 0.025   Accuracy 99.312 
INFO:name:Epoch 5 Step 2299 Train Loss 0.024   Accuracy 99.321 
INFO:name:Epoch 5 Step 2399 Train Loss 0.024   Accuracy 99.323 
INFO:name:Epoch 5 Step 2499 Train Loss 0.024   Accuracy 99.335 
INFO:name:Epoch 5 Step 2599 Train Loss 0.024   Accuracy 99.325 
INFO:name:Epoch 5 Step 2699 Train Loss 0.024   Accuracy 99.323 
INFO:name:Epoch 5 Step 2799 Train Loss 0.025   Accuracy 99.314 
INFO:name:***** Running evaluation *****
INFO:name:  Num examples clone detection = 41541
INFO:name:  Batch size = 32 
INFO:name:  eval_loss = 0.1079
INFO:name:  eval_acc = 0.9773
INFO:name:  f1_score = 0.9151
INFO:name:  recall = 0.9333
INFO:name:  precision = 0.8976
INFO:name:Epoch 6 Step 99 Train Loss 0.021   Accuracy 99.375 
INFO:name:Epoch 6 Step 199 Train Loss 0.022   Accuracy 99.359 
INFO:name:Epoch 6 Step 299 Train Loss 0.019   Accuracy 99.469 
INFO:name:Epoch 6 Step 399 Train Loss 0.02   Accuracy 99.438 
INFO:name:Epoch 6 Step 499 Train Loss 0.02   Accuracy 99.419 
INFO:name:Epoch 6 Step 599 Train Loss 0.023   Accuracy 99.354 
INFO:name:Epoch 6 Step 699 Train Loss 0.022   Accuracy 99.371 
INFO:name:Epoch 6 Step 799 Train Loss 0.022   Accuracy 99.348 
INFO:name:Epoch 6 Step 899 Train Loss 0.022   Accuracy 99.361 
INFO:name:Epoch 6 Step 999 Train Loss 0.021   Accuracy 99.375 
INFO:name:Epoch 6 Step 1099 Train Loss 0.022   Accuracy 99.361 
INFO:name:Epoch 6 Step 1199 Train Loss 0.021   Accuracy 99.388 
INFO:name:Epoch 6 Step 1299 Train Loss 0.021   Accuracy 99.394 
INFO:name:Epoch 6 Step 1399 Train Loss 0.021   Accuracy 99.4 
INFO:name:Epoch 6 Step 1499 Train Loss 0.02   Accuracy 99.404 
INFO:name:Epoch 6 Step 1599 Train Loss 0.02   Accuracy 99.414 
INFO:name:Epoch 6 Step 1699 Train Loss 0.02   Accuracy 99.412 
INFO:name:Epoch 6 Step 1799 Train Loss 0.02   Accuracy 99.424 
INFO:name:Epoch 6 Step 1899 Train Loss 0.02   Accuracy 99.421 
INFO:name:Epoch 6 Step 1999 Train Loss 0.02   Accuracy 99.412 
INFO:name:Epoch 6 Step 2099 Train Loss 0.02   Accuracy 99.412 
INFO:name:Epoch 6 Step 2199 Train Loss 0.02   Accuracy 99.408 
INFO:name:Epoch 6 Step 2299 Train Loss 0.02   Accuracy 99.41 
INFO:name:Epoch 6 Step 2399 Train Loss 0.02   Accuracy 99.404 
INFO:name:Epoch 6 Step 2499 Train Loss 0.021   Accuracy 99.401 
INFO:name:Epoch 6 Step 2599 Train Loss 0.021   Accuracy 99.403 
INFO:name:Epoch 6 Step 2699 Train Loss 0.021   Accuracy 99.403 
INFO:name:Epoch 6 Step 2799 Train Loss 0.021   Accuracy 99.398 
INFO:name:***** Running evaluation *****
INFO:name:  Num examples clone detection = 41541
INFO:name:  Batch size = 32 
INFO:name:  eval_loss = 0.1192
INFO:name:  eval_acc = 0.9799
INFO:name:  f1_score = 0.9234
INFO:name:  recall = 0.9225
INFO:name:  precision = 0.9243
INFO:name:
 ******************************
INFO:name:  Best F1 score :0.9234
INFO:name:  ******************************
INFO:name:
***** Test Results for clone detection 
INFO:name:
{'test_acc': 0.9823, 'test_f1_score': 0.9353, 'test_recall': 0.9292, 'test_precision': 0.9414}

INFO:name:Epoch 7 Step 99 Train Loss 0.02   Accuracy 99.562 
INFO:name:Epoch 7 Step 199 Train Loss 0.018   Accuracy 99.531 
INFO:name:Epoch 7 Step 299 Train Loss 0.018   Accuracy 99.542 
INFO:name:Epoch 7 Step 399 Train Loss 0.018   Accuracy 99.531 
INFO:name:Epoch 7 Step 499 Train Loss 0.016   Accuracy 99.556 
INFO:name:Epoch 7 Step 599 Train Loss 0.016   Accuracy 99.589 
INFO:name:Epoch 7 Step 699 Train Loss 0.015   Accuracy 99.594 
INFO:name:Epoch 7 Step 799 Train Loss 0.016   Accuracy 99.562 
INFO:name:Epoch 7 Step 899 Train Loss 0.016   Accuracy 99.566 
INFO:name:Epoch 7 Step 999 Train Loss 0.016   Accuracy 99.562 
INFO:name:Epoch 7 Step 1099 Train Loss 0.016   Accuracy 99.568 
INFO:name:Epoch 7 Step 1199 Train Loss 0.016   Accuracy 99.562 
INFO:name:Epoch 7 Step 1299 Train Loss 0.017   Accuracy 99.541 
INFO:name:Epoch 7 Step 1399 Train Loss 0.016   Accuracy 99.558 
INFO:name:Epoch 7 Step 1499 Train Loss 0.016   Accuracy 99.565 
INFO:name:Epoch 7 Step 1599 Train Loss 0.016   Accuracy 99.562 
INFO:name:Epoch 7 Step 1699 Train Loss 0.016   Accuracy 99.564 
INFO:name:Epoch 7 Step 1799 Train Loss 0.016   Accuracy 99.552 
INFO:name:Epoch 7 Step 1899 Train Loss 0.016   Accuracy 99.558 
INFO:name:Epoch 7 Step 1999 Train Loss 0.016   Accuracy 99.567 
INFO:name:Epoch 7 Step 2099 Train Loss 0.016   Accuracy 99.565 
INFO:name:Epoch 7 Step 2199 Train Loss 0.016   Accuracy 99.572 
INFO:name:Epoch 7 Step 2299 Train Loss 0.016   Accuracy 99.564 
INFO:name:Epoch 7 Step 2399 Train Loss 0.016   Accuracy 99.568 
INFO:name:Epoch 7 Step 2499 Train Loss 0.016   Accuracy 99.569 
INFO:name:Epoch 7 Step 2599 Train Loss 0.016   Accuracy 99.567 
INFO:name:Epoch 7 Step 2699 Train Loss 0.016   Accuracy 99.569 
INFO:name:Epoch 7 Step 2799 Train Loss 0.016   Accuracy 99.571 
INFO:name:***** Running evaluation *****
INFO:name:  Num examples clone detection = 41541
INFO:name:  Batch size = 32 
INFO:name:  eval_loss = 0.1338
INFO:name:  eval_acc = 0.976
INFO:name:  f1_score = 0.91
INFO:name:  recall = 0.9243
INFO:name:  precision = 0.8962
INFO:name:Epoch 8 Step 99 Train Loss 0.011   Accuracy 99.562 
INFO:name:Epoch 8 Step 199 Train Loss 0.011   Accuracy 99.594 
INFO:name:Epoch 8 Step 299 Train Loss 0.012   Accuracy 99.615 
INFO:name:Epoch 8 Step 399 Train Loss 0.014   Accuracy 99.578 
INFO:name:Epoch 8 Step 499 Train Loss 0.014   Accuracy 99.575 
INFO:name:Epoch 8 Step 599 Train Loss 0.014   Accuracy 99.578 
INFO:name:Epoch 8 Step 699 Train Loss 0.014   Accuracy 99.571 
INFO:name:Epoch 8 Step 799 Train Loss 0.013   Accuracy 99.605 
INFO:name:Epoch 8 Step 899 Train Loss 0.013   Accuracy 99.601 
INFO:name:Epoch 8 Step 999 Train Loss 0.014   Accuracy 99.584 
INFO:name:Epoch 8 Step 1099 Train Loss 0.014   Accuracy 99.585 
INFO:name:Epoch 8 Step 1199 Train Loss 0.013   Accuracy 99.599 
INFO:name:Epoch 8 Step 1299 Train Loss 0.014   Accuracy 99.594 
INFO:name:Epoch 8 Step 1399 Train Loss 0.014   Accuracy 99.598 
INFO:name:Epoch 8 Step 1499 Train Loss 0.014   Accuracy 99.602 
INFO:name:Epoch 8 Step 1599 Train Loss 0.014   Accuracy 99.594 
INFO:name:Epoch 8 Step 1699 Train Loss 0.013   Accuracy 99.607 
INFO:name:Epoch 8 Step 1799 Train Loss 0.014   Accuracy 99.597 
INFO:name:Epoch 8 Step 1899 Train Loss 0.014   Accuracy 99.604 
INFO:name:Epoch 8 Step 1999 Train Loss 0.014   Accuracy 99.608 
INFO:name:Epoch 8 Step 2099 Train Loss 0.013   Accuracy 99.618 
INFO:name:Epoch 8 Step 2199 Train Loss 0.014   Accuracy 99.615 
INFO:name:Epoch 8 Step 2299 Train Loss 0.013   Accuracy 99.621 
INFO:name:Epoch 8 Step 2399 Train Loss 0.013   Accuracy 99.621 
INFO:name:Epoch 8 Step 2499 Train Loss 0.013   Accuracy 99.626 
INFO:name:Epoch 8 Step 2599 Train Loss 0.013   Accuracy 99.632 
INFO:name:Epoch 8 Step 2699 Train Loss 0.013   Accuracy 99.635 
INFO:name:Epoch 8 Step 2799 Train Loss 0.013   Accuracy 99.646 
INFO:name:***** Running evaluation *****
INFO:name:  Num examples clone detection = 41541
INFO:name:  Batch size = 32 
INFO:name:  eval_loss = 0.1539
INFO:name:  eval_acc = 0.9785
INFO:name:  f1_score = 0.9198
INFO:name:  recall = 0.941
INFO:name:  precision = 0.8996
INFO:name:Epoch 9 Step 99 Train Loss 0.007   Accuracy 99.812 
INFO:name:Epoch 9 Step 199 Train Loss 0.008   Accuracy 99.797 
INFO:name:Epoch 9 Step 299 Train Loss 0.01   Accuracy 99.74 
INFO:name:Epoch 9 Step 399 Train Loss 0.008   Accuracy 99.781 
INFO:name:Epoch 9 Step 499 Train Loss 0.01   Accuracy 99.75 
INFO:name:Epoch 9 Step 599 Train Loss 0.009   Accuracy 99.781 
INFO:name:Epoch 9 Step 699 Train Loss 0.008   Accuracy 99.799 
INFO:name:Epoch 9 Step 799 Train Loss 0.008   Accuracy 99.785 
INFO:name:Epoch 9 Step 899 Train Loss 0.009   Accuracy 99.771 
INFO:name:Epoch 9 Step 999 Train Loss 0.009   Accuracy 99.772 
INFO:name:Epoch 9 Step 1099 Train Loss 0.009   Accuracy 99.759 
INFO:name:Epoch 9 Step 1199 Train Loss 0.009   Accuracy 99.753 
INFO:name:Epoch 9 Step 1299 Train Loss 0.009   Accuracy 99.762 
INFO:name:Epoch 9 Step 1399 Train Loss 0.009   Accuracy 99.763 
INFO:name:Epoch 9 Step 1499 Train Loss 0.009   Accuracy 99.765 
INFO:name:Epoch 9 Step 1599 Train Loss 0.009   Accuracy 99.754 
INFO:name:Epoch 9 Step 1699 Train Loss 0.009   Accuracy 99.752 
INFO:name:Epoch 9 Step 1799 Train Loss 0.01   Accuracy 99.74 
INFO:name:Epoch 9 Step 1899 Train Loss 0.009   Accuracy 99.742 
INFO:name:Epoch 9 Step 1999 Train Loss 0.009   Accuracy 99.747 
INFO:name:Epoch 9 Step 2099 Train Loss 0.009   Accuracy 99.751 
INFO:name:Epoch 9 Step 2199 Train Loss 0.01   Accuracy 99.746 
INFO:name:Epoch 9 Step 2299 Train Loss 0.009   Accuracy 99.746 
INFO:name:Epoch 9 Step 2399 Train Loss 0.009   Accuracy 99.753 
INFO:name:Epoch 9 Step 2499 Train Loss 0.009   Accuracy 99.748 
INFO:name:Epoch 9 Step 2599 Train Loss 0.01   Accuracy 99.744 
INFO:name:Epoch 9 Step 2699 Train Loss 0.009   Accuracy 99.752 
INFO:name:Epoch 9 Step 2799 Train Loss 0.009   Accuracy 99.753 
INFO:name:***** Running evaluation *****
INFO:name:  Num examples clone detection = 41541
INFO:name:  Batch size = 32 
INFO:name:  eval_loss = 0.1601
INFO:name:  eval_acc = 0.9764
INFO:name:  f1_score = 0.9138
INFO:name:  recall = 0.9507
INFO:name:  precision = 0.8796
INFO:name:
***** Test Results for clone detection 
INFO:name:
{'test_acc': 0.9796, 'test_f1_score': 0.9271, 'test_recall': 0.946, 'test_precision': 0.9089}

INFO:name:train results : 
 {'train_loss': [0.229, 0.086, 0.057, 0.041, 0.031, 0.025, 0.021, 0.016, 0.012, 0.009], 'train_acc': [90.146, 97.349, 98.234, 98.736, 99.069, 99.314, 99.399, 99.572, 99.648, 99.754], 'eval_loss': [0.1547, 0.2015, 0.1016, 0.111, 0.1253, 0.1079, 0.1192, 0.1338, 0.1539, 0.1601], 'eval_acc': [0.9581, 0.9483, 0.9767, 0.9759, 0.9759, 0.9773, 0.9799, 0.976, 0.9785, 0.9764], 'eval_f1': [0.8585, 0.8304, 0.9157, 0.9114, 0.9119, 0.9151, 0.9234, 0.91, 0.9198, 0.9138], 'eval_precision': [0.7709, 0.7298, 0.8737, 0.8807, 0.8776, 0.8976, 0.9243, 0.8962, 0.8996, 0.8796], 'eval_recall': [0.9687, 0.9632, 0.9621, 0.9443, 0.949, 0.9333, 0.9225, 0.9243, 0.941, 0.9507]}

INFO:name:**********************************************************************************************************************************
