/home/aakli/miniconda3/envs/adapter/lib/python3.10/site-packages/transformers/utils/generic.py:260: UserWarning: torch.utils._pytree._register_pytree_node is deprecated. Please use torch.utils._pytree.register_pytree_node instead.
  torch.utils._pytree._register_pytree_node(
INFO:name:device: cuda:0, n_gpu: 1
DEBUG:urllib3.connectionpool:Starting new HTTPS connection (1): huggingface.co:443
DEBUG:urllib3.connectionpool:https://huggingface.co:443 "HEAD /Salesforce/codet5p-220m/resolve/main/config.json HTTP/1.1" 200 0
DEBUG:urllib3.connectionpool:https://huggingface.co:443 "HEAD /Salesforce/codet5p-220m/resolve/main/tokenizer_config.json HTTP/1.1" 200 0
INFO:name:Preparing the Dataset...

INFO:name:Preparing the Dataset...

INFO:name:Preparing the Dataset...

root
├── shared (Embedding) weight:[32100, 768]
├── encoder (T5Stack)
│   ├── embed_tokens (Embedding) weight:[32100, 768]
│   ├── block (ModuleList)
│   │   ├── 0 (T5Block)
│   │   │   └── layer (ModuleList)
│   │   │       ├── 0 (T5LayerSelfAttention)
│   │   │       │   ├── SelfAttention (T5Attention)
│   │   │       │   │   ├── q,v(Linear) weight:[768, 768]
│   │   │       │   │   │   └── lora (LowRankLinear) lora_A:[8, 768] lora_B:[768, 8]
│   │   │       │   │   ├── k,o(Linear) weight:[768, 768]
│   │   │       │   │   └── relative_attention_bias (Embedding) weight:[32, 12]
│   │   │       │   └── layer_norm (T5LayerNorm) weight:[768]
│   │   │       └── 1 (T5LayerFF)
│   │   │           ├── DenseReluDense (T5DenseActDense)
│   │   │           │   ├── wi (Linear) weight:[3072, 768]
│   │   │           │   └── wo (Linear) weight:[768, 3072]
│   │   │           └── layer_norm (T5LayerNorm) weight:[768]
│   │   └── 1-11(T5Block)
│   │       └── layer (ModuleList)
│   │           ├── 0 (T5LayerSelfAttention)
│   │           │   ├── SelfAttention (T5Attention)
│   │           │   │   ├── q,v(Linear) weight:[768, 768]
│   │           │   │   │   └── lora (LowRankLinear) lora_A:[8, 768] lora_B:[768, 8]
│   │           │   │   └── k,o(Linear) weight:[768, 768]
│   │           │   └── layer_norm (T5LayerNorm) weight:[768]
│   │           └── 1 (T5LayerFF)
│   │               ├── DenseReluDense (T5DenseActDense)
│   │               │   ├── wi (Linear) weight:[3072, 768]
│   │               │   └── wo (Linear) weight:[768, 3072]
│   │               └── layer_norm (T5LayerNorm) weight:[768]
│   └── final_layer_norm (T5LayerNorm) weight:[768]
└── decoder (T5Stack)
    ├── embed_tokens (Embedding) weight:[32100, 768]
    ├── block (ModuleList)
    │   ├── 0 (T5Block)
    │   │   └── layer (ModuleList)
    │   │       ├── 0 (T5LayerSelfAttention)
    │   │       │   ├── SelfAttention (T5Attention)
    │   │       │   │   ├── q,v(Linear) weight:[768, 768]
    │   │       │   │   │   └── lora (LowRankLinear) lora_A:[8, 768] lora_B:[768, 8]
    │   │       │   │   ├── k,o(Linear) weight:[768, 768]
    │   │       │   │   └── relative_attention_bias (Embedding) weight:[32, 12]
    │   │       │   └── layer_norm (T5LayerNorm) weight:[768]
    │   │       ├── 1 (T5LayerCrossAttention)
    │   │       │   ├── EncDecAttention (T5Attention)
    │   │       │   │   └── q,k,v,o(Linear) weight:[768, 768]
    │   │       │   └── layer_norm (T5LayerNorm) weight:[768]
    │   │       └── 2 (T5LayerFF)
    │   │           ├── DenseReluDense (T5DenseActDense)
    │   │           │   ├── wi (Linear) weight:[3072, 768]
    │   │           │   └── wo (Linear) weight:[768, 3072]
    │   │           └── layer_norm (T5LayerNorm) weight:[768]
    │   └── 1-11(T5Block)
    │       └── layer (ModuleList)
    │           ├── 0 (T5LayerSelfAttention)
    │           │   ├── SelfAttention (T5Attention)
    │           │   │   ├── q,v(Linear) weight:[768, 768]
    │           │   │   │   └── lora (LowRankLinear) lora_A:[8, 768] lora_B:[768, 8]
    │           │   │   └── k,o(Linear) weight:[768, 768]
    │           │   └── layer_norm (T5LayerNorm) weight:[768]
    │           ├── 1 (T5LayerCrossAttention)
    │           │   ├── EncDecAttention (T5Attention)
    │           │   │   └── q,k,v,o(Linear) weight:[768, 768]
    │           │   └── layer_norm (T5LayerNorm) weight:[768]
    │           └── 2 (T5LayerFF)
    │               ├── DenseReluDense (T5DenseActDense)
    │               │   ├── wi (Linear) weight:[3072, 768]
    │               │   └── wo (Linear) weight:[768, 3072]
    │               └── layer_norm (T5LayerNorm) weight:[768]
    └── final_layer_norm (T5LayerNorm) weight:[768]
[INFO|(OpenDelta)basemodel:700]2025-01-17 23:00:30,066 >> Trainable Ratio: 589824/223471872=0.263937%
[INFO|(OpenDelta)basemodel:702]2025-01-17 23:00:30,067 >> Delta Parameter Ratio: 589824/223471872=0.263937%
[INFO|(OpenDelta)basemodel:704]2025-01-17 23:00:30,067 >> Static Memory 0.00 GB, Max Memory 0.00 GB
INFO:name:***** Running training *****
INFO:name:  Num examples = 90102
INFO:name:  Num Epochs = 15
INFO:name:  Total train batch size  = 32
INFO:name:  Total optimization steps = 42240
INFO:name:Epoch 0 Step 99 Train Loss 0.694   Accuracy 49.969 
INFO:name:Epoch 0 Step 199 Train Loss 0.694   Accuracy 49.891 
INFO:name:Epoch 0 Step 299 Train Loss 0.693   Accuracy 50.521 
INFO:name:Epoch 0 Step 399 Train Loss 0.692   Accuracy 51.273 
INFO:name:Epoch 0 Step 499 Train Loss 0.692   Accuracy 53.081 
INFO:name:Epoch 0 Step 599 Train Loss 0.69   Accuracy 54.359 
INFO:name:Epoch 0 Step 699 Train Loss 0.688   Accuracy 55.781 
INFO:name:Epoch 0 Step 799 Train Loss 0.685   Accuracy 57.449 
INFO:name:Epoch 0 Step 899 Train Loss 0.678   Accuracy 59.104 
INFO:name:Epoch 0 Step 999 Train Loss 0.668   Accuracy 60.556 
INFO:name:Epoch 0 Step 1099 Train Loss 0.657   Accuracy 61.798 
INFO:name:Epoch 0 Step 1199 Train Loss 0.646   Accuracy 62.945 
INFO:name:Epoch 0 Step 1299 Train Loss 0.635   Accuracy 64.017 
INFO:name:Epoch 0 Step 1399 Train Loss 0.624   Accuracy 65.06 
INFO:name:Epoch 0 Step 1499 Train Loss 0.612   Accuracy 66.069 
INFO:name:Epoch 0 Step 1599 Train Loss 0.601   Accuracy 67.041 
INFO:name:Epoch 0 Step 1699 Train Loss 0.588   Accuracy 67.989 
INFO:name:Epoch 0 Step 1799 Train Loss 0.573   Accuracy 69.009 
INFO:name:Epoch 0 Step 1899 Train Loss 0.558   Accuracy 69.987 
INFO:name:Epoch 0 Step 1999 Train Loss 0.544   Accuracy 70.909 
INFO:name:Epoch 0 Step 2099 Train Loss 0.53   Accuracy 71.817 
INFO:name:Epoch 0 Step 2199 Train Loss 0.515   Accuracy 72.763 
INFO:name:Epoch 0 Step 2299 Train Loss 0.501   Accuracy 73.602 
INFO:name:Epoch 0 Step 2399 Train Loss 0.488   Accuracy 74.421 
INFO:name:Epoch 0 Step 2499 Train Loss 0.476   Accuracy 75.166 
INFO:name:Epoch 0 Step 2599 Train Loss 0.464   Accuracy 75.883 
INFO:name:Epoch 0 Step 2699 Train Loss 0.452   Accuracy 76.547 
INFO:name:Epoch 0 Step 2799 Train Loss 0.441   Accuracy 77.206 
INFO:name:***** Running evaluation *****
INFO:name:  Num examples clone detection = 41541
INFO:name:  Batch size = 32 
INFO:name:  eval_loss = 0.1658
INFO:name:  eval_acc = 0.9412
INFO:name:  f1_score = 0.8066
INFO:name:  recall = 0.9335
INFO:name:  precision = 0.71
INFO:name:
 ******************************
INFO:name:  Best F1 score :0.8066
INFO:name:  ******************************
INFO:name:
***** Test Results for clone detection 
INFO:name:
{'test_acc': 0.95, 'test_f1_score': 0.8358, 'test_recall': 0.9269, 'test_precision': 0.761}

INFO:name:Epoch 1 Step 99 Train Loss 0.14   Accuracy 94.781 
INFO:name:Epoch 1 Step 199 Train Loss 0.144   Accuracy 94.719 
INFO:name:Epoch 1 Step 299 Train Loss 0.141   Accuracy 94.906 
INFO:name:Epoch 1 Step 399 Train Loss 0.139   Accuracy 95.016 
INFO:name:Epoch 1 Step 499 Train Loss 0.137   Accuracy 95.044 
INFO:name:Epoch 1 Step 599 Train Loss 0.135   Accuracy 95.115 
INFO:name:Epoch 1 Step 699 Train Loss 0.135   Accuracy 95.071 
INFO:name:Epoch 1 Step 799 Train Loss 0.135   Accuracy 95.086 
INFO:name:Epoch 1 Step 899 Train Loss 0.133   Accuracy 95.16 
INFO:name:Epoch 1 Step 999 Train Loss 0.13   Accuracy 95.275 
INFO:name:Epoch 1 Step 1099 Train Loss 0.129   Accuracy 95.318 
INFO:name:Epoch 1 Step 1199 Train Loss 0.127   Accuracy 95.367 
INFO:name:Epoch 1 Step 1299 Train Loss 0.126   Accuracy 95.368 
INFO:name:Epoch 1 Step 1399 Train Loss 0.126   Accuracy 95.422 
INFO:name:Epoch 1 Step 1499 Train Loss 0.125   Accuracy 95.456 
INFO:name:Epoch 1 Step 1599 Train Loss 0.123   Accuracy 95.523 
INFO:name:Epoch 1 Step 1699 Train Loss 0.122   Accuracy 95.561 
INFO:name:Epoch 1 Step 1799 Train Loss 0.121   Accuracy 95.611 
INFO:name:Epoch 1 Step 1899 Train Loss 0.12   Accuracy 95.656 
INFO:name:Epoch 1 Step 1999 Train Loss 0.119   Accuracy 95.72 
INFO:name:Epoch 1 Step 2099 Train Loss 0.118   Accuracy 95.76 
INFO:name:Epoch 1 Step 2199 Train Loss 0.117   Accuracy 95.783 
INFO:name:Epoch 1 Step 2299 Train Loss 0.117   Accuracy 95.799 
INFO:name:Epoch 1 Step 2399 Train Loss 0.116   Accuracy 95.849 
INFO:name:Epoch 1 Step 2499 Train Loss 0.115   Accuracy 95.886 
INFO:name:Epoch 1 Step 2599 Train Loss 0.115   Accuracy 95.893 
INFO:name:Epoch 1 Step 2699 Train Loss 0.114   Accuracy 95.936 
INFO:name:Epoch 1 Step 2799 Train Loss 0.113   Accuracy 95.972 
INFO:name:***** Running evaluation *****
INFO:name:  Num examples clone detection = 41541
INFO:name:  Batch size = 32 
INFO:name:  eval_loss = 0.1042
INFO:name:  eval_acc = 0.9639
INFO:name:  f1_score = 0.8744
INFO:name:  recall = 0.9558
INFO:name:  precision = 0.8058
INFO:name:
 ******************************
INFO:name:  Best F1 score :0.8744
INFO:name:  ******************************
INFO:name:
***** Test Results for clone detection 
INFO:name:
{'test_acc': 0.9716, 'test_f1_score': 0.9014, 'test_recall': 0.9443, 'test_precision': 0.8623}

INFO:name:Epoch 2 Step 99 Train Loss 0.087   Accuracy 96.812 
INFO:name:Epoch 2 Step 199 Train Loss 0.085   Accuracy 96.906 
INFO:name:Epoch 2 Step 299 Train Loss 0.089   Accuracy 96.823 
INFO:name:Epoch 2 Step 399 Train Loss 0.085   Accuracy 96.938 
INFO:name:Epoch 2 Step 499 Train Loss 0.084   Accuracy 96.956 
INFO:name:Epoch 2 Step 599 Train Loss 0.083   Accuracy 97.073 
INFO:name:Epoch 2 Step 699 Train Loss 0.08   Accuracy 97.205 
INFO:name:Epoch 2 Step 799 Train Loss 0.08   Accuracy 97.188 
INFO:name:Epoch 2 Step 899 Train Loss 0.079   Accuracy 97.264 
INFO:name:Epoch 2 Step 999 Train Loss 0.079   Accuracy 97.269 
INFO:name:Epoch 2 Step 1099 Train Loss 0.078   Accuracy 97.264 
INFO:name:Epoch 2 Step 1199 Train Loss 0.079   Accuracy 97.232 
INFO:name:Epoch 2 Step 1299 Train Loss 0.077   Accuracy 97.284 
INFO:name:Epoch 2 Step 1399 Train Loss 0.077   Accuracy 97.308 
INFO:name:Epoch 2 Step 1499 Train Loss 0.075   Accuracy 97.371 
INFO:name:Epoch 2 Step 1599 Train Loss 0.075   Accuracy 97.406 
INFO:name:Epoch 2 Step 1699 Train Loss 0.074   Accuracy 97.425 
INFO:name:Epoch 2 Step 1799 Train Loss 0.075   Accuracy 97.427 
INFO:name:Epoch 2 Step 1899 Train Loss 0.075   Accuracy 97.446 
INFO:name:Epoch 2 Step 1999 Train Loss 0.074   Accuracy 97.459 
INFO:name:Epoch 2 Step 2099 Train Loss 0.075   Accuracy 97.445 
INFO:name:Epoch 2 Step 2199 Train Loss 0.074   Accuracy 97.467 
INFO:name:Epoch 2 Step 2299 Train Loss 0.074   Accuracy 97.473 
INFO:name:Epoch 2 Step 2399 Train Loss 0.074   Accuracy 97.491 
INFO:name:Epoch 2 Step 2499 Train Loss 0.073   Accuracy 97.495 
INFO:name:Epoch 2 Step 2599 Train Loss 0.074   Accuracy 97.475 
INFO:name:Epoch 2 Step 2699 Train Loss 0.074   Accuracy 97.479 
INFO:name:Epoch 2 Step 2799 Train Loss 0.073   Accuracy 97.503 
INFO:name:***** Running evaluation *****
INFO:name:  Num examples clone detection = 41541
INFO:name:  Batch size = 32 
INFO:name:  eval_loss = 0.1239
INFO:name:  eval_acc = 0.9593
INFO:name:  f1_score = 0.8625
INFO:name:  recall = 0.9709
INFO:name:  precision = 0.7759
INFO:name:Epoch 3 Step 99 Train Loss 0.062   Accuracy 97.969 
INFO:name:Epoch 3 Step 199 Train Loss 0.058   Accuracy 98.078 
INFO:name:Epoch 3 Step 299 Train Loss 0.06   Accuracy 98.031 
INFO:name:Epoch 3 Step 399 Train Loss 0.063   Accuracy 97.883 
INFO:name:Epoch 3 Step 499 Train Loss 0.062   Accuracy 97.875 
INFO:name:Epoch 3 Step 599 Train Loss 0.06   Accuracy 97.927 
INFO:name:Epoch 3 Step 699 Train Loss 0.06   Accuracy 97.929 
INFO:name:Epoch 3 Step 799 Train Loss 0.06   Accuracy 97.918 
INFO:name:Epoch 3 Step 899 Train Loss 0.061   Accuracy 97.896 
INFO:name:Epoch 3 Step 999 Train Loss 0.06   Accuracy 97.916 
INFO:name:Epoch 3 Step 1099 Train Loss 0.059   Accuracy 97.94 
INFO:name:Epoch 3 Step 1199 Train Loss 0.06   Accuracy 97.917 
INFO:name:Epoch 3 Step 1299 Train Loss 0.06   Accuracy 97.94 
INFO:name:Epoch 3 Step 1399 Train Loss 0.058   Accuracy 97.984 
INFO:name:Epoch 3 Step 1499 Train Loss 0.058   Accuracy 97.981 
INFO:name:Epoch 3 Step 1599 Train Loss 0.058   Accuracy 97.996 
INFO:name:Epoch 3 Step 1699 Train Loss 0.058   Accuracy 97.987 
INFO:name:Epoch 3 Step 1799 Train Loss 0.058   Accuracy 98.003 
INFO:name:Epoch 3 Step 1899 Train Loss 0.057   Accuracy 98.018 
INFO:name:Epoch 3 Step 1999 Train Loss 0.057   Accuracy 98.047 
INFO:name:Epoch 3 Step 2099 Train Loss 0.056   Accuracy 98.061 
INFO:name:Epoch 3 Step 2199 Train Loss 0.057   Accuracy 98.068 
INFO:name:Epoch 3 Step 2299 Train Loss 0.056   Accuracy 98.09 
INFO:name:Epoch 3 Step 2399 Train Loss 0.056   Accuracy 98.1 
INFO:name:Epoch 3 Step 2499 Train Loss 0.056   Accuracy 98.098 
INFO:name:Epoch 3 Step 2599 Train Loss 0.056   Accuracy 98.097 
INFO:name:Epoch 3 Step 2699 Train Loss 0.056   Accuracy 98.111 
INFO:name:Epoch 3 Step 2799 Train Loss 0.055   Accuracy 98.117 
INFO:name:***** Running evaluation *****
INFO:name:  Num examples clone detection = 41541
INFO:name:  Batch size = 32 
INFO:name:  eval_loss = 0.1194
INFO:name:  eval_acc = 0.9643
INFO:name:  f1_score = 0.8762
INFO:name:  recall = 0.9608
INFO:name:  precision = 0.8053
INFO:name:
 ******************************
INFO:name:  Best F1 score :0.8762
INFO:name:  ******************************
INFO:name:
***** Test Results for clone detection 
INFO:name:
{'test_acc': 0.9703, 'test_f1_score': 0.8983, 'test_recall': 0.955, 'test_precision': 0.8481}

INFO:name:Epoch 4 Step 99 Train Loss 0.049   Accuracy 98.188 
INFO:name:Epoch 4 Step 199 Train Loss 0.047   Accuracy 98.234 
INFO:name:Epoch 4 Step 299 Train Loss 0.048   Accuracy 98.312 
INFO:name:Epoch 4 Step 399 Train Loss 0.049   Accuracy 98.258 
INFO:name:Epoch 4 Step 499 Train Loss 0.049   Accuracy 98.281 
INFO:name:Epoch 4 Step 599 Train Loss 0.049   Accuracy 98.318 
INFO:name:Epoch 4 Step 699 Train Loss 0.047   Accuracy 98.326 
INFO:name:Epoch 4 Step 799 Train Loss 0.048   Accuracy 98.316 
INFO:name:Epoch 4 Step 899 Train Loss 0.047   Accuracy 98.33 
INFO:name:Epoch 4 Step 999 Train Loss 0.048   Accuracy 98.325 
INFO:name:Epoch 4 Step 1099 Train Loss 0.048   Accuracy 98.324 
INFO:name:Epoch 4 Step 1199 Train Loss 0.048   Accuracy 98.331 
INFO:name:Epoch 4 Step 1299 Train Loss 0.049   Accuracy 98.298 
INFO:name:Epoch 4 Step 1399 Train Loss 0.049   Accuracy 98.315 
INFO:name:Epoch 4 Step 1499 Train Loss 0.048   Accuracy 98.34 
INFO:name:Epoch 4 Step 1599 Train Loss 0.048   Accuracy 98.359 
INFO:name:Epoch 4 Step 1699 Train Loss 0.048   Accuracy 98.36 
INFO:name:Epoch 4 Step 1799 Train Loss 0.047   Accuracy 98.373 
INFO:name:Epoch 4 Step 1899 Train Loss 0.048   Accuracy 98.375 
INFO:name:Epoch 4 Step 1999 Train Loss 0.047   Accuracy 98.388 
INFO:name:Epoch 4 Step 2099 Train Loss 0.047   Accuracy 98.39 
INFO:name:Epoch 4 Step 2199 Train Loss 0.047   Accuracy 98.403 
INFO:name:Epoch 4 Step 2299 Train Loss 0.046   Accuracy 98.424 
INFO:name:Epoch 4 Step 2399 Train Loss 0.046   Accuracy 98.434 
INFO:name:Epoch 4 Step 2499 Train Loss 0.046   Accuracy 98.424 
INFO:name:Epoch 4 Step 2599 Train Loss 0.046   Accuracy 98.433 
INFO:name:Epoch 4 Step 2699 Train Loss 0.046   Accuracy 98.434 
INFO:name:Epoch 4 Step 2799 Train Loss 0.046   Accuracy 98.439 
INFO:name:***** Running evaluation *****
INFO:name:  Num examples clone detection = 41541
INFO:name:  Batch size = 32 
INFO:name:  eval_loss = 0.1308
INFO:name:  eval_acc = 0.9635
INFO:name:  f1_score = 0.8748
INFO:name:  recall = 0.972
INFO:name:  precision = 0.7953
INFO:name:Epoch 5 Step 99 Train Loss 0.033   Accuracy 98.844 
INFO:name:Epoch 5 Step 199 Train Loss 0.031   Accuracy 99.031 
INFO:name:Epoch 5 Step 299 Train Loss 0.031   Accuracy 98.948 
INFO:name:Epoch 5 Step 399 Train Loss 0.035   Accuracy 98.859 
INFO:name:Epoch 5 Step 499 Train Loss 0.035   Accuracy 98.825 
INFO:name:Epoch 5 Step 599 Train Loss 0.036   Accuracy 98.786 
INFO:name:Epoch 5 Step 699 Train Loss 0.035   Accuracy 98.799 
INFO:name:Epoch 5 Step 799 Train Loss 0.035   Accuracy 98.82 
INFO:name:Epoch 5 Step 899 Train Loss 0.035   Accuracy 98.83 
INFO:name:Epoch 5 Step 999 Train Loss 0.035   Accuracy 98.822 
INFO:name:Epoch 5 Step 1099 Train Loss 0.035   Accuracy 98.815 
INFO:name:Epoch 5 Step 1199 Train Loss 0.036   Accuracy 98.792 
INFO:name:Epoch 5 Step 1299 Train Loss 0.037   Accuracy 98.772 
INFO:name:Epoch 5 Step 1399 Train Loss 0.037   Accuracy 98.75 
INFO:name:Epoch 5 Step 1499 Train Loss 0.037   Accuracy 98.752 
INFO:name:Epoch 5 Step 1599 Train Loss 0.037   Accuracy 98.752 
INFO:name:Epoch 5 Step 1699 Train Loss 0.037   Accuracy 98.756 
INFO:name:Epoch 5 Step 1799 Train Loss 0.037   Accuracy 98.759 
INFO:name:Epoch 5 Step 1899 Train Loss 0.037   Accuracy 98.763 
INFO:name:Epoch 5 Step 1999 Train Loss 0.037   Accuracy 98.769 
INFO:name:Epoch 5 Step 2099 Train Loss 0.037   Accuracy 98.75 
INFO:name:Epoch 5 Step 2199 Train Loss 0.037   Accuracy 98.749 
INFO:name:Epoch 5 Step 2299 Train Loss 0.037   Accuracy 98.751 
INFO:name:Epoch 5 Step 2399 Train Loss 0.037   Accuracy 98.741 
INFO:name:Epoch 5 Step 2499 Train Loss 0.037   Accuracy 98.752 
INFO:name:Epoch 5 Step 2599 Train Loss 0.037   Accuracy 98.761 
INFO:name:Epoch 5 Step 2699 Train Loss 0.037   Accuracy 98.759 
INFO:name:Epoch 5 Step 2799 Train Loss 0.037   Accuracy 98.752 
INFO:name:***** Running evaluation *****
INFO:name:  Num examples clone detection = 41541
INFO:name:  Batch size = 32 
INFO:name:  eval_loss = 0.131
INFO:name:  eval_acc = 0.9681
INFO:name:  f1_score = 0.8872
INFO:name:  recall = 0.9549
INFO:name:  precision = 0.8284
INFO:name:
 ******************************
INFO:name:  Best F1 score :0.8872
INFO:name:  ******************************
INFO:name:
***** Test Results for clone detection 
INFO:name:
{'test_acc': 0.9737, 'test_f1_score': 0.9087, 'test_recall': 0.9528, 'test_precision': 0.8685}

INFO:name:Epoch 6 Step 99 Train Loss 0.037   Accuracy 98.875 
INFO:name:Epoch 6 Step 199 Train Loss 0.036   Accuracy 98.875 
INFO:name:Epoch 6 Step 299 Train Loss 0.034   Accuracy 98.948 
INFO:name:Epoch 6 Step 399 Train Loss 0.034   Accuracy 98.875 
INFO:name:Epoch 6 Step 499 Train Loss 0.034   Accuracy 98.831 
INFO:name:Epoch 6 Step 599 Train Loss 0.034   Accuracy 98.823 
INFO:name:Epoch 6 Step 699 Train Loss 0.033   Accuracy 98.866 
INFO:name:Epoch 6 Step 799 Train Loss 0.033   Accuracy 98.871 
INFO:name:Epoch 6 Step 899 Train Loss 0.033   Accuracy 98.889 
INFO:name:Epoch 6 Step 999 Train Loss 0.033   Accuracy 98.891 
INFO:name:Epoch 6 Step 1099 Train Loss 0.033   Accuracy 98.906 
INFO:name:Epoch 6 Step 1199 Train Loss 0.033   Accuracy 98.909 
INFO:name:Epoch 6 Step 1299 Train Loss 0.032   Accuracy 98.916 
INFO:name:Epoch 6 Step 1399 Train Loss 0.033   Accuracy 98.902 
INFO:name:Epoch 6 Step 1499 Train Loss 0.033   Accuracy 98.904 
INFO:name:Epoch 6 Step 1599 Train Loss 0.032   Accuracy 98.92 
INFO:name:Epoch 6 Step 1699 Train Loss 0.032   Accuracy 98.928 
INFO:name:Epoch 6 Step 1799 Train Loss 0.032   Accuracy 98.943 
INFO:name:Epoch 6 Step 1899 Train Loss 0.032   Accuracy 98.942 
INFO:name:Epoch 6 Step 1999 Train Loss 0.031   Accuracy 98.95 
INFO:name:Epoch 6 Step 2099 Train Loss 0.031   Accuracy 98.942 
INFO:name:Epoch 6 Step 2199 Train Loss 0.031   Accuracy 98.955 
INFO:name:Epoch 6 Step 2299 Train Loss 0.031   Accuracy 98.958 
INFO:name:Epoch 6 Step 2399 Train Loss 0.031   Accuracy 98.953 
INFO:name:Epoch 6 Step 2499 Train Loss 0.031   Accuracy 98.958 
INFO:name:Epoch 6 Step 2599 Train Loss 0.031   Accuracy 98.965 
INFO:name:Epoch 6 Step 2699 Train Loss 0.031   Accuracy 98.966 
INFO:name:Epoch 6 Step 2799 Train Loss 0.031   Accuracy 98.954 
INFO:name:***** Running evaluation *****
INFO:name:  Num examples clone detection = 41541
INFO:name:  Batch size = 32 
INFO:name:  eval_loss = 0.1216
INFO:name:  eval_acc = 0.9672
INFO:name:  f1_score = 0.8856
INFO:name:  recall = 0.9657
INFO:name:  precision = 0.8178
INFO:name:Epoch 7 Step 99 Train Loss 0.028   Accuracy 99.031 
INFO:name:Epoch 7 Step 199 Train Loss 0.028   Accuracy 98.906 
INFO:name:Epoch 7 Step 299 Train Loss 0.025   Accuracy 99.021 
INFO:name:Epoch 7 Step 399 Train Loss 0.024   Accuracy 99.031 
INFO:name:Epoch 7 Step 499 Train Loss 0.022   Accuracy 99.125 
INFO:name:Epoch 7 Step 599 Train Loss 0.024   Accuracy 99.13 
INFO:name:Epoch 7 Step 699 Train Loss 0.025   Accuracy 99.121 
INFO:name:Epoch 7 Step 799 Train Loss 0.025   Accuracy 99.125 
INFO:name:Epoch 7 Step 899 Train Loss 0.026   Accuracy 99.111 
INFO:name:Epoch 7 Step 999 Train Loss 0.025   Accuracy 99.128 
INFO:name:Epoch 7 Step 1099 Train Loss 0.025   Accuracy 99.131 
INFO:name:Epoch 7 Step 1199 Train Loss 0.024   Accuracy 99.151 
INFO:name:Epoch 7 Step 1299 Train Loss 0.024   Accuracy 99.173 
INFO:name:Epoch 7 Step 1399 Train Loss 0.024   Accuracy 99.188 
INFO:name:Epoch 7 Step 1499 Train Loss 0.024   Accuracy 99.188 
INFO:name:Epoch 7 Step 1599 Train Loss 0.025   Accuracy 99.176 
INFO:name:Epoch 7 Step 1699 Train Loss 0.025   Accuracy 99.175 
INFO:name:Epoch 7 Step 1799 Train Loss 0.025   Accuracy 99.184 
INFO:name:Epoch 7 Step 1899 Train Loss 0.025   Accuracy 99.179 
INFO:name:Epoch 7 Step 1999 Train Loss 0.025   Accuracy 99.178 
INFO:name:Epoch 7 Step 2099 Train Loss 0.025   Accuracy 99.171 
INFO:name:Epoch 7 Step 2199 Train Loss 0.025   Accuracy 99.158 
INFO:name:Epoch 7 Step 2299 Train Loss 0.025   Accuracy 99.167 
INFO:name:Epoch 7 Step 2399 Train Loss 0.025   Accuracy 99.173 
INFO:name:Epoch 7 Step 2499 Train Loss 0.025   Accuracy 99.165 
INFO:name:Epoch 7 Step 2599 Train Loss 0.025   Accuracy 99.16 
INFO:name:Epoch 7 Step 2699 Train Loss 0.025   Accuracy 99.166 
INFO:name:Epoch 7 Step 2799 Train Loss 0.025   Accuracy 99.177 
INFO:name:***** Running evaluation *****
INFO:name:  Num examples clone detection = 41541
INFO:name:  Batch size = 32 
INFO:name:  eval_loss = 0.1389
INFO:name:  eval_acc = 0.9715
INFO:name:  f1_score = 0.8974
INFO:name:  recall = 0.9503
INFO:name:  precision = 0.8501
INFO:name:
 ******************************
INFO:name:  Best F1 score :0.8974
INFO:name:  ******************************
INFO:name:
***** Test Results for clone detection 
INFO:name:
{'test_acc': 0.9754, 'test_f1_score': 0.9138, 'test_recall': 0.9479, 'test_precision': 0.8821}

INFO:name:Epoch 8 Step 99 Train Loss 0.027   Accuracy 99.094 
INFO:name:Epoch 8 Step 199 Train Loss 0.024   Accuracy 99.156 
INFO:name:Epoch 8 Step 299 Train Loss 0.022   Accuracy 99.188 
INFO:name:Epoch 8 Step 399 Train Loss 0.023   Accuracy 99.219 
INFO:name:Epoch 8 Step 499 Train Loss 0.024   Accuracy 99.169 
INFO:name:Epoch 8 Step 599 Train Loss 0.023   Accuracy 99.219 
INFO:name:Epoch 8 Step 699 Train Loss 0.023   Accuracy 99.228 
INFO:name:Epoch 8 Step 799 Train Loss 0.022   Accuracy 99.227 
INFO:name:Epoch 8 Step 899 Train Loss 0.022   Accuracy 99.233 
INFO:name:Epoch 8 Step 999 Train Loss 0.022   Accuracy 99.253 
INFO:name:Epoch 8 Step 1099 Train Loss 0.022   Accuracy 99.233 
INFO:name:Epoch 8 Step 1199 Train Loss 0.023   Accuracy 99.24 
INFO:name:Epoch 8 Step 1299 Train Loss 0.022   Accuracy 99.252 
INFO:name:Epoch 8 Step 1399 Train Loss 0.023   Accuracy 99.248 
INFO:name:Epoch 8 Step 1499 Train Loss 0.023   Accuracy 99.246 
INFO:name:Epoch 8 Step 1599 Train Loss 0.022   Accuracy 99.258 
INFO:name:Epoch 8 Step 1699 Train Loss 0.022   Accuracy 99.27 
INFO:name:Epoch 8 Step 1799 Train Loss 0.022   Accuracy 99.269 
INFO:name:Epoch 8 Step 1899 Train Loss 0.023   Accuracy 99.255 
INFO:name:Epoch 8 Step 1999 Train Loss 0.022   Accuracy 99.267 
INFO:name:Epoch 8 Step 2099 Train Loss 0.022   Accuracy 99.272 
INFO:name:Epoch 8 Step 2199 Train Loss 0.022   Accuracy 99.27 
INFO:name:Epoch 8 Step 2299 Train Loss 0.022   Accuracy 99.281 
INFO:name:Epoch 8 Step 2399 Train Loss 0.022   Accuracy 99.273 
INFO:name:Epoch 8 Step 2499 Train Loss 0.023   Accuracy 99.265 
INFO:name:Epoch 8 Step 2599 Train Loss 0.023   Accuracy 99.264 
INFO:name:Epoch 8 Step 2699 Train Loss 0.023   Accuracy 99.271 
INFO:name:Epoch 8 Step 2799 Train Loss 0.023   Accuracy 99.277 
INFO:name:***** Running evaluation *****
INFO:name:  Num examples clone detection = 41541
INFO:name:  Batch size = 32 
INFO:name:  eval_loss = 0.1499
INFO:name:  eval_acc = 0.9721
INFO:name:  f1_score = 0.8993
INFO:name:  recall = 0.9468
INFO:name:  precision = 0.8563
INFO:name:
 ******************************
INFO:name:  Best F1 score :0.8993
INFO:name:  ******************************
INFO:name:
***** Test Results for clone detection 
INFO:name:
{'test_acc': 0.977, 'test_f1_score': 0.9188, 'test_recall': 0.9471, 'test_precision': 0.8922}

INFO:name:Epoch 9 Step 99 Train Loss 0.027   Accuracy 99.031 
INFO:name:Epoch 9 Step 199 Train Loss 0.021   Accuracy 99.266 
INFO:name:Epoch 9 Step 299 Train Loss 0.018   Accuracy 99.385 
INFO:name:Epoch 9 Step 399 Train Loss 0.018   Accuracy 99.398 
INFO:name:Epoch 9 Step 499 Train Loss 0.019   Accuracy 99.375 
INFO:name:Epoch 9 Step 599 Train Loss 0.02   Accuracy 99.339 
INFO:name:Epoch 9 Step 699 Train Loss 0.02   Accuracy 99.321 
INFO:name:Epoch 9 Step 799 Train Loss 0.02   Accuracy 99.32 
INFO:name:Epoch 9 Step 899 Train Loss 0.021   Accuracy 99.316 
INFO:name:Epoch 9 Step 999 Train Loss 0.021   Accuracy 99.316 
INFO:name:Epoch 9 Step 1099 Train Loss 0.021   Accuracy 99.307 
INFO:name:Epoch 9 Step 1199 Train Loss 0.021   Accuracy 99.312 
INFO:name:Epoch 9 Step 1299 Train Loss 0.021   Accuracy 99.325 
INFO:name:Epoch 9 Step 1399 Train Loss 0.021   Accuracy 99.324 
INFO:name:Epoch 9 Step 1499 Train Loss 0.021   Accuracy 99.333 
INFO:name:Epoch 9 Step 1599 Train Loss 0.021   Accuracy 99.322 
INFO:name:Epoch 9 Step 1699 Train Loss 0.021   Accuracy 99.311 
INFO:name:Epoch 9 Step 1799 Train Loss 0.021   Accuracy 99.321 
INFO:name:Epoch 9 Step 1899 Train Loss 0.021   Accuracy 99.329 
INFO:name:Epoch 9 Step 1999 Train Loss 0.021   Accuracy 99.327 
INFO:name:Epoch 9 Step 2099 Train Loss 0.021   Accuracy 99.333 
INFO:name:Epoch 9 Step 2199 Train Loss 0.021   Accuracy 99.337 
INFO:name:Epoch 9 Step 2299 Train Loss 0.02   Accuracy 99.34 
INFO:name:Epoch 9 Step 2399 Train Loss 0.02   Accuracy 99.342 
INFO:name:Epoch 9 Step 2499 Train Loss 0.02   Accuracy 99.336 
INFO:name:Epoch 9 Step 2599 Train Loss 0.02   Accuracy 99.339 
INFO:name:Epoch 9 Step 2699 Train Loss 0.02   Accuracy 99.34 
INFO:name:Epoch 9 Step 2799 Train Loss 0.02   Accuracy 99.344 
INFO:name:***** Running evaluation *****
INFO:name:  Num examples clone detection = 41541
INFO:name:  Batch size = 32 
INFO:name:  eval_loss = 0.1463
INFO:name:  eval_acc = 0.9747
INFO:name:  f1_score = 0.9083
INFO:name:  recall = 0.952
INFO:name:  precision = 0.8684
INFO:name:
 ******************************
INFO:name:  Best F1 score :0.9083
INFO:name:  ******************************
INFO:name:
***** Test Results for clone detection 
INFO:name:
{'test_acc': 0.9789, 'test_f1_score': 0.9257, 'test_recall': 0.9557, 'test_precision': 0.8976}

INFO:name:Epoch 10 Step 99 Train Loss 0.016   Accuracy 99.5 
INFO:name:Epoch 10 Step 199 Train Loss 0.019   Accuracy 99.375 
INFO:name:Epoch 10 Step 299 Train Loss 0.019   Accuracy 99.385 
INFO:name:Epoch 10 Step 399 Train Loss 0.019   Accuracy 99.375 
INFO:name:Epoch 10 Step 499 Train Loss 0.018   Accuracy 99.4 
INFO:name:Epoch 10 Step 599 Train Loss 0.017   Accuracy 99.411 
INFO:name:Epoch 10 Step 699 Train Loss 0.018   Accuracy 99.406 
INFO:name:Epoch 10 Step 799 Train Loss 0.017   Accuracy 99.418 
INFO:name:Epoch 10 Step 899 Train Loss 0.018   Accuracy 99.406 
INFO:name:Epoch 10 Step 999 Train Loss 0.017   Accuracy 99.419 
INFO:name:Epoch 10 Step 1099 Train Loss 0.017   Accuracy 99.426 
INFO:name:Epoch 10 Step 1199 Train Loss 0.018   Accuracy 99.422 
INFO:name:Epoch 10 Step 1299 Train Loss 0.017   Accuracy 99.428 
INFO:name:Epoch 10 Step 1399 Train Loss 0.018   Accuracy 99.433 
INFO:name:Epoch 10 Step 1499 Train Loss 0.017   Accuracy 99.448 
INFO:name:Epoch 10 Step 1599 Train Loss 0.017   Accuracy 99.441 
INFO:name:Epoch 10 Step 1699 Train Loss 0.017   Accuracy 99.432 
INFO:name:Epoch 10 Step 1799 Train Loss 0.017   Accuracy 99.443 
INFO:name:Epoch 10 Step 1899 Train Loss 0.017   Accuracy 99.428 
INFO:name:Epoch 10 Step 1999 Train Loss 0.017   Accuracy 99.433 
INFO:name:Epoch 10 Step 2099 Train Loss 0.017   Accuracy 99.427 
INFO:name:Epoch 10 Step 2199 Train Loss 0.017   Accuracy 99.426 
INFO:name:Epoch 10 Step 2299 Train Loss 0.017   Accuracy 99.428 
INFO:name:Epoch 10 Step 2399 Train Loss 0.017   Accuracy 99.426 
INFO:name:Epoch 10 Step 2499 Train Loss 0.017   Accuracy 99.428 
INFO:name:Epoch 10 Step 2599 Train Loss 0.017   Accuracy 99.429 
INFO:name:Epoch 10 Step 2699 Train Loss 0.017   Accuracy 99.436 
INFO:name:Epoch 10 Step 2799 Train Loss 0.017   Accuracy 99.436 
INFO:name:***** Running evaluation *****
INFO:name:  Num examples clone detection = 41541
INFO:name:  Batch size = 32 
INFO:name:  eval_loss = 0.1612
INFO:name:  eval_acc = 0.9724
INFO:name:  f1_score = 0.9016
INFO:name:  recall = 0.9641
INFO:name:  precision = 0.8467
INFO:name:Epoch 11 Step 99 Train Loss 0.017   Accuracy 99.438 
INFO:name:Epoch 11 Step 199 Train Loss 0.014   Accuracy 99.578 
INFO:name:Epoch 11 Step 299 Train Loss 0.015   Accuracy 99.5 
INFO:name:Epoch 11 Step 399 Train Loss 0.014   Accuracy 99.547 
INFO:name:Epoch 11 Step 499 Train Loss 0.015   Accuracy 99.494 
INFO:name:Epoch 11 Step 599 Train Loss 0.015   Accuracy 99.51 
INFO:name:Epoch 11 Step 699 Train Loss 0.015   Accuracy 99.527 
INFO:name:Epoch 11 Step 799 Train Loss 0.014   Accuracy 99.531 
INFO:name:Epoch 11 Step 899 Train Loss 0.015   Accuracy 99.528 
INFO:name:Epoch 11 Step 999 Train Loss 0.014   Accuracy 99.547 
INFO:name:Epoch 11 Step 1099 Train Loss 0.014   Accuracy 99.554 
INFO:name:Epoch 11 Step 1199 Train Loss 0.015   Accuracy 99.544 
INFO:name:Epoch 11 Step 1299 Train Loss 0.014   Accuracy 99.553 
INFO:name:Epoch 11 Step 1399 Train Loss 0.015   Accuracy 99.549 
INFO:name:Epoch 11 Step 1499 Train Loss 0.015   Accuracy 99.554 
INFO:name:Epoch 11 Step 1599 Train Loss 0.015   Accuracy 99.543 
INFO:name:Epoch 11 Step 1699 Train Loss 0.015   Accuracy 99.555 
INFO:name:Epoch 11 Step 1799 Train Loss 0.015   Accuracy 99.545 
INFO:name:Epoch 11 Step 1899 Train Loss 0.015   Accuracy 99.548 
INFO:name:Epoch 11 Step 1999 Train Loss 0.015   Accuracy 99.545 
INFO:name:Epoch 11 Step 2099 Train Loss 0.015   Accuracy 99.548 
INFO:name:Epoch 11 Step 2199 Train Loss 0.015   Accuracy 99.55 
INFO:name:Epoch 11 Step 2299 Train Loss 0.015   Accuracy 99.538 
INFO:name:Epoch 11 Step 2399 Train Loss 0.015   Accuracy 99.54 
INFO:name:Epoch 11 Step 2499 Train Loss 0.015   Accuracy 99.53 
INFO:name:Epoch 11 Step 2599 Train Loss 0.015   Accuracy 99.538 
INFO:name:Epoch 11 Step 2699 Train Loss 0.015   Accuracy 99.544 
INFO:name:Epoch 11 Step 2799 Train Loss 0.015   Accuracy 99.545 
INFO:name:***** Running evaluation *****
INFO:name:  Num examples clone detection = 41541
INFO:name:  Batch size = 32 
INFO:name:  eval_loss = 0.1848
INFO:name:  eval_acc = 0.9713
INFO:name:  f1_score = 0.8985
INFO:name:  recall = 0.9666
INFO:name:  precision = 0.8393
INFO:name:Epoch 12 Step 99 Train Loss 0.009   Accuracy 99.688 
INFO:name:Epoch 12 Step 199 Train Loss 0.011   Accuracy 99.672 
INFO:name:Epoch 12 Step 299 Train Loss 0.012   Accuracy 99.604 
INFO:name:Epoch 12 Step 399 Train Loss 0.012   Accuracy 99.602 
INFO:name:Epoch 12 Step 499 Train Loss 0.011   Accuracy 99.6 
INFO:name:Epoch 12 Step 599 Train Loss 0.011   Accuracy 99.594 
INFO:name:Epoch 12 Step 699 Train Loss 0.011   Accuracy 99.598 
INFO:name:Epoch 12 Step 799 Train Loss 0.012   Accuracy 99.594 
INFO:name:Epoch 12 Step 899 Train Loss 0.011   Accuracy 99.608 
INFO:name:Epoch 12 Step 999 Train Loss 0.012   Accuracy 99.603 
INFO:name:Epoch 12 Step 1099 Train Loss 0.012   Accuracy 99.58 
INFO:name:Epoch 12 Step 1199 Train Loss 0.013   Accuracy 99.568 
INFO:name:Epoch 12 Step 1299 Train Loss 0.013   Accuracy 99.553 
INFO:name:Epoch 12 Step 1399 Train Loss 0.014   Accuracy 99.542 
INFO:name:Epoch 12 Step 1499 Train Loss 0.014   Accuracy 99.542 
INFO:name:Epoch 12 Step 1599 Train Loss 0.014   Accuracy 99.537 
INFO:name:Epoch 12 Step 1699 Train Loss 0.014   Accuracy 99.537 
INFO:name:Epoch 12 Step 1799 Train Loss 0.014   Accuracy 99.535 
INFO:name:Epoch 12 Step 1899 Train Loss 0.015   Accuracy 99.528 
INFO:name:Epoch 12 Step 1999 Train Loss 0.014   Accuracy 99.531 
INFO:name:Epoch 12 Step 2099 Train Loss 0.015   Accuracy 99.531 
INFO:name:Epoch 12 Step 2199 Train Loss 0.014   Accuracy 99.543 
INFO:name:Epoch 12 Step 2299 Train Loss 0.014   Accuracy 99.548 
INFO:name:Epoch 12 Step 2399 Train Loss 0.014   Accuracy 99.54 
INFO:name:Epoch 12 Step 2499 Train Loss 0.014   Accuracy 99.545 
INFO:name:Epoch 12 Step 2599 Train Loss 0.014   Accuracy 99.54 
INFO:name:Epoch 12 Step 2699 Train Loss 0.014   Accuracy 99.546 
INFO:name:Epoch 12 Step 2799 Train Loss 0.014   Accuracy 99.557 
INFO:name:***** Running evaluation *****
INFO:name:  Num examples clone detection = 41541
INFO:name:  Batch size = 32 
INFO:name:  eval_loss = 0.1965
INFO:name:  eval_acc = 0.9713
INFO:name:  f1_score = 0.8981
INFO:name:  recall = 0.9641
INFO:name:  precision = 0.8405
INFO:name:Epoch 13 Step 99 Train Loss 0.008   Accuracy 99.812 
INFO:name:Epoch 13 Step 199 Train Loss 0.012   Accuracy 99.656 
INFO:name:Epoch 13 Step 299 Train Loss 0.011   Accuracy 99.667 
INFO:name:Epoch 13 Step 399 Train Loss 0.01   Accuracy 99.695 
INFO:name:Epoch 13 Step 499 Train Loss 0.009   Accuracy 99.712 
INFO:name:Epoch 13 Step 599 Train Loss 0.01   Accuracy 99.698 
INFO:name:Epoch 13 Step 699 Train Loss 0.011   Accuracy 99.683 
INFO:name:Epoch 13 Step 799 Train Loss 0.01   Accuracy 99.691 
INFO:name:Epoch 13 Step 899 Train Loss 0.011   Accuracy 99.667 
INFO:name:Epoch 13 Step 999 Train Loss 0.012   Accuracy 99.662 
INFO:name:Epoch 13 Step 1099 Train Loss 0.012   Accuracy 99.662 
INFO:name:Epoch 13 Step 1199 Train Loss 0.012   Accuracy 99.654 
INFO:name:Epoch 13 Step 1299 Train Loss 0.012   Accuracy 99.654 
INFO:name:Epoch 13 Step 1399 Train Loss 0.012   Accuracy 99.654 
INFO:name:Epoch 13 Step 1499 Train Loss 0.012   Accuracy 99.648 
INFO:name:Epoch 13 Step 1599 Train Loss 0.012   Accuracy 99.648 
INFO:name:Epoch 13 Step 1699 Train Loss 0.012   Accuracy 99.651 
INFO:name:Epoch 13 Step 1799 Train Loss 0.012   Accuracy 99.655 
INFO:name:Epoch 13 Step 1899 Train Loss 0.012   Accuracy 99.658 
INFO:name:Epoch 13 Step 1999 Train Loss 0.012   Accuracy 99.648 
INFO:name:Epoch 13 Step 2099 Train Loss 0.012   Accuracy 99.641 
INFO:name:Epoch 13 Step 2199 Train Loss 0.012   Accuracy 99.636 
INFO:name:Epoch 13 Step 2299 Train Loss 0.012   Accuracy 99.633 
INFO:name:Epoch 13 Step 2399 Train Loss 0.012   Accuracy 99.632 
INFO:name:Epoch 13 Step 2499 Train Loss 0.012   Accuracy 99.631 
INFO:name:Epoch 13 Step 2599 Train Loss 0.013   Accuracy 99.624 
INFO:name:Epoch 13 Step 2699 Train Loss 0.012   Accuracy 99.628 
INFO:name:Epoch 13 Step 2799 Train Loss 0.012   Accuracy 99.634 
INFO:name:***** Running evaluation *****
INFO:name:  Num examples clone detection = 41541
INFO:name:  Batch size = 32 
INFO:name:  eval_loss = 0.19
INFO:name:  eval_acc = 0.9729
INFO:name:  f1_score = 0.903
INFO:name:  recall = 0.9602
INFO:name:  precision = 0.8521
INFO:name:Epoch 14 Step 99 Train Loss 0.009   Accuracy 99.688 
INFO:name:Epoch 14 Step 199 Train Loss 0.008   Accuracy 99.75 
INFO:name:Epoch 14 Step 299 Train Loss 0.008   Accuracy 99.75 
INFO:name:Epoch 14 Step 399 Train Loss 0.008   Accuracy 99.742 
INFO:name:Epoch 14 Step 499 Train Loss 0.009   Accuracy 99.688 
INFO:name:Epoch 14 Step 599 Train Loss 0.009   Accuracy 99.708 
INFO:name:Epoch 14 Step 699 Train Loss 0.01   Accuracy 99.688 
INFO:name:Epoch 14 Step 799 Train Loss 0.01   Accuracy 99.695 
INFO:name:Epoch 14 Step 899 Train Loss 0.01   Accuracy 99.705 
INFO:name:Epoch 14 Step 999 Train Loss 0.01   Accuracy 99.688 
INFO:name:Epoch 14 Step 1099 Train Loss 0.01   Accuracy 99.676 
INFO:name:Epoch 14 Step 1199 Train Loss 0.009   Accuracy 99.693 
INFO:name:Epoch 14 Step 1299 Train Loss 0.009   Accuracy 99.702 
INFO:name:Epoch 14 Step 1399 Train Loss 0.009   Accuracy 99.699 
INFO:name:Epoch 14 Step 1499 Train Loss 0.01   Accuracy 99.69 
INFO:name:Epoch 14 Step 1599 Train Loss 0.01   Accuracy 99.684 
INFO:name:Epoch 14 Step 1699 Train Loss 0.01   Accuracy 99.689 
INFO:name:Epoch 14 Step 1799 Train Loss 0.01   Accuracy 99.674 
INFO:name:Epoch 14 Step 1899 Train Loss 0.01   Accuracy 99.669 
INFO:name:Epoch 14 Step 1999 Train Loss 0.01   Accuracy 99.673 
INFO:name:Epoch 14 Step 2099 Train Loss 0.01   Accuracy 99.68 
INFO:name:Epoch 14 Step 2199 Train Loss 0.01   Accuracy 99.68 
INFO:name:Epoch 14 Step 2299 Train Loss 0.01   Accuracy 99.678 
INFO:name:Epoch 14 Step 2399 Train Loss 0.01   Accuracy 99.676 
INFO:name:Epoch 14 Step 2499 Train Loss 0.01   Accuracy 99.679 
INFO:name:Epoch 14 Step 2599 Train Loss 0.01   Accuracy 99.671 
INFO:name:Epoch 14 Step 2699 Train Loss 0.01   Accuracy 99.671 
INFO:name:Epoch 14 Step 2799 Train Loss 0.01   Accuracy 99.675 
INFO:name:***** Running evaluation *****
INFO:name:  Num examples clone detection = 41541
INFO:name:  Batch size = 32 
INFO:name:  eval_loss = 0.1937
INFO:name:  eval_acc = 0.9728
INFO:name:  f1_score = 0.9023
INFO:name:  recall = 0.9571
INFO:name:  precision = 0.8534
INFO:name:train results : 
 {'train_loss': [0.44, 0.113, 0.073, 0.055, 0.046, 0.037, 0.031, 0.025, 0.023, 0.02, 0.017, 0.015, 0.014, 0.012, 0.01], 'train_acc': [77.305, 95.98, 97.498, 98.116, 98.441, 98.748, 98.955, 99.175, 99.276, 99.344, 99.44, 99.546, 99.559, 99.633, 99.676], 'eval_loss': [0.1658, 0.1042, 0.1239, 0.1194, 0.1308, 0.131, 0.1216, 0.1389, 0.1499, 0.1463, 0.1612, 0.1848, 0.1965, 0.19, 0.1937], 'eval_acc': [0.9412, 0.9639, 0.9593, 0.9643, 0.9635, 0.9681, 0.9672, 0.9715, 0.9721, 0.9747, 0.9724, 0.9713, 0.9713, 0.9729, 0.9728], 'eval_f1': [0.8066, 0.8744, 0.8625, 0.8762, 0.8748, 0.8872, 0.8856, 0.8974, 0.8993, 0.9083, 0.9016, 0.8985, 0.8981, 0.903, 0.9023], 'eval_precision': [0.71, 0.8058, 0.7759, 0.8053, 0.7953, 0.8284, 0.8178, 0.8501, 0.8563, 0.8684, 0.8467, 0.8393, 0.8405, 0.8521, 0.8534], 'eval_recall': [0.9335, 0.9558, 0.9709, 0.9608, 0.972, 0.9549, 0.9657, 0.9503, 0.9468, 0.952, 0.9641, 0.9666, 0.9641, 0.9602, 0.9571]}

INFO:name:**********************************************************************************************************************************
