/home/aakli/miniconda3/envs/adapter/lib/python3.10/site-packages/transformers/utils/generic.py:260: UserWarning: torch.utils._pytree._register_pytree_node is deprecated. Please use torch.utils._pytree.register_pytree_node instead.
  torch.utils._pytree._register_pytree_node(
INFO:name:device: cuda:1, n_gpu: 1
DEBUG:urllib3.connectionpool:Starting new HTTPS connection (1): huggingface.co:443
DEBUG:urllib3.connectionpool:https://huggingface.co:443 "HEAD /microsoft/codebert-base/resolve/main/config.json HTTP/1.1" 200 0
DEBUG:urllib3.connectionpool:https://huggingface.co:443 "HEAD /microsoft/codebert-base/resolve/main/tokenizer_config.json HTTP/1.1" 200 0
INFO:name:Preparing the code search Dataset...

INFO:name:Preparing the code search Dataset...

INFO:name:Preparing the code search Dataset...

/home/aakli/miniconda3/envs/adapter/lib/python3.10/site-packages/transformers/optimization.py:411: FutureWarning: This implementation of AdamW is deprecated and will be removed in a future version. Use the PyTorch implementation torch.optim.AdamW instead, or set `no_deprecation_warning=True` to disable this warning
  warnings.warn(
INFO:name:***** Running training *****
INFO:name:  Num examples = 251820
INFO:name:  Num Epochs = 10
INFO:name:  Instantaneous batch size per GPU = 32
INFO:name:  Total train batch size  = 32
INFO:name:  Total optimization steps = 78700
INFO:name:epoch 0 step 100 loss 1.51911
INFO:name:epoch 0 step 200 loss 0.23267
INFO:name:epoch 0 step 300 loss 0.20241
INFO:name:epoch 0 step 400 loss 0.17695
INFO:name:epoch 0 step 500 loss 0.17297
INFO:name:epoch 0 step 600 loss 0.15785
INFO:name:epoch 0 step 700 loss 0.14229
INFO:name:epoch 0 step 800 loss 0.13123
INFO:name:epoch 0 step 900 loss 0.13652
INFO:name:epoch 0 step 1000 loss 0.12686
INFO:name:epoch 0 step 1100 loss 0.12039
INFO:name:epoch 0 step 1200 loss 0.14315
INFO:name:epoch 0 step 1300 loss 0.13198
INFO:name:epoch 0 step 1400 loss 0.12768
INFO:name:epoch 0 step 1500 loss 0.12367
INFO:name:epoch 0 step 1600 loss 0.11019
INFO:name:epoch 0 step 1700 loss 0.12254
INFO:name:epoch 0 step 1800 loss 0.11039
INFO:name:epoch 0 step 1900 loss 0.1245
INFO:name:epoch 0 step 2000 loss 0.09862
INFO:name:epoch 0 step 2100 loss 0.1218
INFO:name:epoch 0 step 2200 loss 0.1171
INFO:name:epoch 0 step 2300 loss 0.11835
INFO:name:epoch 0 step 2400 loss 0.09855
INFO:name:epoch 0 step 2500 loss 0.11096
INFO:name:epoch 0 step 2600 loss 0.12896
INFO:name:epoch 0 step 2700 loss 0.09781
INFO:name:epoch 0 step 2800 loss 0.0996
INFO:name:epoch 0 step 2900 loss 0.10187
INFO:name:epoch 0 step 3000 loss 0.08681
INFO:name:epoch 0 step 3100 loss 0.08996
INFO:name:epoch 0 step 3200 loss 0.08257
INFO:name:epoch 0 step 3300 loss 0.09209
INFO:name:epoch 0 step 3400 loss 0.10143
INFO:name:epoch 0 step 3500 loss 0.08778
INFO:name:epoch 0 step 3600 loss 0.11068
INFO:name:epoch 0 step 3700 loss 0.09619
INFO:name:epoch 0 step 3800 loss 0.09819
INFO:name:epoch 0 step 3900 loss 0.09659
INFO:name:epoch 0 step 4000 loss 0.0888
INFO:name:epoch 0 step 4100 loss 0.11571
INFO:name:epoch 0 step 4200 loss 0.08179
INFO:name:epoch 0 step 4300 loss 0.09271
INFO:name:epoch 0 step 4400 loss 0.09911
INFO:name:epoch 0 step 4500 loss 0.08494
INFO:name:epoch 0 step 4600 loss 0.09878
INFO:name:epoch 0 step 4700 loss 0.09584
INFO:name:epoch 0 step 4800 loss 0.10343
INFO:name:epoch 0 step 4900 loss 0.09577
INFO:name:epoch 0 step 5000 loss 0.10085
INFO:name:epoch 0 step 5100 loss 0.09374
INFO:name:epoch 0 step 5200 loss 0.09166
INFO:name:epoch 0 step 5300 loss 0.09709
INFO:name:epoch 0 step 5400 loss 0.08147
INFO:name:epoch 0 step 5500 loss 0.08865
INFO:name:epoch 0 step 5600 loss 0.08047
INFO:name:epoch 0 step 5700 loss 0.09122
INFO:name:epoch 0 step 5800 loss 0.09429
INFO:name:epoch 0 step 5900 loss 0.07526
INFO:name:epoch 0 step 6000 loss 0.08707
INFO:name:epoch 0 step 6100 loss 0.09613
INFO:name:epoch 0 step 6200 loss 0.06452
INFO:name:epoch 0 step 6300 loss 0.08487
INFO:name:epoch 0 step 6400 loss 0.09071
INFO:name:epoch 0 step 6500 loss 0.08004
INFO:name:epoch 0 step 6600 loss 0.08934
INFO:name:epoch 0 step 6700 loss 0.08789
INFO:name:epoch 0 step 6800 loss 0.08254
INFO:name:epoch 0 step 6900 loss 0.09644
INFO:name:epoch 0 step 7000 loss 0.08608
INFO:name:epoch 0 step 7100 loss 0.08318
INFO:name:epoch 0 step 7200 loss 0.08905
INFO:name:epoch 0 step 7300 loss 0.07362
INFO:name:epoch 0 step 7400 loss 0.08285
INFO:name:epoch 0 step 7500 loss 0.0789
INFO:name:epoch 0 step 7600 loss 0.08401
INFO:name:epoch 0 step 7700 loss 0.0844
INFO:name:epoch 0 step 7800 loss 0.07573
INFO:name:***** Running evaluation *****
INFO:name:  Num queries = 9604
INFO:name:  Num codes = 9604
INFO:name:  Batch size = 32
INFO:name:  eval_mrr = 0.3728
INFO:name:  ********************
INFO:name:  Best eval mrr:0.3728
INFO:name:  ********************
INFO:name:***** Running Test *****
INFO:name:  Num queries = 19210
INFO:name:  Num codes = 19210
INFO:name:  Batch size = 32
INFO:name:  eval_mrr = 0.3093
INFO:name:Saving model checkpoint to ./models/best_model_codeSearch/model.bin
INFO:name:epoch 1 step 100 loss 0.05777
INFO:name:epoch 1 step 200 loss 0.04314
INFO:name:epoch 1 step 300 loss 0.04009
INFO:name:epoch 1 step 400 loss 0.03322
INFO:name:epoch 1 step 500 loss 0.03579
INFO:name:epoch 1 step 600 loss 0.03689
INFO:name:epoch 1 step 700 loss 0.03155
INFO:name:epoch 1 step 800 loss 0.04274
INFO:name:epoch 1 step 900 loss 0.03706
INFO:name:epoch 1 step 1000 loss 0.03382
INFO:name:epoch 1 step 1100 loss 0.03772
INFO:name:epoch 1 step 1200 loss 0.04427
INFO:name:epoch 1 step 1300 loss 0.04065
INFO:name:epoch 1 step 1400 loss 0.04172
INFO:name:epoch 1 step 1500 loss 0.03992
INFO:name:epoch 1 step 1600 loss 0.03023
INFO:name:epoch 1 step 1700 loss 0.03378
INFO:name:epoch 1 step 1800 loss 0.03827
INFO:name:epoch 1 step 1900 loss 0.04007
INFO:name:epoch 1 step 2000 loss 0.03978
INFO:name:epoch 1 step 2100 loss 0.03712
INFO:name:epoch 1 step 2200 loss 0.03281
INFO:name:epoch 1 step 2300 loss 0.04029
INFO:name:epoch 1 step 2400 loss 0.03152
INFO:name:epoch 1 step 2500 loss 0.03983
INFO:name:epoch 1 step 2600 loss 0.03726
INFO:name:epoch 1 step 2700 loss 0.04152
INFO:name:epoch 1 step 2800 loss 0.04208
INFO:name:epoch 1 step 2900 loss 0.04888
INFO:name:epoch 1 step 3000 loss 0.04175
INFO:name:epoch 1 step 3100 loss 0.04387
INFO:name:epoch 1 step 3200 loss 0.04922
INFO:name:epoch 1 step 3300 loss 0.03638
INFO:name:epoch 1 step 3400 loss 0.0516
INFO:name:epoch 1 step 3500 loss 0.05045
INFO:name:epoch 1 step 3600 loss 0.04094
INFO:name:epoch 1 step 3700 loss 0.04094
INFO:name:epoch 1 step 3800 loss 0.04225
INFO:name:epoch 1 step 3900 loss 0.0394
INFO:name:epoch 1 step 4000 loss 0.04308
INFO:name:epoch 1 step 4100 loss 0.03871
INFO:name:epoch 1 step 4200 loss 0.04966
INFO:name:epoch 1 step 4300 loss 0.03894
INFO:name:epoch 1 step 4400 loss 0.04063
INFO:name:epoch 1 step 4500 loss 0.03944
INFO:name:epoch 1 step 4600 loss 0.04341
INFO:name:epoch 1 step 4700 loss 0.04067
INFO:name:epoch 1 step 4800 loss 0.03525
INFO:name:epoch 1 step 4900 loss 0.03505
INFO:name:epoch 1 step 5000 loss 0.04282
INFO:name:epoch 1 step 5100 loss 0.03588
INFO:name:epoch 1 step 5200 loss 0.03157
INFO:name:epoch 1 step 5300 loss 0.03984
INFO:name:epoch 1 step 5400 loss 0.02851
INFO:name:epoch 1 step 5500 loss 0.04501
INFO:name:epoch 1 step 5600 loss 0.0444
INFO:name:epoch 1 step 5700 loss 0.03836
INFO:name:epoch 1 step 5800 loss 0.03725
INFO:name:epoch 1 step 5900 loss 0.0464
INFO:name:epoch 1 step 6000 loss 0.03784
INFO:name:epoch 1 step 6100 loss 0.04192
INFO:name:epoch 1 step 6200 loss 0.03347
INFO:name:epoch 1 step 6300 loss 0.04104
INFO:name:epoch 1 step 6400 loss 0.03766
INFO:name:epoch 1 step 6500 loss 0.04423
INFO:name:epoch 1 step 6600 loss 0.04238
INFO:name:epoch 1 step 6700 loss 0.04835
INFO:name:epoch 1 step 6800 loss 0.04174
INFO:name:epoch 1 step 6900 loss 0.04321
INFO:name:epoch 1 step 7000 loss 0.03581
INFO:name:epoch 1 step 7100 loss 0.04022
INFO:name:epoch 1 step 7200 loss 0.04208
INFO:name:epoch 1 step 7300 loss 0.04574
INFO:name:epoch 1 step 7400 loss 0.05041
INFO:name:epoch 1 step 7500 loss 0.03665
INFO:name:epoch 1 step 7600 loss 0.02558
INFO:name:epoch 1 step 7700 loss 0.03317
INFO:name:epoch 1 step 7800 loss 0.04161
INFO:name:***** Running evaluation *****
INFO:name:  Num queries = 9604
INFO:name:  Num codes = 9604
INFO:name:  Batch size = 32
INFO:name:  eval_mrr = 0.3823
INFO:name:  ********************
INFO:name:  Best eval mrr:0.3823
INFO:name:  ********************
INFO:name:***** Running Test *****
INFO:name:  Num queries = 19210
INFO:name:  Num codes = 19210
INFO:name:  Batch size = 32
INFO:name:  eval_mrr = 0.3179
INFO:name:Saving model checkpoint to ./models/best_model_codeSearch/model.bin
INFO:name:epoch 2 step 100 loss 0.02418
INFO:name:epoch 2 step 200 loss 0.01628
INFO:name:epoch 2 step 300 loss 0.01471
INFO:name:epoch 2 step 400 loss 0.01514
INFO:name:epoch 2 step 500 loss 0.01595
INFO:name:epoch 2 step 600 loss 0.01561
INFO:name:epoch 2 step 700 loss 0.01804
INFO:name:epoch 2 step 800 loss 0.02066
INFO:name:epoch 2 step 900 loss 0.01741
INFO:name:epoch 2 step 1000 loss 0.01406
INFO:name:epoch 2 step 1100 loss 0.02006
INFO:name:epoch 2 step 1200 loss 0.01519
INFO:name:epoch 2 step 1300 loss 0.01567
INFO:name:epoch 2 step 1400 loss 0.01673
INFO:name:epoch 2 step 1500 loss 0.01573
INFO:name:epoch 2 step 1600 loss 0.01642
INFO:name:epoch 2 step 1700 loss 0.01412
INFO:name:epoch 2 step 1800 loss 0.0241
INFO:name:epoch 2 step 1900 loss 0.01401
INFO:name:epoch 2 step 2000 loss 0.01533
INFO:name:epoch 2 step 2100 loss 0.01864
INFO:name:epoch 2 step 2200 loss 0.02097
INFO:name:epoch 2 step 2300 loss 0.01547
INFO:name:epoch 2 step 2400 loss 0.01619
INFO:name:epoch 2 step 2500 loss 0.01826
INFO:name:epoch 2 step 2600 loss 0.0152
INFO:name:epoch 2 step 2700 loss 0.01406
INFO:name:epoch 2 step 2800 loss 0.0194
INFO:name:epoch 2 step 2900 loss 0.01659
INFO:name:epoch 2 step 3000 loss 0.01675
INFO:name:epoch 2 step 3100 loss 0.01858
INFO:name:epoch 2 step 3200 loss 0.01548
INFO:name:epoch 2 step 3300 loss 0.02142
INFO:name:epoch 2 step 3400 loss 0.01742
INFO:name:epoch 2 step 3500 loss 0.02154
INFO:name:epoch 2 step 3600 loss 0.01848
INFO:name:epoch 2 step 3700 loss 0.01912
INFO:name:epoch 2 step 3800 loss 0.01385
INFO:name:epoch 2 step 3900 loss 0.01895
INFO:name:epoch 2 step 4000 loss 0.0133
INFO:name:epoch 2 step 4100 loss 0.01772
INFO:name:epoch 2 step 4200 loss 0.0147
INFO:name:epoch 2 step 4300 loss 0.01754
INFO:name:epoch 2 step 4400 loss 0.01682
INFO:name:epoch 2 step 4500 loss 0.0131
INFO:name:epoch 2 step 4600 loss 0.02063
INFO:name:epoch 2 step 4700 loss 0.01443
INFO:name:epoch 2 step 4800 loss 0.02263
INFO:name:epoch 2 step 4900 loss 0.02291
INFO:name:epoch 2 step 5000 loss 0.01716
INFO:name:epoch 2 step 5100 loss 0.02368
INFO:name:epoch 2 step 5200 loss 0.02134
INFO:name:epoch 2 step 5300 loss 0.01504
INFO:name:epoch 2 step 5400 loss 0.02104
INFO:name:epoch 2 step 5500 loss 0.01674
INFO:name:epoch 2 step 5600 loss 0.02364
INFO:name:epoch 2 step 5700 loss 0.01832
INFO:name:epoch 2 step 5800 loss 0.01518
INFO:name:epoch 2 step 5900 loss 0.0213
INFO:name:epoch 2 step 6000 loss 0.01572
INFO:name:epoch 2 step 6100 loss 0.02003
INFO:name:epoch 2 step 6200 loss 0.01866
INFO:name:epoch 2 step 6300 loss 0.02022
INFO:name:epoch 2 step 6400 loss 0.01603
INFO:name:epoch 2 step 6500 loss 0.03075
INFO:name:epoch 2 step 6600 loss 0.01849
INFO:name:epoch 2 step 6700 loss 0.01629
INFO:name:epoch 2 step 6800 loss 0.02225
INFO:name:epoch 2 step 6900 loss 0.02055
INFO:name:epoch 2 step 7000 loss 0.01991
INFO:name:epoch 2 step 7100 loss 0.01603
INFO:name:epoch 2 step 7200 loss 0.01619
INFO:name:epoch 2 step 7300 loss 0.01494
INFO:name:epoch 2 step 7400 loss 0.01929
INFO:name:epoch 2 step 7500 loss 0.0233
INFO:name:epoch 2 step 7600 loss 0.01578
INFO:name:epoch 2 step 7700 loss 0.01405
INFO:name:epoch 2 step 7800 loss 0.0252
INFO:name:***** Running evaluation *****
INFO:name:  Num queries = 9604
INFO:name:  Num codes = 9604
INFO:name:  Batch size = 32
INFO:name:  eval_mrr = 0.3769
INFO:name:epoch 3 step 100 loss 0.01115
INFO:name:epoch 3 step 200 loss 0.01041
INFO:name:epoch 3 step 300 loss 0.01263
INFO:name:epoch 3 step 400 loss 0.00814
INFO:name:epoch 3 step 500 loss 0.01063
INFO:name:epoch 3 step 600 loss 0.00984
INFO:name:epoch 3 step 700 loss 0.01109
INFO:name:epoch 3 step 800 loss 0.00771
INFO:name:epoch 3 step 900 loss 0.00893
INFO:name:epoch 3 step 1000 loss 0.00823
INFO:name:epoch 3 step 1100 loss 0.01097
INFO:name:epoch 3 step 1200 loss 0.00912
INFO:name:epoch 3 step 1300 loss 0.01173
INFO:name:epoch 3 step 1400 loss 0.00688
INFO:name:epoch 3 step 1500 loss 0.01043
INFO:name:epoch 3 step 1600 loss 0.01013
INFO:name:epoch 3 step 1700 loss 0.00898
INFO:name:epoch 3 step 1800 loss 0.01188
INFO:name:epoch 3 step 1900 loss 0.0095
INFO:name:epoch 3 step 2000 loss 0.00787
INFO:name:epoch 3 step 2100 loss 0.01097
INFO:name:epoch 3 step 2200 loss 0.01107
INFO:name:epoch 3 step 2300 loss 0.00973
INFO:name:epoch 3 step 2400 loss 0.01125
INFO:name:epoch 3 step 2500 loss 0.01153
INFO:name:epoch 3 step 2600 loss 0.01185
INFO:name:epoch 3 step 2700 loss 0.01029
INFO:name:epoch 3 step 2800 loss 0.00812
INFO:name:epoch 3 step 2900 loss 0.01006
INFO:name:epoch 3 step 3000 loss 0.00882
INFO:name:epoch 3 step 3100 loss 0.01185
INFO:name:epoch 3 step 3200 loss 0.01071
INFO:name:epoch 3 step 3300 loss 0.00836
INFO:name:epoch 3 step 3400 loss 0.00952
INFO:name:epoch 3 step 3500 loss 0.01229
INFO:name:epoch 3 step 3600 loss 0.01033
INFO:name:epoch 3 step 3700 loss 0.00947
INFO:name:epoch 3 step 3800 loss 0.01063
INFO:name:epoch 3 step 3900 loss 0.00977
INFO:name:epoch 3 step 4000 loss 0.0122
INFO:name:epoch 3 step 4100 loss 0.01277
INFO:name:epoch 3 step 4200 loss 0.00988
INFO:name:epoch 3 step 4300 loss 0.0084
INFO:name:epoch 3 step 4400 loss 0.01269
INFO:name:epoch 3 step 4500 loss 0.01199
INFO:name:epoch 3 step 4600 loss 0.00714
INFO:name:epoch 3 step 4700 loss 0.00936
INFO:name:epoch 3 step 4800 loss 0.00971
INFO:name:epoch 3 step 4900 loss 0.01273
INFO:name:epoch 3 step 5000 loss 0.01041
INFO:name:epoch 3 step 5100 loss 0.01176
INFO:name:epoch 3 step 5200 loss 0.01036
INFO:name:epoch 3 step 5300 loss 0.01146
INFO:name:epoch 3 step 5400 loss 0.00924
INFO:name:epoch 3 step 5500 loss 0.00947
INFO:name:epoch 3 step 5600 loss 0.00743
INFO:name:epoch 3 step 5700 loss 0.00984
INFO:name:epoch 3 step 5800 loss 0.00734
INFO:name:epoch 3 step 5900 loss 0.0082
INFO:name:epoch 3 step 6000 loss 0.00793
INFO:name:epoch 3 step 6100 loss 0.0103
INFO:name:epoch 3 step 6200 loss 0.00847
INFO:name:epoch 3 step 6300 loss 0.00931
INFO:name:epoch 3 step 6400 loss 0.00974
INFO:name:epoch 3 step 6500 loss 0.01259
INFO:name:epoch 3 step 6600 loss 0.00953
INFO:name:epoch 3 step 6700 loss 0.01473
INFO:name:epoch 3 step 6800 loss 0.01131
INFO:name:epoch 3 step 6900 loss 0.00994
INFO:name:epoch 3 step 7000 loss 0.01326
INFO:name:epoch 3 step 7100 loss 0.01154
INFO:name:epoch 3 step 7200 loss 0.01401
INFO:name:epoch 3 step 7300 loss 0.01064
INFO:name:epoch 3 step 7400 loss 0.0114
INFO:name:epoch 3 step 7500 loss 0.01121
INFO:name:epoch 3 step 7600 loss 0.00925
INFO:name:epoch 3 step 7700 loss 0.0098
INFO:name:epoch 3 step 7800 loss 0.01095
INFO:name:***** Running evaluation *****
INFO:name:  Num queries = 9604
INFO:name:  Num codes = 9604
INFO:name:  Batch size = 32
INFO:name:  eval_mrr = 0.3637
INFO:name:epoch 4 step 100 loss 0.00971
INFO:name:epoch 4 step 200 loss 0.00949
INFO:name:epoch 4 step 300 loss 0.00797
INFO:name:epoch 4 step 400 loss 0.00752
INFO:name:epoch 4 step 500 loss 0.00884
INFO:name:epoch 4 step 600 loss 0.00618
INFO:name:epoch 4 step 700 loss 0.01075
INFO:name:epoch 4 step 800 loss 0.00881
INFO:name:epoch 4 step 900 loss 0.00806
INFO:name:epoch 4 step 1000 loss 0.00697
INFO:name:epoch 4 step 1100 loss 0.00909
INFO:name:epoch 4 step 1200 loss 0.0085
INFO:name:epoch 4 step 1300 loss 0.00929
INFO:name:epoch 4 step 1400 loss 0.0072
INFO:name:epoch 4 step 1500 loss 0.00561
INFO:name:epoch 4 step 1600 loss 0.00641
INFO:name:epoch 4 step 1700 loss 0.00589
INFO:name:epoch 4 step 1800 loss 0.00726
INFO:name:epoch 4 step 1900 loss 0.00514
INFO:name:epoch 4 step 2000 loss 0.00461
INFO:name:epoch 4 step 2100 loss 0.00826
INFO:name:epoch 4 step 2200 loss 0.00726
INFO:name:epoch 4 step 2300 loss 0.00803
INFO:name:epoch 4 step 2400 loss 0.00569
INFO:name:epoch 4 step 2500 loss 0.0075
INFO:name:epoch 4 step 2600 loss 0.00708
INFO:name:epoch 4 step 2700 loss 0.01069
INFO:name:epoch 4 step 2800 loss 0.00574
INFO:name:epoch 4 step 2900 loss 0.00686
INFO:name:epoch 4 step 3000 loss 0.00687
INFO:name:epoch 4 step 3100 loss 0.00725
INFO:name:epoch 4 step 3200 loss 0.00549
INFO:name:epoch 4 step 3300 loss 0.00706
INFO:name:epoch 4 step 3400 loss 0.00861
INFO:name:epoch 4 step 3500 loss 0.00773
INFO:name:epoch 4 step 3600 loss 0.00701
INFO:name:epoch 4 step 3700 loss 0.00969
INFO:name:epoch 4 step 3800 loss 0.0051
INFO:name:epoch 4 step 3900 loss 0.00753
INFO:name:epoch 4 step 4000 loss 0.00648
INFO:name:epoch 4 step 4100 loss 0.00684
INFO:name:epoch 4 step 4200 loss 0.01057
INFO:name:epoch 4 step 4300 loss 0.00848
INFO:name:epoch 4 step 4400 loss 0.00856
INFO:name:epoch 4 step 4500 loss 0.00958
INFO:name:epoch 4 step 4600 loss 0.00845
INFO:name:epoch 4 step 4700 loss 0.00686
INFO:name:epoch 4 step 4800 loss 0.00863
INFO:name:epoch 4 step 4900 loss 0.00648
INFO:name:epoch 4 step 5000 loss 0.00614
INFO:name:epoch 4 step 5100 loss 0.0087
INFO:name:epoch 4 step 5200 loss 0.00995
INFO:name:epoch 4 step 5300 loss 0.00661
INFO:name:epoch 4 step 5400 loss 0.01083
INFO:name:epoch 4 step 5500 loss 0.00761
INFO:name:epoch 4 step 5600 loss 0.00814
INFO:name:epoch 4 step 5700 loss 0.00843
INFO:name:epoch 4 step 5800 loss 0.00793
INFO:name:epoch 4 step 5900 loss 0.00829
INFO:name:epoch 4 step 6000 loss 0.00885
INFO:name:epoch 4 step 6100 loss 0.00945
INFO:name:epoch 4 step 6200 loss 0.00578
INFO:name:epoch 4 step 6300 loss 0.00817
INFO:name:epoch 4 step 6400 loss 0.0066
INFO:name:epoch 4 step 6500 loss 0.00642
INFO:name:epoch 4 step 6600 loss 0.00887
INFO:name:epoch 4 step 6700 loss 0.00874
INFO:name:epoch 4 step 6800 loss 0.00882
INFO:name:epoch 4 step 6900 loss 0.00655
INFO:name:epoch 4 step 7000 loss 0.00689
INFO:name:epoch 4 step 7100 loss 0.00753
INFO:name:epoch 4 step 7200 loss 0.00918
INFO:name:epoch 4 step 7300 loss 0.01036
INFO:name:epoch 4 step 7400 loss 0.00668
INFO:name:epoch 4 step 7500 loss 0.00674
INFO:name:epoch 4 step 7600 loss 0.00803
INFO:name:epoch 4 step 7700 loss 0.00761
INFO:name:epoch 4 step 7800 loss 0.00618
INFO:name:***** Running evaluation *****
INFO:name:  Num queries = 9604
INFO:name:  Num codes = 9604
INFO:name:  Batch size = 32
INFO:name:  eval_mrr = 0.36
INFO:name:epoch 5 step 100 loss 0.00566
INFO:name:epoch 5 step 200 loss 0.00536
INFO:name:epoch 5 step 300 loss 0.00671
INFO:name:epoch 5 step 400 loss 0.00544
INFO:name:epoch 5 step 500 loss 0.00835
INFO:name:epoch 5 step 600 loss 0.00545
INFO:name:epoch 5 step 700 loss 0.00695
INFO:name:epoch 5 step 800 loss 0.00516
INFO:name:epoch 5 step 900 loss 0.00456
INFO:name:epoch 5 step 1000 loss 0.00513
INFO:name:epoch 5 step 1100 loss 0.00549
INFO:name:epoch 5 step 1200 loss 0.00387
INFO:name:epoch 5 step 1300 loss 0.00755
INFO:name:epoch 5 step 1400 loss 0.00788
INFO:name:epoch 5 step 1500 loss 0.00613
INFO:name:epoch 5 step 1600 loss 0.00605
INFO:name:epoch 5 step 1700 loss 0.00514
INFO:name:epoch 5 step 1800 loss 0.00446
INFO:name:epoch 5 step 1900 loss 0.00487
INFO:name:epoch 5 step 2000 loss 0.00462
INFO:name:epoch 5 step 2100 loss 0.00412
INFO:name:epoch 5 step 2200 loss 0.00406
INFO:name:epoch 5 step 2300 loss 0.00403
INFO:name:epoch 5 step 2400 loss 0.00465
INFO:name:epoch 5 step 2500 loss 0.00747
INFO:name:epoch 5 step 2600 loss 0.00406
INFO:name:epoch 5 step 2700 loss 0.00587
INFO:name:epoch 5 step 2800 loss 0.00522
INFO:name:epoch 5 step 2900 loss 0.00775
INFO:name:epoch 5 step 3000 loss 0.0051
INFO:name:epoch 5 step 3100 loss 0.00575
INFO:name:epoch 5 step 3200 loss 0.00654
INFO:name:epoch 5 step 3300 loss 0.00608
INFO:name:epoch 5 step 3400 loss 0.00722
INFO:name:epoch 5 step 3500 loss 0.00667
INFO:name:epoch 5 step 3600 loss 0.00755
INFO:name:epoch 5 step 3700 loss 0.00593
INFO:name:epoch 5 step 3800 loss 0.00529
INFO:name:epoch 5 step 3900 loss 0.00355
INFO:name:epoch 5 step 4000 loss 0.00655
INFO:name:epoch 5 step 4100 loss 0.00393
INFO:name:epoch 5 step 4200 loss 0.00521
INFO:name:epoch 5 step 4300 loss 0.00397
INFO:name:epoch 5 step 4400 loss 0.0065
INFO:name:epoch 5 step 4500 loss 0.00585
INFO:name:epoch 5 step 4600 loss 0.00534
INFO:name:epoch 5 step 4700 loss 0.00683
INFO:name:epoch 5 step 4800 loss 0.00462
INFO:name:epoch 5 step 4900 loss 0.00624
INFO:name:epoch 5 step 5000 loss 0.00414
INFO:name:epoch 5 step 5100 loss 0.00629
INFO:name:epoch 5 step 5200 loss 0.00487
INFO:name:epoch 5 step 5300 loss 0.00664
INFO:name:epoch 5 step 5400 loss 0.00763
INFO:name:epoch 5 step 5500 loss 0.00407
INFO:name:epoch 5 step 5600 loss 0.00508
INFO:name:epoch 5 step 5700 loss 0.00599
INFO:name:epoch 5 step 5800 loss 0.00645
INFO:name:epoch 5 step 5900 loss 0.00503
INFO:name:epoch 5 step 6000 loss 0.00582
INFO:name:epoch 5 step 6100 loss 0.00582
INFO:name:epoch 5 step 6200 loss 0.00475
INFO:name:epoch 5 step 6300 loss 0.00696
INFO:name:epoch 5 step 6400 loss 0.0047
INFO:name:epoch 5 step 6500 loss 0.00544
INFO:name:epoch 5 step 6600 loss 0.00529
INFO:name:epoch 5 step 6700 loss 0.00586
INFO:name:epoch 5 step 6800 loss 0.00579
INFO:name:epoch 5 step 6900 loss 0.00468
INFO:name:epoch 5 step 7000 loss 0.00589
INFO:name:epoch 5 step 7100 loss 0.00737
INFO:name:epoch 5 step 7200 loss 0.00713
INFO:name:epoch 5 step 7300 loss 0.00468
INFO:name:epoch 5 step 7400 loss 0.00438
INFO:name:epoch 5 step 7500 loss 0.00455
INFO:name:epoch 5 step 7600 loss 0.00471
INFO:name:epoch 5 step 7700 loss 0.00448
INFO:name:epoch 5 step 7800 loss 0.006
INFO:name:***** Running evaluation *****
INFO:name:  Num queries = 9604
INFO:name:  Num codes = 9604
INFO:name:  Batch size = 32
INFO:name:  eval_mrr = 0.3735
INFO:name:epoch 6 step 100 loss 0.00538
INFO:name:epoch 6 step 200 loss 0.00389
INFO:name:epoch 6 step 300 loss 0.0074
INFO:name:epoch 6 step 400 loss 0.00461
INFO:name:epoch 6 step 500 loss 0.00476
INFO:name:epoch 6 step 600 loss 0.00513
INFO:name:epoch 6 step 700 loss 0.00474
INFO:name:epoch 6 step 800 loss 0.00515
INFO:name:epoch 6 step 900 loss 0.00628
INFO:name:epoch 6 step 1000 loss 0.00497
INFO:name:epoch 6 step 1100 loss 0.00349
INFO:name:epoch 6 step 1200 loss 0.00438
INFO:name:epoch 6 step 1300 loss 0.0044
INFO:name:epoch 6 step 1400 loss 0.00478
INFO:name:epoch 6 step 1500 loss 0.00378
INFO:name:epoch 6 step 1600 loss 0.00379
INFO:name:epoch 6 step 1700 loss 0.00352
INFO:name:epoch 6 step 1800 loss 0.00756
INFO:name:epoch 6 step 1900 loss 0.00445
INFO:name:epoch 6 step 2000 loss 0.0064
INFO:name:epoch 6 step 2100 loss 0.00274
INFO:name:epoch 6 step 2200 loss 0.0059
INFO:name:epoch 6 step 2300 loss 0.0062
INFO:name:epoch 6 step 2400 loss 0.00377
INFO:name:epoch 6 step 2500 loss 0.00325
INFO:name:epoch 6 step 2600 loss 0.00574
INFO:name:epoch 6 step 2700 loss 0.00338
INFO:name:epoch 6 step 2800 loss 0.00513
INFO:name:epoch 6 step 2900 loss 0.00404
INFO:name:epoch 6 step 3000 loss 0.00431
INFO:name:epoch 6 step 3100 loss 0.00545
INFO:name:epoch 6 step 3200 loss 0.00416
INFO:name:epoch 6 step 3300 loss 0.00516
INFO:name:epoch 6 step 3400 loss 0.00487
INFO:name:epoch 6 step 3500 loss 0.00431
INFO:name:epoch 6 step 3600 loss 0.00478
INFO:name:epoch 6 step 3700 loss 0.00483
INFO:name:epoch 6 step 3800 loss 0.00366
INFO:name:epoch 6 step 3900 loss 0.00411
INFO:name:epoch 6 step 4000 loss 0.0037
INFO:name:epoch 6 step 4100 loss 0.00491
INFO:name:epoch 6 step 4200 loss 0.00451
INFO:name:epoch 6 step 4300 loss 0.00517
INFO:name:epoch 6 step 4400 loss 0.00347
INFO:name:epoch 6 step 4500 loss 0.00526
INFO:name:epoch 6 step 4600 loss 0.00412
INFO:name:epoch 6 step 4700 loss 0.00423
INFO:name:epoch 6 step 4800 loss 0.00572
INFO:name:epoch 6 step 4900 loss 0.00613
INFO:name:epoch 6 step 5000 loss 0.00559
INFO:name:epoch 6 step 5100 loss 0.00693
INFO:name:epoch 6 step 5200 loss 0.00384
INFO:name:epoch 6 step 5300 loss 0.0065
INFO:name:epoch 6 step 5400 loss 0.00456
INFO:name:epoch 6 step 5500 loss 0.00447
INFO:name:epoch 6 step 5600 loss 0.00419
INFO:name:epoch 6 step 5700 loss 0.00537
INFO:name:epoch 6 step 5800 loss 0.00557
INFO:name:epoch 6 step 5900 loss 0.00337
INFO:name:epoch 6 step 6000 loss 0.00491
INFO:name:epoch 6 step 6100 loss 0.00522
INFO:name:epoch 6 step 6200 loss 0.00374
INFO:name:epoch 6 step 6300 loss 0.0043
INFO:name:epoch 6 step 6400 loss 0.0051
INFO:name:epoch 6 step 6500 loss 0.0039
INFO:name:epoch 6 step 6600 loss 0.00355
INFO:name:epoch 6 step 6700 loss 0.00372
INFO:name:epoch 6 step 6800 loss 0.00483
INFO:name:epoch 6 step 6900 loss 0.00437
INFO:name:epoch 6 step 7000 loss 0.00364
INFO:name:epoch 6 step 7100 loss 0.00401
INFO:name:epoch 6 step 7200 loss 0.00354
INFO:name:epoch 6 step 7300 loss 0.00538
INFO:name:epoch 6 step 7400 loss 0.00341
INFO:name:epoch 6 step 7500 loss 0.00505
INFO:name:epoch 6 step 7600 loss 0.00331
INFO:name:epoch 6 step 7700 loss 0.00282
INFO:name:epoch 6 step 7800 loss 0.00459
INFO:name:***** Running evaluation *****
INFO:name:  Num queries = 9604
INFO:name:  Num codes = 9604
INFO:name:  Batch size = 32
INFO:name:  eval_mrr = 0.3524
INFO:name:epoch 7 step 100 loss 0.00405
INFO:name:epoch 7 step 200 loss 0.00371
INFO:name:epoch 7 step 300 loss 0.00454
INFO:name:epoch 7 step 400 loss 0.00462
INFO:name:epoch 7 step 500 loss 0.00471
INFO:name:epoch 7 step 600 loss 0.00334
INFO:name:epoch 7 step 700 loss 0.00384
INFO:name:epoch 7 step 800 loss 0.00344
INFO:name:epoch 7 step 900 loss 0.00512
INFO:name:epoch 7 step 1000 loss 0.00377
INFO:name:epoch 7 step 1100 loss 0.00378
INFO:name:epoch 7 step 1200 loss 0.00375
INFO:name:epoch 7 step 1300 loss 0.00455
INFO:name:epoch 7 step 1400 loss 0.00398
INFO:name:epoch 7 step 1500 loss 0.0053
INFO:name:epoch 7 step 1600 loss 0.00335
INFO:name:epoch 7 step 1700 loss 0.00428
INFO:name:epoch 7 step 1800 loss 0.00258
INFO:name:epoch 7 step 1900 loss 0.00646
INFO:name:epoch 7 step 2000 loss 0.00353
INFO:name:epoch 7 step 2100 loss 0.00523
INFO:name:epoch 7 step 2200 loss 0.0022
INFO:name:epoch 7 step 2300 loss 0.00366
INFO:name:epoch 7 step 2400 loss 0.00286
INFO:name:epoch 7 step 2500 loss 0.00371
INFO:name:epoch 7 step 2600 loss 0.00315
INFO:name:epoch 7 step 2700 loss 0.00285
INFO:name:epoch 7 step 2800 loss 0.00241
INFO:name:epoch 7 step 2900 loss 0.00387
INFO:name:epoch 7 step 3000 loss 0.00465
INFO:name:epoch 7 step 3100 loss 0.0041
INFO:name:epoch 7 step 3200 loss 0.00403
INFO:name:epoch 7 step 3300 loss 0.00229
INFO:name:epoch 7 step 3400 loss 0.00332
INFO:name:epoch 7 step 3500 loss 0.00355
INFO:name:epoch 7 step 3600 loss 0.00325
INFO:name:epoch 7 step 3700 loss 0.00411
INFO:name:epoch 7 step 3800 loss 0.00453
INFO:name:epoch 7 step 3900 loss 0.00494
INFO:name:epoch 7 step 4000 loss 0.00399
INFO:name:epoch 7 step 4100 loss 0.00322
INFO:name:epoch 7 step 4200 loss 0.00344
INFO:name:epoch 7 step 4300 loss 0.0032
INFO:name:epoch 7 step 4400 loss 0.00238
INFO:name:epoch 7 step 4500 loss 0.00323
INFO:name:epoch 7 step 4600 loss 0.00374
INFO:name:epoch 7 step 4700 loss 0.00526
INFO:name:epoch 7 step 4800 loss 0.00348
INFO:name:epoch 7 step 4900 loss 0.00394
INFO:name:epoch 7 step 5000 loss 0.00408
INFO:name:epoch 7 step 5100 loss 0.00327
INFO:name:epoch 7 step 5200 loss 0.00467
INFO:name:epoch 7 step 5300 loss 0.00347
INFO:name:epoch 7 step 5400 loss 0.00503
INFO:name:epoch 7 step 5500 loss 0.00355
INFO:name:epoch 7 step 5600 loss 0.00306
INFO:name:epoch 7 step 5700 loss 0.00427
INFO:name:epoch 7 step 5800 loss 0.00291
INFO:name:epoch 7 step 5900 loss 0.00558
INFO:name:epoch 7 step 6000 loss 0.00292
INFO:name:epoch 7 step 6100 loss 0.00329
INFO:name:epoch 7 step 6200 loss 0.00307
INFO:name:epoch 7 step 6300 loss 0.00363
INFO:name:epoch 7 step 6400 loss 0.00373
INFO:name:epoch 7 step 6500 loss 0.00295
INFO:name:epoch 7 step 6600 loss 0.00302
INFO:name:epoch 7 step 6700 loss 0.00345
INFO:name:epoch 7 step 6800 loss 0.0038
INFO:name:epoch 7 step 6900 loss 0.00371
INFO:name:epoch 7 step 7000 loss 0.00461
INFO:name:epoch 7 step 7100 loss 0.00253
INFO:name:epoch 7 step 7200 loss 0.00301
INFO:name:epoch 7 step 7300 loss 0.0031
INFO:name:epoch 7 step 7400 loss 0.00368
INFO:name:epoch 7 step 7500 loss 0.00331
INFO:name:epoch 7 step 7600 loss 0.00338
INFO:name:epoch 7 step 7700 loss 0.00294
INFO:name:epoch 7 step 7800 loss 0.00417
INFO:name:***** Running evaluation *****
INFO:name:  Num queries = 9604
INFO:name:  Num codes = 9604
INFO:name:  Batch size = 32
INFO:name:  eval_mrr = 0.3629
INFO:name:epoch 8 step 100 loss 0.00267
INFO:name:epoch 8 step 200 loss 0.00417
INFO:name:epoch 8 step 300 loss 0.00254
INFO:name:epoch 8 step 400 loss 0.0045
INFO:name:epoch 8 step 500 loss 0.00315
INFO:name:epoch 8 step 600 loss 0.00437
INFO:name:epoch 8 step 700 loss 0.00316
INFO:name:epoch 8 step 800 loss 0.0041
INFO:name:epoch 8 step 900 loss 0.00388
INFO:name:epoch 8 step 1000 loss 0.0049
INFO:name:epoch 8 step 1100 loss 0.00263
INFO:name:epoch 8 step 1200 loss 0.00259
INFO:name:epoch 8 step 1300 loss 0.00357
INFO:name:epoch 8 step 1400 loss 0.00342
INFO:name:epoch 8 step 1500 loss 0.0047
INFO:name:epoch 8 step 1600 loss 0.00369
INFO:name:epoch 8 step 1700 loss 0.00319
INFO:name:epoch 8 step 1800 loss 0.00228
INFO:name:epoch 8 step 1900 loss 0.00277
INFO:name:epoch 8 step 2000 loss 0.00432
INFO:name:epoch 8 step 2100 loss 0.00239
INFO:name:epoch 8 step 2200 loss 0.00347
INFO:name:epoch 8 step 2300 loss 0.0036
INFO:name:epoch 8 step 2400 loss 0.00311
INFO:name:epoch 8 step 2500 loss 0.00302
INFO:name:epoch 8 step 2600 loss 0.00231
INFO:name:epoch 8 step 2700 loss 0.00278
INFO:name:epoch 8 step 2800 loss 0.00434
INFO:name:epoch 8 step 2900 loss 0.00387
INFO:name:epoch 8 step 3000 loss 0.00209
INFO:name:epoch 8 step 3100 loss 0.00499
INFO:name:epoch 8 step 3200 loss 0.00252
INFO:name:epoch 8 step 3300 loss 0.0029
INFO:name:epoch 8 step 3400 loss 0.00315
INFO:name:epoch 8 step 3500 loss 0.00259
INFO:name:epoch 8 step 3600 loss 0.00357
INFO:name:epoch 8 step 3700 loss 0.00401
INFO:name:epoch 8 step 3800 loss 0.00345
INFO:name:epoch 8 step 3900 loss 0.00254
INFO:name:epoch 8 step 4000 loss 0.00325
INFO:name:epoch 8 step 4100 loss 0.00346
INFO:name:epoch 8 step 4200 loss 0.00279
INFO:name:epoch 8 step 4300 loss 0.00372
INFO:name:epoch 8 step 4400 loss 0.00499
INFO:name:epoch 8 step 4500 loss 0.00309
INFO:name:epoch 8 step 4600 loss 0.00337
INFO:name:epoch 8 step 4700 loss 0.00335
INFO:name:epoch 8 step 4800 loss 0.00284
INFO:name:epoch 8 step 4900 loss 0.00561
INFO:name:epoch 8 step 5000 loss 0.00303
INFO:name:epoch 8 step 5100 loss 0.00212
INFO:name:epoch 8 step 5200 loss 0.00321
INFO:name:epoch 8 step 5300 loss 0.00305
INFO:name:epoch 8 step 5400 loss 0.00468
INFO:name:epoch 8 step 5500 loss 0.00266
INFO:name:epoch 8 step 5600 loss 0.00327
INFO:name:epoch 8 step 5700 loss 0.0037
INFO:name:epoch 8 step 5800 loss 0.00295
INFO:name:epoch 8 step 5900 loss 0.00354
INFO:name:epoch 8 step 6000 loss 0.00428
INFO:name:epoch 8 step 6100 loss 0.00466
INFO:name:epoch 8 step 6200 loss 0.00296
INFO:name:epoch 8 step 6300 loss 0.00283
INFO:name:epoch 8 step 6400 loss 0.00242
INFO:name:epoch 8 step 6500 loss 0.0033
INFO:name:epoch 8 step 6600 loss 0.00489
INFO:name:epoch 8 step 6700 loss 0.00249
INFO:name:epoch 8 step 6800 loss 0.00211
INFO:name:epoch 8 step 6900 loss 0.00417
INFO:name:epoch 8 step 7000 loss 0.00266
INFO:name:epoch 8 step 7100 loss 0.00382
INFO:name:epoch 8 step 7200 loss 0.0039
INFO:name:epoch 8 step 7300 loss 0.00387
INFO:name:epoch 8 step 7400 loss 0.00344
INFO:name:epoch 8 step 7500 loss 0.00242
INFO:name:epoch 8 step 7600 loss 0.00195
INFO:name:epoch 8 step 7700 loss 0.00277
INFO:name:epoch 8 step 7800 loss 0.0022
INFO:name:***** Running evaluation *****
INFO:name:  Num queries = 9604
INFO:name:  Num codes = 9604
INFO:name:  Batch size = 32
INFO:name:  eval_mrr = 0.3637
INFO:name:epoch 9 step 100 loss 0.00252
INFO:name:epoch 9 step 200 loss 0.00248
INFO:name:epoch 9 step 300 loss 0.00374
INFO:name:epoch 9 step 400 loss 0.00311
INFO:name:epoch 9 step 500 loss 0.00285
INFO:name:epoch 9 step 600 loss 0.00489
INFO:name:epoch 9 step 700 loss 0.00211
INFO:name:epoch 9 step 800 loss 0.00251
INFO:name:epoch 9 step 900 loss 0.00262
INFO:name:epoch 9 step 1000 loss 0.00336
INFO:name:epoch 9 step 1100 loss 0.00359
INFO:name:epoch 9 step 1200 loss 0.00253
INFO:name:epoch 9 step 1300 loss 0.00278
INFO:name:epoch 9 step 1400 loss 0.00202
INFO:name:epoch 9 step 1500 loss 0.00256
INFO:name:epoch 9 step 1600 loss 0.0025
INFO:name:epoch 9 step 1700 loss 0.00253
INFO:name:epoch 9 step 1800 loss 0.00297
INFO:name:epoch 9 step 1900 loss 0.00296
INFO:name:epoch 9 step 2000 loss 0.00359
INFO:name:epoch 9 step 2100 loss 0.0022
INFO:name:epoch 9 step 2200 loss 0.00378
INFO:name:epoch 9 step 2300 loss 0.00417
INFO:name:epoch 9 step 2400 loss 0.00265
INFO:name:epoch 9 step 2500 loss 0.00393
INFO:name:epoch 9 step 2600 loss 0.00392
INFO:name:epoch 9 step 2700 loss 0.00151
INFO:name:epoch 9 step 2800 loss 0.0023
INFO:name:epoch 9 step 2900 loss 0.00333
INFO:name:epoch 9 step 3000 loss 0.00515
INFO:name:epoch 9 step 3100 loss 0.00297
INFO:name:epoch 9 step 3200 loss 0.0042
INFO:name:epoch 9 step 3300 loss 0.00289
INFO:name:epoch 9 step 3400 loss 0.00366
INFO:name:epoch 9 step 3500 loss 0.00198
INFO:name:epoch 9 step 3600 loss 0.00224
INFO:name:epoch 9 step 3700 loss 0.00513
INFO:name:epoch 9 step 3800 loss 0.00249
INFO:name:epoch 9 step 3900 loss 0.00345
INFO:name:epoch 9 step 4000 loss 0.00387
INFO:name:epoch 9 step 4100 loss 0.004
INFO:name:epoch 9 step 4200 loss 0.00289
INFO:name:epoch 9 step 4300 loss 0.00274
INFO:name:epoch 9 step 4400 loss 0.00326
INFO:name:epoch 9 step 4500 loss 0.00251
INFO:name:epoch 9 step 4600 loss 0.00244
INFO:name:epoch 9 step 4700 loss 0.00368
INFO:name:epoch 9 step 4800 loss 0.00379
INFO:name:epoch 9 step 4900 loss 0.00321
INFO:name:epoch 9 step 5000 loss 0.0022
INFO:name:epoch 9 step 5100 loss 0.0034
INFO:name:epoch 9 step 5200 loss 0.00206
INFO:name:epoch 9 step 5300 loss 0.00192
INFO:name:epoch 9 step 5400 loss 0.00289
INFO:name:epoch 9 step 5500 loss 0.004
INFO:name:epoch 9 step 5600 loss 0.00387
INFO:name:epoch 9 step 5700 loss 0.00255
INFO:name:epoch 9 step 5800 loss 0.00374
INFO:name:epoch 9 step 5900 loss 0.00265
INFO:name:epoch 9 step 6000 loss 0.00289
INFO:name:epoch 9 step 6100 loss 0.00288
INFO:name:epoch 9 step 6200 loss 0.00267
INFO:name:epoch 9 step 6300 loss 0.00297
INFO:name:epoch 9 step 6400 loss 0.00255
INFO:name:epoch 9 step 6500 loss 0.00373
INFO:name:epoch 9 step 6600 loss 0.00211
INFO:name:epoch 9 step 6700 loss 0.00241
INFO:name:epoch 9 step 6800 loss 0.00242
INFO:name:epoch 9 step 6900 loss 0.003
INFO:name:epoch 9 step 7000 loss 0.00239
INFO:name:epoch 9 step 7100 loss 0.00297
INFO:name:epoch 9 step 7200 loss 0.0019
INFO:name:epoch 9 step 7300 loss 0.00498
INFO:name:epoch 9 step 7400 loss 0.00236
INFO:name:epoch 9 step 7500 loss 0.00302
INFO:name:epoch 9 step 7600 loss 0.00318
INFO:name:epoch 9 step 7700 loss 0.00201
INFO:name:epoch 9 step 7800 loss 0.00411
INFO:name:***** Running evaluation *****
INFO:name:  Num queries = 9604
INFO:name:  Num codes = 9604
INFO:name:  Batch size = 32
INFO:name:  eval_mrr = 0.3707
INFO:name:Saving model checkpoint to ./models/final_model_codeSearch/model.bin
INFO:name:  Num queries = 19210
INFO:name:  Num codes = 19210
INFO:name:  Batch size = 32
train results ([0.12262227167402012, 0.039899006302063465, 0.017867591743070288, 0.010265510721154199, 0.007707922125380978, 0.0055988082582688475, 0.004636266243973852, 0.0037259004064602538, 0.003335764449263168, 0.00303878388583006], [0.37277386625197323, 0.38227742389521024, 0.3768550781613374, 0.3636961364152628, 0.35998071527073217, 0.3734852207150234, 0.35243801372108996, 0.36287135269954257, 0.363709041015225, 0.37073891142942117])
