/home/aakli/miniconda3/envs/adapter/lib/python3.10/site-packages/transformers/utils/generic.py:260: UserWarning: torch.utils._pytree._register_pytree_node is deprecated. Please use torch.utils._pytree.register_pytree_node instead.
  torch.utils._pytree._register_pytree_node(
INFO:name:device: cuda:2, n_gpu: 1
DEBUG:urllib3.connectionpool:Starting new HTTPS connection (1): huggingface.co:443
DEBUG:urllib3.connectionpool:https://huggingface.co:443 "HEAD /microsoft/unixcoder-base/resolve/main/config.json HTTP/1.1" 200 0
DEBUG:urllib3.connectionpool:https://huggingface.co:443 "HEAD /microsoft/unixcoder-base/resolve/main/tokenizer_config.json HTTP/1.1" 200 0
INFO:name:Preparing the Dataset...

INFO:name:Preparing the Dataset...

INFO:name:Preparing the Dataset...

root
├── embeddings (RobertaEmbeddings)
│   ├── word_embeddings (Embedding) weight:[51416, 768]
│   ├── position_embeddings (Embedding) weight:[1026, 768]
│   ├── token_type_embeddings (Embedding) weight:[10, 768]
│   └── LayerNorm (LayerNorm) weight:[768] bias:[768]
├── encoder (RobertaEncoder)
│   └── layer (ModuleList)
│       └── 0-11(RobertaLayer)
│           ├── attention (RobertaAttention)
│           │   ├── self (RobertaSelfAttention)
│           │   │   └── query,key,value(Linear) weight:[768, 768] bias:[768]
│           │   └── output (RobertaSelfOutput)
│           │       ├── dense (Linear) weight:[768, 768] bias:[768]
│           │       │   └── adapter (AdapterLayer)
│           │       │       └── modulelist (Sequential)
│           │       │           ├── down_proj (Linear) weight:[64, 768] bias:[64]
│           │       │           └── up_proj (Linear) weight:[768, 64] bias:[768]
│           │       └── LayerNorm (LayerNorm) weight:[768] bias:[768]
│           ├── intermediate (RobertaIntermediate)
│           │   └── dense (Linear) weight:[3072, 768] bias:[3072]
│           └── output (RobertaOutput)
│               ├── dense (Linear) weight:[768, 3072] bias:[768]
│               │   └── adapter (AdapterLayer)
│               │       └── modulelist (Sequential)
│               │           ├── down_proj (Linear) weight:[64, 768] bias:[64]
│               │           └── up_proj (Linear) weight:[768, 64] bias:[768]
│               └── LayerNorm (LayerNorm) weight:[768] bias:[768]
└── pooler (RobertaPooler)
    └── dense (Linear) weight:[768, 768] bias:[768]
[INFO|(OpenDelta)basemodel:700]2025-01-13 20:37:27,274 >> Trainable Ratio: 2379264/128308992=1.854324%
[INFO|(OpenDelta)basemodel:702]2025-01-13 20:37:27,274 >> Delta Parameter Ratio: 2379264/128308992=1.854324%
[INFO|(OpenDelta)basemodel:704]2025-01-13 20:37:27,274 >> Static Memory 0.00 GB, Max Memory 0.00 GB
INFO:name:***** Running training *****
INFO:name:  Num examples = 90102
INFO:name:  Num Epochs = 15
INFO:name:  Total train batch size  = 32
INFO:name:  Total optimization steps = 42240
INFO:name:Epoch 0 Step 99 Train Loss 0.698   Accuracy 48.156 
INFO:name:Epoch 0 Step 199 Train Loss 0.695   Accuracy 49.953 
INFO:name:Epoch 0 Step 299 Train Loss 0.695   Accuracy 49.938 
INFO:name:Epoch 0 Step 399 Train Loss 0.695   Accuracy 50.211 
INFO:name:Epoch 0 Step 499 Train Loss 0.694   Accuracy 50.406 
INFO:name:Epoch 0 Step 599 Train Loss 0.693   Accuracy 51.63 
INFO:name:Epoch 0 Step 699 Train Loss 0.673   Accuracy 55.17 
INFO:name:Epoch 0 Step 799 Train Loss 0.649   Accuracy 58.195 
INFO:name:Epoch 0 Step 899 Train Loss 0.629   Accuracy 60.747 
INFO:name:Epoch 0 Step 999 Train Loss 0.612   Accuracy 62.794 
INFO:name:Epoch 0 Step 1099 Train Loss 0.598   Accuracy 64.52 
INFO:name:Epoch 0 Step 1199 Train Loss 0.586   Accuracy 65.984 
INFO:name:Epoch 0 Step 1299 Train Loss 0.576   Accuracy 67.2 
INFO:name:Epoch 0 Step 1399 Train Loss 0.566   Accuracy 68.254 
INFO:name:Epoch 0 Step 1499 Train Loss 0.558   Accuracy 69.204 
INFO:name:Epoch 0 Step 1599 Train Loss 0.549   Accuracy 70.068 
INFO:name:Epoch 0 Step 1699 Train Loss 0.541   Accuracy 70.853 
INFO:name:Epoch 0 Step 1799 Train Loss 0.532   Accuracy 71.594 
INFO:name:Epoch 0 Step 1899 Train Loss 0.522   Accuracy 72.373 
INFO:name:Epoch 0 Step 1999 Train Loss 0.514   Accuracy 73.027 
INFO:name:Epoch 0 Step 2099 Train Loss 0.505   Accuracy 73.707 
INFO:name:Epoch 0 Step 2199 Train Loss 0.497   Accuracy 74.263 
INFO:name:Epoch 0 Step 2299 Train Loss 0.489   Accuracy 74.83 
INFO:name:Epoch 0 Step 2399 Train Loss 0.482   Accuracy 75.362 
INFO:name:Epoch 0 Step 2499 Train Loss 0.474   Accuracy 75.854 
INFO:name:Epoch 0 Step 2599 Train Loss 0.467   Accuracy 76.35 
INFO:name:Epoch 0 Step 2699 Train Loss 0.46   Accuracy 76.801 
INFO:name:Epoch 0 Step 2799 Train Loss 0.453   Accuracy 77.217 
INFO:name:***** Running evaluation *****
INFO:name:  Num examples clone detection = 41541
INFO:name:  Batch size = 32 
INFO:name:  eval_loss = 0.2429
INFO:name:  eval_acc = 0.9275
INFO:name:  f1_score = 0.7562
INFO:name:  recall = 0.8559
INFO:name:  precision = 0.6773
INFO:name:
 ******************************
INFO:name:  Best F1 score :0.7562
INFO:name:  ******************************
INFO:name:
***** Test Results for clone detection 
INFO:name:
{'test_acc': 0.9277, 'test_f1_score': 0.7657, 'test_recall': 0.8603, 'test_precision': 0.6899}

INFO:name:Epoch 1 Step 99 Train Loss 0.264   Accuracy 89.406 
INFO:name:Epoch 1 Step 199 Train Loss 0.26   Accuracy 89.578 
INFO:name:Epoch 1 Step 299 Train Loss 0.258   Accuracy 89.792 
INFO:name:Epoch 1 Step 399 Train Loss 0.253   Accuracy 89.992 
INFO:name:Epoch 1 Step 499 Train Loss 0.248   Accuracy 90.125 
INFO:name:Epoch 1 Step 599 Train Loss 0.243   Accuracy 90.401 
INFO:name:Epoch 1 Step 699 Train Loss 0.238   Accuracy 90.728 
INFO:name:Epoch 1 Step 799 Train Loss 0.236   Accuracy 90.82 
INFO:name:Epoch 1 Step 899 Train Loss 0.233   Accuracy 91.0 
INFO:name:Epoch 1 Step 999 Train Loss 0.23   Accuracy 91.181 
INFO:name:Epoch 1 Step 1099 Train Loss 0.226   Accuracy 91.364 
INFO:name:Epoch 1 Step 1199 Train Loss 0.223   Accuracy 91.57 
INFO:name:Epoch 1 Step 1299 Train Loss 0.22   Accuracy 91.683 
INFO:name:Epoch 1 Step 1399 Train Loss 0.218   Accuracy 91.792 
INFO:name:Epoch 1 Step 1499 Train Loss 0.216   Accuracy 91.865 
INFO:name:Epoch 1 Step 1599 Train Loss 0.214   Accuracy 91.969 
INFO:name:Epoch 1 Step 1699 Train Loss 0.212   Accuracy 92.039 
INFO:name:Epoch 1 Step 1799 Train Loss 0.21   Accuracy 92.139 
INFO:name:Epoch 1 Step 1899 Train Loss 0.208   Accuracy 92.237 
INFO:name:Epoch 1 Step 1999 Train Loss 0.206   Accuracy 92.348 
INFO:name:Epoch 1 Step 2099 Train Loss 0.204   Accuracy 92.44 
INFO:name:Epoch 1 Step 2199 Train Loss 0.203   Accuracy 92.493 
INFO:name:Epoch 1 Step 2299 Train Loss 0.201   Accuracy 92.586 
INFO:name:Epoch 1 Step 2399 Train Loss 0.199   Accuracy 92.685 
INFO:name:Epoch 1 Step 2499 Train Loss 0.197   Accuracy 92.76 
INFO:name:Epoch 1 Step 2599 Train Loss 0.196   Accuracy 92.811 
INFO:name:Epoch 1 Step 2699 Train Loss 0.194   Accuracy 92.869 
INFO:name:Epoch 1 Step 2799 Train Loss 0.193   Accuracy 92.917 
INFO:name:***** Running evaluation *****
INFO:name:  Num examples clone detection = 41541
INFO:name:  Batch size = 32 
INFO:name:  eval_loss = 0.2072
INFO:name:  eval_acc = 0.9224
INFO:name:  f1_score = 0.7619
INFO:name:  recall = 0.9452
INFO:name:  precision = 0.6381
INFO:name:
 ******************************
INFO:name:  Best F1 score :0.7619
INFO:name:  ******************************
INFO:name:
***** Test Results for clone detection 
INFO:name:
{'test_acc': 0.9368, 'test_f1_score': 0.7998, 'test_recall': 0.9188, 'test_precision': 0.708}

INFO:name:Epoch 2 Step 99 Train Loss 0.145   Accuracy 94.625 
INFO:name:Epoch 2 Step 199 Train Loss 0.137   Accuracy 94.969 
INFO:name:Epoch 2 Step 299 Train Loss 0.139   Accuracy 94.948 
INFO:name:Epoch 2 Step 399 Train Loss 0.139   Accuracy 94.93 
INFO:name:Epoch 2 Step 499 Train Loss 0.14   Accuracy 94.888 
INFO:name:Epoch 2 Step 599 Train Loss 0.14   Accuracy 94.896 
INFO:name:Epoch 2 Step 699 Train Loss 0.14   Accuracy 94.929 
INFO:name:Epoch 2 Step 799 Train Loss 0.14   Accuracy 94.941 
INFO:name:Epoch 2 Step 899 Train Loss 0.14   Accuracy 94.958 
INFO:name:Epoch 2 Step 999 Train Loss 0.138   Accuracy 95.041 
INFO:name:Epoch 2 Step 1099 Train Loss 0.138   Accuracy 95.0 
INFO:name:Epoch 2 Step 1199 Train Loss 0.137   Accuracy 95.049 
INFO:name:Epoch 2 Step 1299 Train Loss 0.137   Accuracy 95.06 
INFO:name:Epoch 2 Step 1399 Train Loss 0.137   Accuracy 95.071 
INFO:name:Epoch 2 Step 1499 Train Loss 0.135   Accuracy 95.131 
INFO:name:Epoch 2 Step 1599 Train Loss 0.134   Accuracy 95.18 
INFO:name:Epoch 2 Step 1699 Train Loss 0.133   Accuracy 95.213 
INFO:name:Epoch 2 Step 1799 Train Loss 0.133   Accuracy 95.255 
INFO:name:Epoch 2 Step 1899 Train Loss 0.132   Accuracy 95.281 
INFO:name:Epoch 2 Step 1999 Train Loss 0.131   Accuracy 95.292 
INFO:name:Epoch 2 Step 2099 Train Loss 0.131   Accuracy 95.298 
INFO:name:Epoch 2 Step 2199 Train Loss 0.13   Accuracy 95.337 
INFO:name:Epoch 2 Step 2299 Train Loss 0.129   Accuracy 95.364 
INFO:name:Epoch 2 Step 2399 Train Loss 0.128   Accuracy 95.419 
INFO:name:Epoch 2 Step 2499 Train Loss 0.127   Accuracy 95.451 
INFO:name:Epoch 2 Step 2599 Train Loss 0.126   Accuracy 95.487 
INFO:name:Epoch 2 Step 2699 Train Loss 0.126   Accuracy 95.503 
INFO:name:Epoch 2 Step 2799 Train Loss 0.125   Accuracy 95.517 
INFO:name:***** Running evaluation *****
INFO:name:  Num examples clone detection = 41541
INFO:name:  Batch size = 32 
INFO:name:  eval_loss = 0.1397
INFO:name:  eval_acc = 0.9383
INFO:name:  f1_score = 0.8039
INFO:name:  recall = 0.9632
INFO:name:  precision = 0.6898
INFO:name:
 ******************************
INFO:name:  Best F1 score :0.8039
INFO:name:  ******************************
INFO:name:
***** Test Results for clone detection 
INFO:name:
{'test_acc': 0.9503, 'test_f1_score': 0.8393, 'test_recall': 0.9444, 'test_precision': 0.7553}

INFO:name:Epoch 3 Step 99 Train Loss 0.087   Accuracy 97.406 
INFO:name:Epoch 3 Step 199 Train Loss 0.094   Accuracy 97.031 
INFO:name:Epoch 3 Step 299 Train Loss 0.097   Accuracy 96.635 
INFO:name:Epoch 3 Step 399 Train Loss 0.1   Accuracy 96.602 
INFO:name:Epoch 3 Step 499 Train Loss 0.099   Accuracy 96.65 
INFO:name:Epoch 3 Step 599 Train Loss 0.099   Accuracy 96.583 
INFO:name:Epoch 3 Step 699 Train Loss 0.099   Accuracy 96.513 
INFO:name:Epoch 3 Step 799 Train Loss 0.099   Accuracy 96.496 
INFO:name:Epoch 3 Step 899 Train Loss 0.099   Accuracy 96.5 
INFO:name:Epoch 3 Step 999 Train Loss 0.099   Accuracy 96.516 
INFO:name:Epoch 3 Step 1099 Train Loss 0.098   Accuracy 96.534 
INFO:name:Epoch 3 Step 1199 Train Loss 0.098   Accuracy 96.518 
INFO:name:Epoch 3 Step 1299 Train Loss 0.097   Accuracy 96.582 
INFO:name:Epoch 3 Step 1399 Train Loss 0.096   Accuracy 96.607 
INFO:name:Epoch 3 Step 1499 Train Loss 0.096   Accuracy 96.623 
INFO:name:Epoch 3 Step 1599 Train Loss 0.095   Accuracy 96.648 
INFO:name:Epoch 3 Step 1699 Train Loss 0.095   Accuracy 96.629 
INFO:name:Epoch 3 Step 1799 Train Loss 0.095   Accuracy 96.635 
INFO:name:Epoch 3 Step 1899 Train Loss 0.095   Accuracy 96.623 
INFO:name:Epoch 3 Step 1999 Train Loss 0.095   Accuracy 96.658 
INFO:name:Epoch 3 Step 2099 Train Loss 0.095   Accuracy 96.658 
INFO:name:Epoch 3 Step 2199 Train Loss 0.094   Accuracy 96.682 
INFO:name:Epoch 3 Step 2299 Train Loss 0.094   Accuracy 96.66 
INFO:name:Epoch 3 Step 2399 Train Loss 0.094   Accuracy 96.674 
INFO:name:Epoch 3 Step 2499 Train Loss 0.093   Accuracy 96.715 
INFO:name:Epoch 3 Step 2599 Train Loss 0.092   Accuracy 96.749 
INFO:name:Epoch 3 Step 2699 Train Loss 0.092   Accuracy 96.765 
INFO:name:Epoch 3 Step 2799 Train Loss 0.092   Accuracy 96.775 
INFO:name:***** Running evaluation *****
INFO:name:  Num examples clone detection = 41541
INFO:name:  Batch size = 32 
INFO:name:  eval_loss = 0.1375
INFO:name:  eval_acc = 0.9512
INFO:name:  f1_score = 0.8361
INFO:name:  recall = 0.9472
INFO:name:  precision = 0.7483
INFO:name:
 ******************************
INFO:name:  Best F1 score :0.8361
INFO:name:  ******************************
INFO:name:
***** Test Results for clone detection 
INFO:name:
{'test_acc': 0.9575, 'test_f1_score': 0.8561, 'test_recall': 0.9216, 'test_precision': 0.7993}

INFO:name:Epoch 4 Step 99 Train Loss 0.073   Accuracy 97.281 
INFO:name:Epoch 4 Step 199 Train Loss 0.081   Accuracy 97.094 
INFO:name:Epoch 4 Step 299 Train Loss 0.081   Accuracy 97.177 
INFO:name:Epoch 4 Step 399 Train Loss 0.077   Accuracy 97.266 
INFO:name:Epoch 4 Step 499 Train Loss 0.076   Accuracy 97.331 
INFO:name:Epoch 4 Step 599 Train Loss 0.076   Accuracy 97.391 
INFO:name:Epoch 4 Step 699 Train Loss 0.077   Accuracy 97.317 
INFO:name:Epoch 4 Step 799 Train Loss 0.077   Accuracy 97.297 
INFO:name:Epoch 4 Step 899 Train Loss 0.077   Accuracy 97.274 
INFO:name:Epoch 4 Step 999 Train Loss 0.076   Accuracy 97.331 
INFO:name:Epoch 4 Step 1099 Train Loss 0.075   Accuracy 97.369 
INFO:name:Epoch 4 Step 1199 Train Loss 0.075   Accuracy 97.401 
INFO:name:Epoch 4 Step 1299 Train Loss 0.075   Accuracy 97.38 
INFO:name:Epoch 4 Step 1399 Train Loss 0.075   Accuracy 97.346 
INFO:name:Epoch 4 Step 1499 Train Loss 0.076   Accuracy 97.344 
INFO:name:Epoch 4 Step 1599 Train Loss 0.076   Accuracy 97.346 
INFO:name:Epoch 4 Step 1699 Train Loss 0.075   Accuracy 97.381 
INFO:name:Epoch 4 Step 1799 Train Loss 0.075   Accuracy 97.378 
INFO:name:Epoch 4 Step 1899 Train Loss 0.075   Accuracy 97.408 
INFO:name:Epoch 4 Step 1999 Train Loss 0.074   Accuracy 97.409 
INFO:name:Epoch 4 Step 2099 Train Loss 0.074   Accuracy 97.426 
INFO:name:Epoch 4 Step 2199 Train Loss 0.075   Accuracy 97.419 
INFO:name:Epoch 4 Step 2299 Train Loss 0.075   Accuracy 97.386 
INFO:name:Epoch 4 Step 2399 Train Loss 0.075   Accuracy 97.389 
INFO:name:Epoch 4 Step 2499 Train Loss 0.075   Accuracy 97.404 
INFO:name:Epoch 4 Step 2599 Train Loss 0.074   Accuracy 97.419 
INFO:name:Epoch 4 Step 2699 Train Loss 0.074   Accuracy 97.455 
INFO:name:Epoch 4 Step 2799 Train Loss 0.074   Accuracy 97.454 
INFO:name:***** Running evaluation *****
INFO:name:  Num examples clone detection = 41541
INFO:name:  Batch size = 32 
INFO:name:  eval_loss = 0.15
INFO:name:  eval_acc = 0.9465
INFO:name:  f1_score = 0.8264
INFO:name:  recall = 0.9688
INFO:name:  precision = 0.7205
INFO:name:Epoch 5 Step 99 Train Loss 0.058   Accuracy 98.125 
INFO:name:Epoch 5 Step 199 Train Loss 0.061   Accuracy 98.0 
INFO:name:Epoch 5 Step 299 Train Loss 0.06   Accuracy 97.906 
INFO:name:Epoch 5 Step 399 Train Loss 0.065   Accuracy 97.82 
INFO:name:Epoch 5 Step 499 Train Loss 0.065   Accuracy 97.819 
INFO:name:Epoch 5 Step 599 Train Loss 0.064   Accuracy 97.849 
INFO:name:Epoch 5 Step 699 Train Loss 0.065   Accuracy 97.826 
INFO:name:Epoch 5 Step 799 Train Loss 0.064   Accuracy 97.812 
INFO:name:Epoch 5 Step 899 Train Loss 0.064   Accuracy 97.84 
INFO:name:Epoch 5 Step 999 Train Loss 0.063   Accuracy 97.888 
INFO:name:Epoch 5 Step 1099 Train Loss 0.062   Accuracy 97.935 
INFO:name:Epoch 5 Step 1199 Train Loss 0.061   Accuracy 97.938 
INFO:name:Epoch 5 Step 1299 Train Loss 0.061   Accuracy 97.942 
INFO:name:Epoch 5 Step 1399 Train Loss 0.06   Accuracy 97.975 
INFO:name:Epoch 5 Step 1499 Train Loss 0.06   Accuracy 97.975 
INFO:name:Epoch 5 Step 1599 Train Loss 0.061   Accuracy 97.949 
INFO:name:Epoch 5 Step 1699 Train Loss 0.06   Accuracy 97.963 
INFO:name:Epoch 5 Step 1799 Train Loss 0.06   Accuracy 97.96 
INFO:name:Epoch 5 Step 1899 Train Loss 0.06   Accuracy 97.964 
INFO:name:Epoch 5 Step 1999 Train Loss 0.06   Accuracy 97.952 
INFO:name:Epoch 5 Step 2099 Train Loss 0.06   Accuracy 97.964 
INFO:name:Epoch 5 Step 2199 Train Loss 0.06   Accuracy 97.977 
INFO:name:Epoch 5 Step 2299 Train Loss 0.059   Accuracy 97.992 
INFO:name:Epoch 5 Step 2399 Train Loss 0.059   Accuracy 98.008 
INFO:name:Epoch 5 Step 2499 Train Loss 0.058   Accuracy 98.008 
INFO:name:Epoch 5 Step 2599 Train Loss 0.059   Accuracy 98.012 
INFO:name:Epoch 5 Step 2699 Train Loss 0.059   Accuracy 98.005 
INFO:name:Epoch 5 Step 2799 Train Loss 0.058   Accuracy 98.01 
INFO:name:***** Running evaluation *****
INFO:name:  Num examples clone detection = 41541
INFO:name:  Batch size = 32 
INFO:name:  eval_loss = 0.1398
INFO:name:  eval_acc = 0.9544
INFO:name:  f1_score = 0.8465
INFO:name:  recall = 0.9575
INFO:name:  precision = 0.7586
INFO:name:
 ******************************
INFO:name:  Best F1 score :0.8465
INFO:name:  ******************************
INFO:name:
***** Test Results for clone detection 
INFO:name:
{'test_acc': 0.9591, 'test_f1_score': 0.863, 'test_recall': 0.9383, 'test_precision': 0.799}

INFO:name:Epoch 6 Step 99 Train Loss 0.035   Accuracy 98.688 
INFO:name:Epoch 6 Step 199 Train Loss 0.048   Accuracy 98.391 
INFO:name:Epoch 6 Step 299 Train Loss 0.048   Accuracy 98.365 
INFO:name:Epoch 6 Step 399 Train Loss 0.048   Accuracy 98.344 
INFO:name:Epoch 6 Step 499 Train Loss 0.049   Accuracy 98.306 
INFO:name:Epoch 6 Step 599 Train Loss 0.049   Accuracy 98.271 
INFO:name:Epoch 6 Step 699 Train Loss 0.049   Accuracy 98.277 
INFO:name:Epoch 6 Step 799 Train Loss 0.049   Accuracy 98.27 
INFO:name:Epoch 6 Step 899 Train Loss 0.049   Accuracy 98.302 
INFO:name:Epoch 6 Step 999 Train Loss 0.048   Accuracy 98.353 
INFO:name:Epoch 6 Step 1099 Train Loss 0.048   Accuracy 98.355 
INFO:name:Epoch 6 Step 1199 Train Loss 0.048   Accuracy 98.365 
INFO:name:Epoch 6 Step 1299 Train Loss 0.047   Accuracy 98.397 
INFO:name:Epoch 6 Step 1399 Train Loss 0.048   Accuracy 98.382 
INFO:name:Epoch 6 Step 1499 Train Loss 0.047   Accuracy 98.396 
INFO:name:Epoch 6 Step 1599 Train Loss 0.047   Accuracy 98.402 
INFO:name:Epoch 6 Step 1699 Train Loss 0.047   Accuracy 98.381 
INFO:name:Epoch 6 Step 1799 Train Loss 0.048   Accuracy 98.38 
INFO:name:Epoch 6 Step 1899 Train Loss 0.047   Accuracy 98.416 
INFO:name:Epoch 6 Step 1999 Train Loss 0.048   Accuracy 98.402 
INFO:name:Epoch 6 Step 2099 Train Loss 0.048   Accuracy 98.388 
INFO:name:Epoch 6 Step 2199 Train Loss 0.048   Accuracy 98.391 
INFO:name:Epoch 6 Step 2299 Train Loss 0.048   Accuracy 98.376 
INFO:name:Epoch 6 Step 2399 Train Loss 0.048   Accuracy 98.383 
INFO:name:Epoch 6 Step 2499 Train Loss 0.048   Accuracy 98.374 
INFO:name:Epoch 6 Step 2599 Train Loss 0.048   Accuracy 98.392 
INFO:name:Epoch 6 Step 2699 Train Loss 0.048   Accuracy 98.394 
INFO:name:Epoch 6 Step 2799 Train Loss 0.049   Accuracy 98.366 
INFO:name:***** Running evaluation *****
INFO:name:  Num examples clone detection = 41541
INFO:name:  Batch size = 32 
INFO:name:  eval_loss = 0.1256
INFO:name:  eval_acc = 0.96
INFO:name:  f1_score = 0.8627
INFO:name:  recall = 0.9578
INFO:name:  precision = 0.7848
INFO:name:
 ******************************
INFO:name:  Best F1 score :0.8627
INFO:name:  ******************************
INFO:name:
***** Test Results for clone detection 
INFO:name:
{'test_acc': 0.967, 'test_f1_score': 0.8876, 'test_recall': 0.9481, 'test_precision': 0.8343}

INFO:name:Epoch 7 Step 99 Train Loss 0.04   Accuracy 98.688 
INFO:name:Epoch 7 Step 199 Train Loss 0.043   Accuracy 98.547 
INFO:name:Epoch 7 Step 299 Train Loss 0.043   Accuracy 98.573 
INFO:name:Epoch 7 Step 399 Train Loss 0.044   Accuracy 98.578 
INFO:name:Epoch 7 Step 499 Train Loss 0.044   Accuracy 98.581 
INFO:name:Epoch 7 Step 599 Train Loss 0.042   Accuracy 98.62 
INFO:name:Epoch 7 Step 699 Train Loss 0.041   Accuracy 98.661 
INFO:name:Epoch 7 Step 799 Train Loss 0.042   Accuracy 98.637 
INFO:name:Epoch 7 Step 899 Train Loss 0.041   Accuracy 98.646 
INFO:name:Epoch 7 Step 999 Train Loss 0.043   Accuracy 98.6 
INFO:name:Epoch 7 Step 1099 Train Loss 0.043   Accuracy 98.594 
INFO:name:Epoch 7 Step 1199 Train Loss 0.043   Accuracy 98.596 
INFO:name:Epoch 7 Step 1299 Train Loss 0.043   Accuracy 98.599 
INFO:name:Epoch 7 Step 1399 Train Loss 0.043   Accuracy 98.603 
INFO:name:Epoch 7 Step 1499 Train Loss 0.042   Accuracy 98.615 
INFO:name:Epoch 7 Step 1599 Train Loss 0.043   Accuracy 98.609 
INFO:name:Epoch 7 Step 1699 Train Loss 0.043   Accuracy 98.614 
INFO:name:Epoch 7 Step 1799 Train Loss 0.042   Accuracy 98.627 
INFO:name:Epoch 7 Step 1899 Train Loss 0.042   Accuracy 98.65 
INFO:name:Epoch 7 Step 1999 Train Loss 0.042   Accuracy 98.634 
INFO:name:Epoch 7 Step 2099 Train Loss 0.042   Accuracy 98.644 
INFO:name:Epoch 7 Step 2199 Train Loss 0.041   Accuracy 98.656 
INFO:name:Epoch 7 Step 2299 Train Loss 0.041   Accuracy 98.677 
INFO:name:Epoch 7 Step 2399 Train Loss 0.041   Accuracy 98.669 
INFO:name:Epoch 7 Step 2499 Train Loss 0.041   Accuracy 98.67 
INFO:name:Epoch 7 Step 2599 Train Loss 0.041   Accuracy 98.666 
INFO:name:Epoch 7 Step 2699 Train Loss 0.041   Accuracy 98.662 
INFO:name:Epoch 7 Step 2799 Train Loss 0.042   Accuracy 98.637 
INFO:name:***** Running evaluation *****
INFO:name:  Num examples clone detection = 41541
INFO:name:  Batch size = 32 
INFO:name:  eval_loss = 0.1118
INFO:name:  eval_acc = 0.9651
INFO:name:  f1_score = 0.8758
INFO:name:  recall = 0.9357
INFO:name:  precision = 0.8231
INFO:name:
 ******************************
INFO:name:  Best F1 score :0.8758
INFO:name:  ******************************
INFO:name:
***** Test Results for clone detection 
INFO:name:
{'test_acc': 0.9674, 'test_f1_score': 0.8855, 'test_recall': 0.9174, 'test_precision': 0.8556}

INFO:name:Epoch 8 Step 99 Train Loss 0.032   Accuracy 99.125 
INFO:name:Epoch 8 Step 199 Train Loss 0.034   Accuracy 98.953 
INFO:name:Epoch 8 Step 299 Train Loss 0.036   Accuracy 98.812 
INFO:name:Epoch 8 Step 399 Train Loss 0.038   Accuracy 98.719 
INFO:name:Epoch 8 Step 499 Train Loss 0.037   Accuracy 98.762 
INFO:name:Epoch 8 Step 599 Train Loss 0.037   Accuracy 98.776 
INFO:name:Epoch 8 Step 699 Train Loss 0.037   Accuracy 98.812 
INFO:name:Epoch 8 Step 799 Train Loss 0.037   Accuracy 98.805 
INFO:name:Epoch 8 Step 899 Train Loss 0.036   Accuracy 98.854 
INFO:name:Epoch 8 Step 999 Train Loss 0.035   Accuracy 98.862 
INFO:name:Epoch 8 Step 1099 Train Loss 0.034   Accuracy 98.892 
INFO:name:Epoch 8 Step 1199 Train Loss 0.035   Accuracy 98.854 
INFO:name:Epoch 8 Step 1299 Train Loss 0.036   Accuracy 98.8 
INFO:name:Epoch 8 Step 1399 Train Loss 0.035   Accuracy 98.819 
INFO:name:Epoch 8 Step 1499 Train Loss 0.036   Accuracy 98.806 
INFO:name:Epoch 8 Step 1599 Train Loss 0.036   Accuracy 98.807 
INFO:name:Epoch 8 Step 1699 Train Loss 0.035   Accuracy 98.814 
INFO:name:Epoch 8 Step 1799 Train Loss 0.035   Accuracy 98.825 
INFO:name:Epoch 8 Step 1899 Train Loss 0.035   Accuracy 98.827 
INFO:name:Epoch 8 Step 1999 Train Loss 0.035   Accuracy 98.841 
INFO:name:Epoch 8 Step 2099 Train Loss 0.035   Accuracy 98.854 
INFO:name:Epoch 8 Step 2199 Train Loss 0.034   Accuracy 98.862 
INFO:name:Epoch 8 Step 2299 Train Loss 0.034   Accuracy 98.875 
INFO:name:Epoch 8 Step 2399 Train Loss 0.034   Accuracy 98.874 
INFO:name:Epoch 8 Step 2499 Train Loss 0.034   Accuracy 98.891 
INFO:name:Epoch 8 Step 2599 Train Loss 0.034   Accuracy 98.888 
INFO:name:Epoch 8 Step 2699 Train Loss 0.033   Accuracy 98.905 
INFO:name:Epoch 8 Step 2799 Train Loss 0.033   Accuracy 98.913 
INFO:name:***** Running evaluation *****
INFO:name:  Num examples clone detection = 41541
INFO:name:  Batch size = 32 
INFO:name:  eval_loss = 0.1329
INFO:name:  eval_acc = 0.9666
INFO:name:  f1_score = 0.8814
INFO:name:  recall = 0.9439
INFO:name:  precision = 0.8266
INFO:name:
 ******************************
INFO:name:  Best F1 score :0.8814
INFO:name:  ******************************
INFO:name:
***** Test Results for clone detection 
INFO:name:
{'test_acc': 0.9694, 'test_f1_score': 0.8925, 'test_recall': 0.9259, 'test_precision': 0.8615}

INFO:name:Epoch 9 Step 99 Train Loss 0.028   Accuracy 99.094 
INFO:name:Epoch 9 Step 199 Train Loss 0.025   Accuracy 99.203 
INFO:name:Epoch 9 Step 299 Train Loss 0.028   Accuracy 99.125 
INFO:name:Epoch 9 Step 399 Train Loss 0.028   Accuracy 99.125 
INFO:name:Epoch 9 Step 499 Train Loss 0.03   Accuracy 99.081 
INFO:name:Epoch 9 Step 599 Train Loss 0.029   Accuracy 99.089 
INFO:name:Epoch 9 Step 699 Train Loss 0.028   Accuracy 99.112 
INFO:name:Epoch 9 Step 799 Train Loss 0.029   Accuracy 99.066 
INFO:name:Epoch 9 Step 899 Train Loss 0.029   Accuracy 99.069 
INFO:name:Epoch 9 Step 999 Train Loss 0.029   Accuracy 99.075 
INFO:name:Epoch 9 Step 1099 Train Loss 0.029   Accuracy 99.068 
INFO:name:Epoch 9 Step 1199 Train Loss 0.029   Accuracy 99.062 
INFO:name:Epoch 9 Step 1299 Train Loss 0.029   Accuracy 99.077 
INFO:name:Epoch 9 Step 1399 Train Loss 0.029   Accuracy 99.078 
INFO:name:Epoch 9 Step 1499 Train Loss 0.029   Accuracy 99.071 
INFO:name:Epoch 9 Step 1599 Train Loss 0.03   Accuracy 99.057 
INFO:name:Epoch 9 Step 1699 Train Loss 0.03   Accuracy 99.057 
INFO:name:Epoch 9 Step 1799 Train Loss 0.03   Accuracy 99.062 
INFO:name:Epoch 9 Step 1899 Train Loss 0.029   Accuracy 99.079 
INFO:name:Epoch 9 Step 1999 Train Loss 0.029   Accuracy 99.083 
INFO:name:Epoch 9 Step 2099 Train Loss 0.029   Accuracy 99.08 
INFO:name:Epoch 9 Step 2199 Train Loss 0.029   Accuracy 99.078 
INFO:name:Epoch 9 Step 2299 Train Loss 0.029   Accuracy 99.069 
INFO:name:Epoch 9 Step 2399 Train Loss 0.029   Accuracy 99.068 
INFO:name:Epoch 9 Step 2499 Train Loss 0.029   Accuracy 99.069 
INFO:name:Epoch 9 Step 2599 Train Loss 0.029   Accuracy 99.055 
INFO:name:Epoch 9 Step 2699 Train Loss 0.029   Accuracy 99.062 
INFO:name:Epoch 9 Step 2799 Train Loss 0.029   Accuracy 99.073 
INFO:name:***** Running evaluation *****
INFO:name:  Num examples clone detection = 41541
INFO:name:  Batch size = 32 
INFO:name:  eval_loss = 0.1389
INFO:name:  eval_acc = 0.9674
INFO:name:  f1_score = 0.8845
INFO:name:  recall = 0.9512
INFO:name:  precision = 0.8264
INFO:name:
 ******************************
INFO:name:  Best F1 score :0.8845
INFO:name:  ******************************
INFO:name:
***** Test Results for clone detection 
INFO:name:
{'test_acc': 0.9703, 'test_f1_score': 0.8965, 'test_recall': 0.9372, 'test_precision': 0.8592}

INFO:name:Epoch 10 Step 99 Train Loss 0.023   Accuracy 99.281 
INFO:name:Epoch 10 Step 199 Train Loss 0.021   Accuracy 99.344 
INFO:name:Epoch 10 Step 299 Train Loss 0.025   Accuracy 99.208 
INFO:name:Epoch 10 Step 399 Train Loss 0.024   Accuracy 99.234 
INFO:name:Epoch 10 Step 499 Train Loss 0.023   Accuracy 99.275 
INFO:name:Epoch 10 Step 599 Train Loss 0.023   Accuracy 99.286 
INFO:name:Epoch 10 Step 699 Train Loss 0.024   Accuracy 99.232 
INFO:name:Epoch 10 Step 799 Train Loss 0.024   Accuracy 99.211 
INFO:name:Epoch 10 Step 899 Train Loss 0.023   Accuracy 99.233 
INFO:name:Epoch 10 Step 999 Train Loss 0.023   Accuracy 99.222 
INFO:name:Epoch 10 Step 1099 Train Loss 0.024   Accuracy 99.213 
INFO:name:Epoch 10 Step 1199 Train Loss 0.025   Accuracy 99.185 
INFO:name:Epoch 10 Step 1299 Train Loss 0.025   Accuracy 99.19 
INFO:name:Epoch 10 Step 1399 Train Loss 0.025   Accuracy 99.185 
INFO:name:Epoch 10 Step 1499 Train Loss 0.025   Accuracy 99.169 
INFO:name:Epoch 10 Step 1599 Train Loss 0.025   Accuracy 99.182 
INFO:name:Epoch 10 Step 1699 Train Loss 0.025   Accuracy 99.189 
INFO:name:Epoch 10 Step 1799 Train Loss 0.024   Accuracy 99.2 
INFO:name:Epoch 10 Step 1899 Train Loss 0.024   Accuracy 99.201 
INFO:name:Epoch 10 Step 1999 Train Loss 0.024   Accuracy 99.212 
INFO:name:Epoch 10 Step 2099 Train Loss 0.024   Accuracy 99.208 
INFO:name:Epoch 10 Step 2199 Train Loss 0.024   Accuracy 99.223 
INFO:name:Epoch 10 Step 2299 Train Loss 0.024   Accuracy 99.216 
INFO:name:Epoch 10 Step 2399 Train Loss 0.024   Accuracy 99.219 
INFO:name:Epoch 10 Step 2499 Train Loss 0.024   Accuracy 99.231 
INFO:name:Epoch 10 Step 2599 Train Loss 0.023   Accuracy 99.231 
INFO:name:Epoch 10 Step 2699 Train Loss 0.023   Accuracy 99.234 
INFO:name:Epoch 10 Step 2799 Train Loss 0.023   Accuracy 99.23 
INFO:name:***** Running evaluation *****
INFO:name:  Num examples clone detection = 41541
INFO:name:  Batch size = 32 
INFO:name:  eval_loss = 0.1514
INFO:name:  eval_acc = 0.9649
INFO:name:  f1_score = 0.8774
INFO:name:  recall = 0.9562
INFO:name:  precision = 0.8106
INFO:name:Epoch 11 Step 99 Train Loss 0.022   Accuracy 99.062 
INFO:name:Epoch 11 Step 199 Train Loss 0.02   Accuracy 99.297 
INFO:name:Epoch 11 Step 299 Train Loss 0.019   Accuracy 99.354 
INFO:name:Epoch 11 Step 399 Train Loss 0.02   Accuracy 99.352 
INFO:name:Epoch 11 Step 499 Train Loss 0.019   Accuracy 99.362 
INFO:name:Epoch 11 Step 599 Train Loss 0.018   Accuracy 99.406 
INFO:name:Epoch 11 Step 699 Train Loss 0.018   Accuracy 99.42 
INFO:name:Epoch 11 Step 799 Train Loss 0.017   Accuracy 99.438 
INFO:name:Epoch 11 Step 899 Train Loss 0.018   Accuracy 99.42 
INFO:name:Epoch 11 Step 999 Train Loss 0.017   Accuracy 99.438 
INFO:name:Epoch 11 Step 1099 Train Loss 0.017   Accuracy 99.457 
INFO:name:Epoch 11 Step 1199 Train Loss 0.017   Accuracy 99.453 
INFO:name:Epoch 11 Step 1299 Train Loss 0.017   Accuracy 99.442 
INFO:name:Epoch 11 Step 1399 Train Loss 0.018   Accuracy 99.417 
INFO:name:Epoch 11 Step 1499 Train Loss 0.018   Accuracy 99.408 
INFO:name:Epoch 11 Step 1599 Train Loss 0.018   Accuracy 99.406 
INFO:name:Epoch 11 Step 1699 Train Loss 0.019   Accuracy 99.399 
INFO:name:Epoch 11 Step 1799 Train Loss 0.019   Accuracy 99.389 
INFO:name:Epoch 11 Step 1899 Train Loss 0.019   Accuracy 99.401 
INFO:name:Epoch 11 Step 1999 Train Loss 0.019   Accuracy 99.408 
INFO:name:Epoch 11 Step 2099 Train Loss 0.019   Accuracy 99.394 
INFO:name:Epoch 11 Step 2199 Train Loss 0.019   Accuracy 99.385 
INFO:name:Epoch 11 Step 2299 Train Loss 0.02   Accuracy 99.375 
INFO:name:Epoch 11 Step 2399 Train Loss 0.02   Accuracy 99.376 
INFO:name:Epoch 11 Step 2499 Train Loss 0.02   Accuracy 99.372 
INFO:name:Epoch 11 Step 2599 Train Loss 0.02   Accuracy 99.369 
INFO:name:Epoch 11 Step 2699 Train Loss 0.02   Accuracy 99.362 
INFO:name:Epoch 11 Step 2799 Train Loss 0.02   Accuracy 99.362 
INFO:name:***** Running evaluation *****
INFO:name:  Num examples clone detection = 41541
INFO:name:  Batch size = 32 
INFO:name:  eval_loss = 0.1364
INFO:name:  eval_acc = 0.9712
INFO:name:  f1_score = 0.8956
INFO:name:  recall = 0.9401
INFO:name:  precision = 0.8551
INFO:name:
 ******************************
INFO:name:  Best F1 score :0.8956
INFO:name:  ******************************
INFO:name:
***** Test Results for clone detection 
INFO:name:
{'test_acc': 0.9732, 'test_f1_score': 0.9051, 'test_recall': 0.9294, 'test_precision': 0.882}

INFO:name:Epoch 12 Step 99 Train Loss 0.015   Accuracy 99.5 
INFO:name:Epoch 12 Step 199 Train Loss 0.017   Accuracy 99.453 
INFO:name:Epoch 12 Step 299 Train Loss 0.018   Accuracy 99.438 
INFO:name:Epoch 12 Step 399 Train Loss 0.017   Accuracy 99.492 
INFO:name:Epoch 12 Step 499 Train Loss 0.017   Accuracy 99.5 
INFO:name:Epoch 12 Step 599 Train Loss 0.017   Accuracy 99.5 
INFO:name:Epoch 12 Step 699 Train Loss 0.017   Accuracy 99.496 
INFO:name:Epoch 12 Step 799 Train Loss 0.018   Accuracy 99.484 
INFO:name:Epoch 12 Step 899 Train Loss 0.018   Accuracy 99.476 
INFO:name:Epoch 12 Step 999 Train Loss 0.018   Accuracy 99.494 
INFO:name:Epoch 12 Step 1099 Train Loss 0.017   Accuracy 99.503 
INFO:name:Epoch 12 Step 1199 Train Loss 0.017   Accuracy 99.5 
INFO:name:Epoch 12 Step 1299 Train Loss 0.017   Accuracy 99.502 
INFO:name:Epoch 12 Step 1399 Train Loss 0.018   Accuracy 99.48 
INFO:name:Epoch 12 Step 1499 Train Loss 0.018   Accuracy 99.488 
INFO:name:Epoch 12 Step 1599 Train Loss 0.017   Accuracy 99.49 
INFO:name:Epoch 12 Step 1699 Train Loss 0.017   Accuracy 99.489 
INFO:name:Epoch 12 Step 1799 Train Loss 0.017   Accuracy 99.495 
INFO:name:Epoch 12 Step 1899 Train Loss 0.017   Accuracy 99.492 
INFO:name:Epoch 12 Step 1999 Train Loss 0.017   Accuracy 99.488 
INFO:name:Epoch 12 Step 2099 Train Loss 0.017   Accuracy 99.484 
INFO:name:Epoch 12 Step 2199 Train Loss 0.017   Accuracy 99.48 
INFO:name:Epoch 12 Step 2299 Train Loss 0.017   Accuracy 99.478 
INFO:name:Epoch 12 Step 2399 Train Loss 0.017   Accuracy 99.483 
INFO:name:Epoch 12 Step 2499 Train Loss 0.017   Accuracy 99.485 
INFO:name:Epoch 12 Step 2599 Train Loss 0.017   Accuracy 99.487 
INFO:name:Epoch 12 Step 2699 Train Loss 0.017   Accuracy 99.486 
INFO:name:Epoch 12 Step 2799 Train Loss 0.017   Accuracy 99.491 
INFO:name:***** Running evaluation *****
INFO:name:  Num examples clone detection = 41541
INFO:name:  Batch size = 32 
INFO:name:  eval_loss = 0.1613
INFO:name:  eval_acc = 0.9687
INFO:name:  f1_score = 0.8876
INFO:name:  recall = 0.9419
INFO:name:  precision = 0.8392
INFO:name:Epoch 13 Step 99 Train Loss 0.012   Accuracy 99.562 
INFO:name:Epoch 13 Step 199 Train Loss 0.012   Accuracy 99.562 
INFO:name:Epoch 13 Step 299 Train Loss 0.013   Accuracy 99.531 
INFO:name:Epoch 13 Step 399 Train Loss 0.012   Accuracy 99.562 
INFO:name:Epoch 13 Step 499 Train Loss 0.013   Accuracy 99.556 
INFO:name:Epoch 13 Step 599 Train Loss 0.012   Accuracy 99.568 
INFO:name:Epoch 13 Step 699 Train Loss 0.012   Accuracy 99.598 
INFO:name:Epoch 13 Step 799 Train Loss 0.013   Accuracy 99.586 
INFO:name:Epoch 13 Step 899 Train Loss 0.014   Accuracy 99.58 
INFO:name:Epoch 13 Step 999 Train Loss 0.014   Accuracy 99.572 
INFO:name:Epoch 13 Step 1099 Train Loss 0.013   Accuracy 99.577 
INFO:name:Epoch 13 Step 1199 Train Loss 0.014   Accuracy 99.573 
INFO:name:Epoch 13 Step 1299 Train Loss 0.014   Accuracy 99.562 
INFO:name:Epoch 13 Step 1399 Train Loss 0.014   Accuracy 99.565 
INFO:name:Epoch 13 Step 1499 Train Loss 0.014   Accuracy 99.577 
INFO:name:Epoch 13 Step 1599 Train Loss 0.014   Accuracy 99.574 
INFO:name:Epoch 13 Step 1699 Train Loss 0.014   Accuracy 99.575 
INFO:name:Epoch 13 Step 1799 Train Loss 0.014   Accuracy 99.576 
INFO:name:Epoch 13 Step 1899 Train Loss 0.014   Accuracy 99.577 
INFO:name:Epoch 13 Step 1999 Train Loss 0.014   Accuracy 99.58 
INFO:name:Epoch 13 Step 2099 Train Loss 0.014   Accuracy 99.582 
INFO:name:Epoch 13 Step 2199 Train Loss 0.014   Accuracy 99.578 
INFO:name:Epoch 13 Step 2299 Train Loss 0.014   Accuracy 99.579 
INFO:name:Epoch 13 Step 2399 Train Loss 0.014   Accuracy 99.564 
INFO:name:Epoch 13 Step 2499 Train Loss 0.014   Accuracy 99.561 
INFO:name:Epoch 13 Step 2599 Train Loss 0.014   Accuracy 99.566 
INFO:name:Epoch 13 Step 2699 Train Loss 0.014   Accuracy 99.569 
INFO:name:Epoch 13 Step 2799 Train Loss 0.014   Accuracy 99.571 
INFO:name:***** Running evaluation *****
INFO:name:  Num examples clone detection = 41541
INFO:name:  Batch size = 32 
INFO:name:  eval_loss = 0.1835
INFO:name:  eval_acc = 0.9714
INFO:name:  f1_score = 0.8955
INFO:name:  recall = 0.9329
INFO:name:  precision = 0.861
INFO:name:Epoch 14 Step 99 Train Loss 0.009   Accuracy 99.656 
INFO:name:Epoch 14 Step 199 Train Loss 0.009   Accuracy 99.703 
INFO:name:Epoch 14 Step 299 Train Loss 0.012   Accuracy 99.677 
INFO:name:Epoch 14 Step 399 Train Loss 0.011   Accuracy 99.68 
INFO:name:Epoch 14 Step 499 Train Loss 0.011   Accuracy 99.656 
INFO:name:Epoch 14 Step 599 Train Loss 0.012   Accuracy 99.63 
INFO:name:Epoch 14 Step 699 Train Loss 0.013   Accuracy 99.612 
INFO:name:Epoch 14 Step 799 Train Loss 0.012   Accuracy 99.625 
INFO:name:Epoch 14 Step 899 Train Loss 0.012   Accuracy 99.608 
INFO:name:Epoch 14 Step 999 Train Loss 0.013   Accuracy 99.609 
INFO:name:Epoch 14 Step 1099 Train Loss 0.012   Accuracy 99.631 
INFO:name:Epoch 14 Step 1199 Train Loss 0.011   Accuracy 99.648 
INFO:name:Epoch 14 Step 1299 Train Loss 0.011   Accuracy 99.647 
INFO:name:Epoch 14 Step 1399 Train Loss 0.011   Accuracy 99.65 
INFO:name:Epoch 14 Step 1499 Train Loss 0.012   Accuracy 99.633 
INFO:name:Epoch 14 Step 1599 Train Loss 0.012   Accuracy 99.639 
INFO:name:Epoch 14 Step 1699 Train Loss 0.011   Accuracy 99.649 
INFO:name:Epoch 14 Step 1799 Train Loss 0.012   Accuracy 99.641 
INFO:name:Epoch 14 Step 1899 Train Loss 0.012   Accuracy 99.643 
INFO:name:Epoch 14 Step 1999 Train Loss 0.012   Accuracy 99.638 
INFO:name:Epoch 14 Step 2099 Train Loss 0.012   Accuracy 99.631 
INFO:name:Epoch 14 Step 2199 Train Loss 0.012   Accuracy 99.634 
INFO:name:Epoch 14 Step 2299 Train Loss 0.012   Accuracy 99.632 
INFO:name:Epoch 14 Step 2399 Train Loss 0.012   Accuracy 99.628 
INFO:name:Epoch 14 Step 2499 Train Loss 0.012   Accuracy 99.628 
INFO:name:Epoch 14 Step 2599 Train Loss 0.012   Accuracy 99.624 
INFO:name:Epoch 14 Step 2699 Train Loss 0.012   Accuracy 99.624 
INFO:name:Epoch 14 Step 2799 Train Loss 0.012   Accuracy 99.629 
INFO:name:***** Running evaluation *****
INFO:name:  Num examples clone detection = 41541
INFO:name:  Batch size = 32 
INFO:name:  eval_loss = 0.196
INFO:name:  eval_acc = 0.9705
INFO:name:  f1_score = 0.893
INFO:name:  recall = 0.9362
INFO:name:  precision = 0.8536
INFO:name:train results : 
 {'train_loss': [0.453, 0.193, 0.125, 0.092, 0.074, 0.059, 0.049, 0.042, 0.033, 0.029, 0.024, 0.02, 0.017, 0.014, 0.012], 'train_acc': [77.286, 92.932, 95.51, 96.771, 97.462, 98.011, 98.366, 98.639, 98.914, 99.072, 99.227, 99.357, 99.49, 99.573, 99.632], 'eval_loss': [0.2429, 0.2072, 0.1397, 0.1375, 0.15, 0.1398, 0.1256, 0.1118, 0.1329, 0.1389, 0.1514, 0.1364, 0.1613, 0.1835, 0.196], 'eval_acc': [0.9275, 0.9224, 0.9383, 0.9512, 0.9465, 0.9544, 0.96, 0.9651, 0.9666, 0.9674, 0.9649, 0.9712, 0.9687, 0.9714, 0.9705], 'eval_f1': [0.7562, 0.7619, 0.8039, 0.8361, 0.8264, 0.8465, 0.8627, 0.8758, 0.8814, 0.8845, 0.8774, 0.8956, 0.8876, 0.8955, 0.893], 'eval_precision': [0.6773, 0.6381, 0.6898, 0.7483, 0.7205, 0.7586, 0.7848, 0.8231, 0.8266, 0.8264, 0.8106, 0.8551, 0.8392, 0.861, 0.8536], 'eval_recall': [0.8559, 0.9452, 0.9632, 0.9472, 0.9688, 0.9575, 0.9578, 0.9357, 0.9439, 0.9512, 0.9562, 0.9401, 0.9419, 0.9329, 0.9362]}

INFO:name:**********************************************************************************************************************************
