/home/aakli/miniconda3/envs/adapter/lib/python3.10/site-packages/transformers/utils/generic.py:260: UserWarning: torch.utils._pytree._register_pytree_node is deprecated. Please use torch.utils._pytree.register_pytree_node instead.
  torch.utils._pytree._register_pytree_node(
INFO:name:device: cuda:0, n_gpu: 1
DEBUG:urllib3.connectionpool:Starting new HTTPS connection (1): huggingface.co:443
DEBUG:urllib3.connectionpool:https://huggingface.co:443 "HEAD /microsoft/unixcoder-base/resolve/main/config.json HTTP/1.1" 200 0
DEBUG:urllib3.connectionpool:https://huggingface.co:443 "HEAD /microsoft/unixcoder-base/resolve/main/tokenizer_config.json HTTP/1.1" 200 0
INFO:name:Preparing the Dataset...

INFO:name:Preparing the Dataset...

INFO:name:Preparing the Dataset...

root
├── embeddings (RobertaEmbeddings)
│   ├── word_embeddings (Embedding) weight:[51416, 768]
│   ├── position_embeddings (Embedding) weight:[1026, 768]
│   ├── token_type_embeddings (Embedding) weight:[10, 768]
│   └── LayerNorm (LayerNorm) weight:[768] bias:[768]
├── encoder (RobertaEncoder)
│   └── layer (ModuleList)
│       ├── 0 (RobertaLayer)
│       │   ├── attention (RobertaAttention)
│       │   │   ├── self (RobertaSelfAttention)
│       │   │   │   └── query,key,value(Linear) weight:[768, 768] bias:[768]
│       │   │   ├── output (RobertaSelfOutput)
│       │   │   │   ├── dense (Linear) weight:[768, 768] bias:[768]
│       │   │   │   └── LayerNorm (LayerNorm) weight:[768] bias:[768]
│       │   │   └── reparams (ReparameterizeFunction) input_tokens:[6]
│       │   │       ├── module_list (ModuleList)
│       │   │       ├── wte (Embedding) weight:[6, 512]
│       │   │       └── control_trans (Sequential)
│       │   │           ├── 0 (Linear) weight:[512, 512] bias:[512]
│       │   │           └── 2 (Linear) weight:[18432, 512] bias:[18432]
│       │   ├── intermediate (RobertaIntermediate)
│       │   │   └── dense (Linear) weight:[3072, 768] bias:[3072]
│       │   └── output (RobertaOutput)
│       │       ├── dense (Linear) weight:[768, 3072] bias:[768]
│       │       └── LayerNorm (LayerNorm) weight:[768] bias:[768]
│       └── 1-11(RobertaLayer)
│           ├── attention (RobertaAttention)
│           │   ├── self (RobertaSelfAttention)
│           │   │   └── query,key,value(Linear) weight:[768, 768] bias:[768]
│           │   └── output (RobertaSelfOutput)
│           │       ├── dense (Linear) weight:[768, 768] bias:[768]
│           │       └── LayerNorm (LayerNorm) weight:[768] bias:[768]
│           ├── intermediate (RobertaIntermediate)
│           │   └── dense (Linear) weight:[3072, 768] bias:[3072]
│           └── output (RobertaOutput)
│               ├── dense (Linear) weight:[768, 3072] bias:[768]
│               └── LayerNorm (LayerNorm) weight:[768] bias:[768]
└── pooler (RobertaPooler)
    └── dense (Linear) weight:[768, 768] bias:[768]
[INFO|(OpenDelta)basemodel:700]2025-01-18 10:50:59,497 >> Trainable Ratio: 9721344/135651078=7.166433%
[INFO|(OpenDelta)basemodel:702]2025-01-18 10:50:59,497 >> Delta Parameter Ratio: 9721350/135651078=7.166438%
[INFO|(OpenDelta)basemodel:704]2025-01-18 10:50:59,497 >> Static Memory 0.00 GB, Max Memory 0.00 GB
INFO:name:***** Running training *****
INFO:name:  Num examples = 90102
INFO:name:  Num Epochs = 15
INFO:name:  Total train batch size  = 32
INFO:name:  Total optimization steps = 42240
INFO:name:Epoch 0 Step 99 Train Loss 0.696   Accuracy 49.719 
INFO:name:Epoch 0 Step 199 Train Loss 0.69   Accuracy 53.406 
INFO:name:Epoch 0 Step 299 Train Loss 0.682   Accuracy 57.552 
INFO:name:Epoch 0 Step 399 Train Loss 0.671   Accuracy 60.18 
INFO:name:Epoch 0 Step 499 Train Loss 0.654   Accuracy 62.312 
INFO:name:Epoch 0 Step 599 Train Loss 0.627   Accuracy 64.854 
INFO:name:Epoch 0 Step 699 Train Loss 0.598   Accuracy 67.241 
INFO:name:Epoch 0 Step 799 Train Loss 0.568   Accuracy 69.504 
INFO:name:Epoch 0 Step 899 Train Loss 0.539   Accuracy 71.531 
INFO:name:Epoch 0 Step 999 Train Loss 0.514   Accuracy 73.228 
INFO:name:Epoch 0 Step 1099 Train Loss 0.49   Accuracy 74.804 
INFO:name:Epoch 0 Step 1199 Train Loss 0.469   Accuracy 76.146 
INFO:name:Epoch 0 Step 1299 Train Loss 0.45   Accuracy 77.305 
INFO:name:Epoch 0 Step 1399 Train Loss 0.432   Accuracy 78.402 
INFO:name:Epoch 0 Step 1499 Train Loss 0.415   Accuracy 79.381 
INFO:name:Epoch 0 Step 1599 Train Loss 0.402   Accuracy 80.201 
INFO:name:Epoch 0 Step 1699 Train Loss 0.389   Accuracy 80.969 
INFO:name:Epoch 0 Step 1799 Train Loss 0.378   Accuracy 81.656 
INFO:name:Epoch 0 Step 1899 Train Loss 0.367   Accuracy 82.304 
INFO:name:Epoch 0 Step 1999 Train Loss 0.357   Accuracy 82.87 
INFO:name:Epoch 0 Step 2099 Train Loss 0.347   Accuracy 83.442 
INFO:name:Epoch 0 Step 2199 Train Loss 0.338   Accuracy 83.953 
INFO:name:Epoch 0 Step 2299 Train Loss 0.329   Accuracy 84.425 
INFO:name:Epoch 0 Step 2399 Train Loss 0.321   Accuracy 84.874 
INFO:name:Epoch 0 Step 2499 Train Loss 0.314   Accuracy 85.264 
INFO:name:Epoch 0 Step 2599 Train Loss 0.308   Accuracy 85.633 
INFO:name:Epoch 0 Step 2699 Train Loss 0.302   Accuracy 85.994 
INFO:name:Epoch 0 Step 2799 Train Loss 0.296   Accuracy 86.319 
INFO:name:***** Running evaluation *****
INFO:name:  Num examples clone detection = 41541
INFO:name:  Batch size = 32 
INFO:name:  eval_loss = 0.1698
INFO:name:  eval_acc = 0.9423
INFO:name:  f1_score = 0.8151
INFO:name:  recall = 0.9681
INFO:name:  precision = 0.7038
INFO:name:
 ******************************
INFO:name:  Best F1 score :0.8151
INFO:name:  ******************************
INFO:name:
***** Test Results for clone detection 
INFO:name:
{'test_acc': 0.9518, 'test_f1_score': 0.8442, 'test_recall': 0.9502, 'test_precision': 0.7595}

INFO:name:Epoch 1 Step 99 Train Loss 0.143   Accuracy 94.781 
INFO:name:Epoch 1 Step 199 Train Loss 0.136   Accuracy 95.25 
INFO:name:Epoch 1 Step 299 Train Loss 0.137   Accuracy 95.167 
INFO:name:Epoch 1 Step 399 Train Loss 0.133   Accuracy 95.312 
INFO:name:Epoch 1 Step 499 Train Loss 0.129   Accuracy 95.438 
INFO:name:Epoch 1 Step 599 Train Loss 0.13   Accuracy 95.417 
INFO:name:Epoch 1 Step 699 Train Loss 0.132   Accuracy 95.402 
INFO:name:Epoch 1 Step 799 Train Loss 0.131   Accuracy 95.473 
INFO:name:Epoch 1 Step 899 Train Loss 0.13   Accuracy 95.479 
INFO:name:Epoch 1 Step 999 Train Loss 0.13   Accuracy 95.441 
INFO:name:Epoch 1 Step 1099 Train Loss 0.128   Accuracy 95.477 
INFO:name:Epoch 1 Step 1199 Train Loss 0.129   Accuracy 95.438 
INFO:name:Epoch 1 Step 1299 Train Loss 0.129   Accuracy 95.421 
INFO:name:Epoch 1 Step 1399 Train Loss 0.128   Accuracy 95.462 
INFO:name:Epoch 1 Step 1499 Train Loss 0.13   Accuracy 95.412 
INFO:name:Epoch 1 Step 1599 Train Loss 0.129   Accuracy 95.453 
INFO:name:Epoch 1 Step 1699 Train Loss 0.127   Accuracy 95.533 
INFO:name:Epoch 1 Step 1799 Train Loss 0.126   Accuracy 95.566 
INFO:name:Epoch 1 Step 1899 Train Loss 0.126   Accuracy 95.61 
INFO:name:Epoch 1 Step 1999 Train Loss 0.125   Accuracy 95.645 
INFO:name:Epoch 1 Step 2099 Train Loss 0.124   Accuracy 95.668 
INFO:name:Epoch 1 Step 2199 Train Loss 0.123   Accuracy 95.699 
INFO:name:Epoch 1 Step 2299 Train Loss 0.122   Accuracy 95.698 
INFO:name:Epoch 1 Step 2399 Train Loss 0.122   Accuracy 95.71 
INFO:name:Epoch 1 Step 2499 Train Loss 0.122   Accuracy 95.736 
INFO:name:Epoch 1 Step 2599 Train Loss 0.121   Accuracy 95.762 
INFO:name:Epoch 1 Step 2699 Train Loss 0.121   Accuracy 95.767 
INFO:name:Epoch 1 Step 2799 Train Loss 0.12   Accuracy 95.783 
INFO:name:***** Running evaluation *****
INFO:name:  Num examples clone detection = 41541
INFO:name:  Batch size = 32 
INFO:name:  eval_loss = 0.1694
INFO:name:  eval_acc = 0.9426
INFO:name:  f1_score = 0.8177
INFO:name:  recall = 0.9797
INFO:name:  precision = 0.7016
INFO:name:
 ******************************
INFO:name:  Best F1 score :0.8177
INFO:name:  ******************************
INFO:name:
***** Test Results for clone detection 
INFO:name:
{'test_acc': 0.9531, 'test_f1_score': 0.8494, 'test_recall': 0.9634, 'test_precision': 0.7595}

INFO:name:Epoch 2 Step 99 Train Loss 0.089   Accuracy 96.812 
INFO:name:Epoch 2 Step 199 Train Loss 0.094   Accuracy 96.75 
INFO:name:Epoch 2 Step 299 Train Loss 0.096   Accuracy 96.604 
INFO:name:Epoch 2 Step 399 Train Loss 0.094   Accuracy 96.734 
INFO:name:Epoch 2 Step 499 Train Loss 0.096   Accuracy 96.712 
INFO:name:Epoch 2 Step 599 Train Loss 0.095   Accuracy 96.771 
INFO:name:Epoch 2 Step 699 Train Loss 0.093   Accuracy 96.862 
INFO:name:Epoch 2 Step 799 Train Loss 0.093   Accuracy 96.855 
INFO:name:Epoch 2 Step 899 Train Loss 0.091   Accuracy 96.913 
INFO:name:Epoch 2 Step 999 Train Loss 0.09   Accuracy 96.975 
INFO:name:Epoch 2 Step 1099 Train Loss 0.089   Accuracy 96.997 
INFO:name:Epoch 2 Step 1199 Train Loss 0.089   Accuracy 97.008 
INFO:name:Epoch 2 Step 1299 Train Loss 0.089   Accuracy 97.017 
INFO:name:Epoch 2 Step 1399 Train Loss 0.089   Accuracy 96.991 
INFO:name:Epoch 2 Step 1499 Train Loss 0.089   Accuracy 97.012 
INFO:name:Epoch 2 Step 1599 Train Loss 0.088   Accuracy 97.027 
INFO:name:Epoch 2 Step 1699 Train Loss 0.089   Accuracy 97.0 
INFO:name:Epoch 2 Step 1799 Train Loss 0.088   Accuracy 97.002 
INFO:name:Epoch 2 Step 1899 Train Loss 0.088   Accuracy 97.038 
INFO:name:Epoch 2 Step 1999 Train Loss 0.088   Accuracy 97.042 
INFO:name:Epoch 2 Step 2099 Train Loss 0.088   Accuracy 97.036 
INFO:name:Epoch 2 Step 2199 Train Loss 0.088   Accuracy 97.053 
INFO:name:Epoch 2 Step 2299 Train Loss 0.088   Accuracy 97.048 
INFO:name:Epoch 2 Step 2399 Train Loss 0.087   Accuracy 97.061 
INFO:name:Epoch 2 Step 2499 Train Loss 0.086   Accuracy 97.078 
INFO:name:Epoch 2 Step 2599 Train Loss 0.086   Accuracy 97.087 
INFO:name:Epoch 2 Step 2699 Train Loss 0.086   Accuracy 97.087 
INFO:name:Epoch 2 Step 2799 Train Loss 0.086   Accuracy 97.098 
INFO:name:***** Running evaluation *****
INFO:name:  Num examples clone detection = 41541
INFO:name:  Batch size = 32 
INFO:name:  eval_loss = 0.0822
INFO:name:  eval_acc = 0.9719
INFO:name:  f1_score = 0.8992
INFO:name:  recall = 0.954
INFO:name:  precision = 0.8504
INFO:name:
 ******************************
INFO:name:  Best F1 score :0.8992
INFO:name:  ******************************
INFO:name:
***** Test Results for clone detection 
INFO:name:
{'test_acc': 0.9757, 'test_f1_score': 0.914, 'test_recall': 0.9409, 'test_precision': 0.8886}

INFO:name:Epoch 3 Step 99 Train Loss 0.072   Accuracy 97.312 
INFO:name:Epoch 3 Step 199 Train Loss 0.072   Accuracy 97.359 
INFO:name:Epoch 3 Step 299 Train Loss 0.072   Accuracy 97.479 
INFO:name:Epoch 3 Step 399 Train Loss 0.072   Accuracy 97.477 
INFO:name:Epoch 3 Step 499 Train Loss 0.074   Accuracy 97.469 
INFO:name:Epoch 3 Step 599 Train Loss 0.073   Accuracy 97.474 
INFO:name:Epoch 3 Step 699 Train Loss 0.071   Accuracy 97.562 
INFO:name:Epoch 3 Step 799 Train Loss 0.07   Accuracy 97.582 
INFO:name:Epoch 3 Step 899 Train Loss 0.071   Accuracy 97.583 
INFO:name:Epoch 3 Step 999 Train Loss 0.069   Accuracy 97.603 
INFO:name:Epoch 3 Step 1099 Train Loss 0.07   Accuracy 97.614 
INFO:name:Epoch 3 Step 1199 Train Loss 0.069   Accuracy 97.633 
INFO:name:Epoch 3 Step 1299 Train Loss 0.07   Accuracy 97.627 
INFO:name:Epoch 3 Step 1399 Train Loss 0.07   Accuracy 97.612 
INFO:name:Epoch 3 Step 1499 Train Loss 0.07   Accuracy 97.631 
INFO:name:Epoch 3 Step 1599 Train Loss 0.07   Accuracy 97.639 
INFO:name:Epoch 3 Step 1699 Train Loss 0.07   Accuracy 97.631 
INFO:name:Epoch 3 Step 1799 Train Loss 0.07   Accuracy 97.599 
INFO:name:Epoch 3 Step 1899 Train Loss 0.07   Accuracy 97.62 
INFO:name:Epoch 3 Step 1999 Train Loss 0.07   Accuracy 97.608 
INFO:name:Epoch 3 Step 2099 Train Loss 0.07   Accuracy 97.634 
INFO:name:Epoch 3 Step 2199 Train Loss 0.07   Accuracy 97.645 
INFO:name:Epoch 3 Step 2299 Train Loss 0.07   Accuracy 97.656 
INFO:name:Epoch 3 Step 2399 Train Loss 0.07   Accuracy 97.648 
INFO:name:Epoch 3 Step 2499 Train Loss 0.07   Accuracy 97.654 
INFO:name:Epoch 3 Step 2599 Train Loss 0.069   Accuracy 97.673 
INFO:name:Epoch 3 Step 2699 Train Loss 0.069   Accuracy 97.684 
INFO:name:Epoch 3 Step 2799 Train Loss 0.069   Accuracy 97.7 
INFO:name:***** Running evaluation *****
INFO:name:  Num examples clone detection = 41541
INFO:name:  Batch size = 32 
INFO:name:  eval_loss = 0.1132
INFO:name:  eval_acc = 0.9625
INFO:name:  f1_score = 0.8719
INFO:name:  recall = 0.9707
INFO:name:  precision = 0.7914
INFO:name:Epoch 4 Step 99 Train Loss 0.052   Accuracy 98.219 
INFO:name:Epoch 4 Step 199 Train Loss 0.063   Accuracy 97.859 
INFO:name:Epoch 4 Step 299 Train Loss 0.059   Accuracy 98.01 
INFO:name:Epoch 4 Step 399 Train Loss 0.058   Accuracy 98.047 
INFO:name:Epoch 4 Step 499 Train Loss 0.059   Accuracy 98.006 
INFO:name:Epoch 4 Step 599 Train Loss 0.059   Accuracy 97.974 
INFO:name:Epoch 4 Step 699 Train Loss 0.06   Accuracy 97.938 
INFO:name:Epoch 4 Step 799 Train Loss 0.061   Accuracy 97.934 
INFO:name:Epoch 4 Step 899 Train Loss 0.061   Accuracy 97.948 
INFO:name:Epoch 4 Step 999 Train Loss 0.061   Accuracy 97.934 
INFO:name:Epoch 4 Step 1099 Train Loss 0.061   Accuracy 97.96 
INFO:name:Epoch 4 Step 1199 Train Loss 0.061   Accuracy 97.948 
INFO:name:Epoch 4 Step 1299 Train Loss 0.061   Accuracy 97.962 
INFO:name:Epoch 4 Step 1399 Train Loss 0.061   Accuracy 97.958 
INFO:name:Epoch 4 Step 1499 Train Loss 0.061   Accuracy 97.938 
INFO:name:Epoch 4 Step 1599 Train Loss 0.062   Accuracy 97.92 
INFO:name:Epoch 4 Step 1699 Train Loss 0.061   Accuracy 97.945 
INFO:name:Epoch 4 Step 1799 Train Loss 0.06   Accuracy 97.979 
INFO:name:Epoch 4 Step 1899 Train Loss 0.06   Accuracy 97.987 
INFO:name:Epoch 4 Step 1999 Train Loss 0.06   Accuracy 98.002 
INFO:name:Epoch 4 Step 2099 Train Loss 0.06   Accuracy 98.001 
INFO:name:Epoch 4 Step 2199 Train Loss 0.06   Accuracy 98.017 
INFO:name:Epoch 4 Step 2299 Train Loss 0.059   Accuracy 98.031 
INFO:name:Epoch 4 Step 2399 Train Loss 0.06   Accuracy 98.018 
INFO:name:Epoch 4 Step 2499 Train Loss 0.06   Accuracy 98.01 
INFO:name:Epoch 4 Step 2599 Train Loss 0.059   Accuracy 98.018 
INFO:name:Epoch 4 Step 2699 Train Loss 0.059   Accuracy 98.01 
INFO:name:Epoch 4 Step 2799 Train Loss 0.059   Accuracy 98.008 
INFO:name:***** Running evaluation *****
INFO:name:  Num examples clone detection = 41541
INFO:name:  Batch size = 32 
INFO:name:  eval_loss = 0.0977
INFO:name:  eval_acc = 0.9699
INFO:name:  f1_score = 0.8955
INFO:name:  recall = 0.9806
INFO:name:  precision = 0.824
INFO:name:Epoch 5 Step 99 Train Loss 0.054   Accuracy 98.156 
INFO:name:Epoch 5 Step 199 Train Loss 0.055   Accuracy 98.125 
INFO:name:Epoch 5 Step 299 Train Loss 0.056   Accuracy 98.031 
INFO:name:Epoch 5 Step 399 Train Loss 0.055   Accuracy 98.078 
INFO:name:Epoch 5 Step 499 Train Loss 0.056   Accuracy 98.119 
INFO:name:Epoch 5 Step 599 Train Loss 0.055   Accuracy 98.099 
INFO:name:Epoch 5 Step 699 Train Loss 0.054   Accuracy 98.134 
INFO:name:Epoch 5 Step 799 Train Loss 0.053   Accuracy 98.176 
INFO:name:Epoch 5 Step 899 Train Loss 0.052   Accuracy 98.208 
INFO:name:Epoch 5 Step 999 Train Loss 0.052   Accuracy 98.222 
INFO:name:Epoch 5 Step 1099 Train Loss 0.052   Accuracy 98.233 
INFO:name:Epoch 5 Step 1199 Train Loss 0.052   Accuracy 98.224 
INFO:name:Epoch 5 Step 1299 Train Loss 0.052   Accuracy 98.238 
INFO:name:Epoch 5 Step 1399 Train Loss 0.052   Accuracy 98.241 
INFO:name:Epoch 5 Step 1499 Train Loss 0.052   Accuracy 98.227 
INFO:name:Epoch 5 Step 1599 Train Loss 0.052   Accuracy 98.213 
INFO:name:Epoch 5 Step 1699 Train Loss 0.052   Accuracy 98.219 
INFO:name:Epoch 5 Step 1799 Train Loss 0.052   Accuracy 98.207 
INFO:name:Epoch 5 Step 1899 Train Loss 0.053   Accuracy 98.178 
INFO:name:Epoch 5 Step 1999 Train Loss 0.052   Accuracy 98.189 
INFO:name:Epoch 5 Step 2099 Train Loss 0.052   Accuracy 98.196 
INFO:name:Epoch 5 Step 2199 Train Loss 0.052   Accuracy 98.192 
INFO:name:Epoch 5 Step 2299 Train Loss 0.052   Accuracy 98.19 
INFO:name:Epoch 5 Step 2399 Train Loss 0.052   Accuracy 98.181 
INFO:name:Epoch 5 Step 2499 Train Loss 0.053   Accuracy 98.172 
INFO:name:Epoch 5 Step 2599 Train Loss 0.053   Accuracy 98.184 
INFO:name:Epoch 5 Step 2699 Train Loss 0.052   Accuracy 98.196 
INFO:name:Epoch 5 Step 2799 Train Loss 0.052   Accuracy 98.194 
INFO:name:***** Running evaluation *****
INFO:name:  Num examples clone detection = 41541
INFO:name:  Batch size = 32 
INFO:name:  eval_loss = 0.1111
INFO:name:  eval_acc = 0.9669
INFO:name:  f1_score = 0.886
INFO:name:  recall = 0.9793
INFO:name:  precision = 0.8089
INFO:name:Epoch 6 Step 99 Train Loss 0.042   Accuracy 98.531 
INFO:name:Epoch 6 Step 199 Train Loss 0.04   Accuracy 98.625 
INFO:name:Epoch 6 Step 299 Train Loss 0.044   Accuracy 98.458 
INFO:name:Epoch 6 Step 399 Train Loss 0.044   Accuracy 98.492 
INFO:name:Epoch 6 Step 499 Train Loss 0.046   Accuracy 98.438 
INFO:name:Epoch 6 Step 599 Train Loss 0.046   Accuracy 98.448 
INFO:name:Epoch 6 Step 699 Train Loss 0.047   Accuracy 98.384 
INFO:name:Epoch 6 Step 799 Train Loss 0.048   Accuracy 98.344 
INFO:name:Epoch 6 Step 899 Train Loss 0.049   Accuracy 98.312 
INFO:name:Epoch 6 Step 999 Train Loss 0.049   Accuracy 98.3 
INFO:name:Epoch 6 Step 1099 Train Loss 0.049   Accuracy 98.307 
INFO:name:Epoch 6 Step 1199 Train Loss 0.047   Accuracy 98.365 
INFO:name:Epoch 6 Step 1299 Train Loss 0.047   Accuracy 98.377 
INFO:name:Epoch 6 Step 1399 Train Loss 0.046   Accuracy 98.406 
INFO:name:Epoch 6 Step 1499 Train Loss 0.046   Accuracy 98.392 
INFO:name:Epoch 6 Step 1599 Train Loss 0.047   Accuracy 98.404 
INFO:name:Epoch 6 Step 1699 Train Loss 0.046   Accuracy 98.41 
INFO:name:Epoch 6 Step 1799 Train Loss 0.046   Accuracy 98.425 
INFO:name:Epoch 6 Step 1899 Train Loss 0.046   Accuracy 98.408 
INFO:name:Epoch 6 Step 1999 Train Loss 0.046   Accuracy 98.4 
INFO:name:Epoch 6 Step 2099 Train Loss 0.046   Accuracy 98.399 
INFO:name:Epoch 6 Step 2199 Train Loss 0.046   Accuracy 98.396 
INFO:name:Epoch 6 Step 2299 Train Loss 0.046   Accuracy 98.399 
INFO:name:Epoch 6 Step 2399 Train Loss 0.046   Accuracy 98.392 
INFO:name:Epoch 6 Step 2499 Train Loss 0.046   Accuracy 98.401 
INFO:name:Epoch 6 Step 2599 Train Loss 0.046   Accuracy 98.403 
INFO:name:Epoch 6 Step 2699 Train Loss 0.046   Accuracy 98.418 
INFO:name:Epoch 6 Step 2799 Train Loss 0.046   Accuracy 98.408 
INFO:name:***** Running evaluation *****
INFO:name:  Num examples clone detection = 41541
INFO:name:  Batch size = 32 
INFO:name:  eval_loss = 0.0676
INFO:name:  eval_acc = 0.9781
INFO:name:  f1_score = 0.9209
INFO:name:  recall = 0.9694
INFO:name:  precision = 0.877
INFO:name:
 ******************************
INFO:name:  Best F1 score :0.9209
INFO:name:  ******************************
INFO:name:
***** Test Results for clone detection 
INFO:name:
{'test_acc': 0.9802, 'test_f1_score': 0.9297, 'test_recall': 0.952, 'test_precision': 0.9085}

INFO:name:Epoch 7 Step 99 Train Loss 0.034   Accuracy 98.812 
INFO:name:Epoch 7 Step 199 Train Loss 0.038   Accuracy 98.719 
INFO:name:Epoch 7 Step 299 Train Loss 0.038   Accuracy 98.708 
INFO:name:Epoch 7 Step 399 Train Loss 0.041   Accuracy 98.633 
INFO:name:Epoch 7 Step 499 Train Loss 0.04   Accuracy 98.662 
INFO:name:Epoch 7 Step 599 Train Loss 0.04   Accuracy 98.703 
INFO:name:Epoch 7 Step 699 Train Loss 0.042   Accuracy 98.656 
INFO:name:Epoch 7 Step 799 Train Loss 0.042   Accuracy 98.645 
INFO:name:Epoch 7 Step 899 Train Loss 0.042   Accuracy 98.611 
INFO:name:Epoch 7 Step 999 Train Loss 0.042   Accuracy 98.628 
INFO:name:Epoch 7 Step 1099 Train Loss 0.041   Accuracy 98.619 
INFO:name:Epoch 7 Step 1199 Train Loss 0.042   Accuracy 98.581 
INFO:name:Epoch 7 Step 1299 Train Loss 0.042   Accuracy 98.584 
INFO:name:Epoch 7 Step 1399 Train Loss 0.043   Accuracy 98.549 
INFO:name:Epoch 7 Step 1499 Train Loss 0.043   Accuracy 98.538 
INFO:name:Epoch 7 Step 1599 Train Loss 0.043   Accuracy 98.537 
INFO:name:Epoch 7 Step 1699 Train Loss 0.042   Accuracy 98.551 
INFO:name:Epoch 7 Step 1799 Train Loss 0.043   Accuracy 98.535 
INFO:name:Epoch 7 Step 1899 Train Loss 0.043   Accuracy 98.544 
INFO:name:Epoch 7 Step 1999 Train Loss 0.042   Accuracy 98.556 
INFO:name:Epoch 7 Step 2099 Train Loss 0.042   Accuracy 98.54 
INFO:name:Epoch 7 Step 2199 Train Loss 0.042   Accuracy 98.543 
INFO:name:Epoch 7 Step 2299 Train Loss 0.042   Accuracy 98.553 
INFO:name:Epoch 7 Step 2399 Train Loss 0.042   Accuracy 98.556 
INFO:name:Epoch 7 Step 2499 Train Loss 0.042   Accuracy 98.555 
INFO:name:Epoch 7 Step 2599 Train Loss 0.042   Accuracy 98.564 
INFO:name:Epoch 7 Step 2699 Train Loss 0.042   Accuracy 98.564 
INFO:name:Epoch 7 Step 2799 Train Loss 0.041   Accuracy 98.574 
INFO:name:***** Running evaluation *****
INFO:name:  Num examples clone detection = 41541
INFO:name:  Batch size = 32 
INFO:name:  eval_loss = 0.1003
INFO:name:  eval_acc = 0.9736
INFO:name:  f1_score = 0.9062
INFO:name:  recall = 0.9698
INFO:name:  precision = 0.8505
INFO:name:Epoch 8 Step 99 Train Loss 0.038   Accuracy 98.812 
INFO:name:Epoch 8 Step 199 Train Loss 0.037   Accuracy 98.875 
INFO:name:Epoch 8 Step 299 Train Loss 0.034   Accuracy 98.885 
INFO:name:Epoch 8 Step 399 Train Loss 0.035   Accuracy 98.836 
INFO:name:Epoch 8 Step 499 Train Loss 0.036   Accuracy 98.794 
INFO:name:Epoch 8 Step 599 Train Loss 0.035   Accuracy 98.818 
INFO:name:Epoch 8 Step 699 Train Loss 0.036   Accuracy 98.786 
INFO:name:Epoch 8 Step 799 Train Loss 0.036   Accuracy 98.762 
INFO:name:Epoch 8 Step 899 Train Loss 0.037   Accuracy 98.719 
INFO:name:Epoch 8 Step 999 Train Loss 0.037   Accuracy 98.7 
INFO:name:Epoch 8 Step 1099 Train Loss 0.037   Accuracy 98.685 
INFO:name:Epoch 8 Step 1199 Train Loss 0.037   Accuracy 98.674 
INFO:name:Epoch 8 Step 1299 Train Loss 0.037   Accuracy 98.685 
INFO:name:Epoch 8 Step 1399 Train Loss 0.037   Accuracy 98.696 
INFO:name:Epoch 8 Step 1499 Train Loss 0.037   Accuracy 98.692 
INFO:name:Epoch 8 Step 1599 Train Loss 0.037   Accuracy 98.701 
INFO:name:Epoch 8 Step 1699 Train Loss 0.036   Accuracy 98.722 
INFO:name:Epoch 8 Step 1799 Train Loss 0.037   Accuracy 98.703 
INFO:name:Epoch 8 Step 1899 Train Loss 0.037   Accuracy 98.704 
INFO:name:Epoch 8 Step 1999 Train Loss 0.037   Accuracy 98.686 
INFO:name:Epoch 8 Step 2099 Train Loss 0.037   Accuracy 98.695 
INFO:name:Epoch 8 Step 2199 Train Loss 0.037   Accuracy 98.699 
INFO:name:Epoch 8 Step 2299 Train Loss 0.037   Accuracy 98.701 
INFO:name:Epoch 8 Step 2399 Train Loss 0.037   Accuracy 98.71 
INFO:name:Epoch 8 Step 2499 Train Loss 0.037   Accuracy 98.716 
INFO:name:Epoch 8 Step 2599 Train Loss 0.037   Accuracy 98.709 
INFO:name:Epoch 8 Step 2699 Train Loss 0.036   Accuracy 98.727 
INFO:name:Epoch 8 Step 2799 Train Loss 0.036   Accuracy 98.731 
INFO:name:***** Running evaluation *****
INFO:name:  Num examples clone detection = 41541
INFO:name:  Batch size = 32 
INFO:name:  eval_loss = 0.0965
INFO:name:  eval_acc = 0.9751
INFO:name:  f1_score = 0.9106
INFO:name:  recall = 0.9648
INFO:name:  precision = 0.8621
INFO:name:Epoch 9 Step 99 Train Loss 0.031   Accuracy 98.969 
INFO:name:Epoch 9 Step 199 Train Loss 0.031   Accuracy 99.0 
INFO:name:Epoch 9 Step 299 Train Loss 0.035   Accuracy 98.875 
INFO:name:Epoch 9 Step 399 Train Loss 0.034   Accuracy 98.859 
INFO:name:Epoch 9 Step 499 Train Loss 0.034   Accuracy 98.831 
INFO:name:Epoch 9 Step 599 Train Loss 0.035   Accuracy 98.807 
INFO:name:Epoch 9 Step 699 Train Loss 0.035   Accuracy 98.821 
INFO:name:Epoch 9 Step 799 Train Loss 0.034   Accuracy 98.82 
INFO:name:Epoch 9 Step 899 Train Loss 0.035   Accuracy 98.806 
INFO:name:Epoch 9 Step 999 Train Loss 0.035   Accuracy 98.809 
INFO:name:Epoch 9 Step 1099 Train Loss 0.034   Accuracy 98.827 
INFO:name:Epoch 9 Step 1199 Train Loss 0.033   Accuracy 98.854 
INFO:name:Epoch 9 Step 1299 Train Loss 0.033   Accuracy 98.873 
INFO:name:Epoch 9 Step 1399 Train Loss 0.033   Accuracy 98.866 
INFO:name:Epoch 9 Step 1499 Train Loss 0.033   Accuracy 98.877 
INFO:name:Epoch 9 Step 1599 Train Loss 0.033   Accuracy 98.871 
INFO:name:Epoch 9 Step 1699 Train Loss 0.033   Accuracy 98.868 
INFO:name:Epoch 9 Step 1799 Train Loss 0.033   Accuracy 98.865 
INFO:name:Epoch 9 Step 1899 Train Loss 0.033   Accuracy 98.867 
INFO:name:Epoch 9 Step 1999 Train Loss 0.033   Accuracy 98.862 
INFO:name:Epoch 9 Step 2099 Train Loss 0.033   Accuracy 98.865 
INFO:name:Epoch 9 Step 2199 Train Loss 0.033   Accuracy 98.878 
INFO:name:Epoch 9 Step 2299 Train Loss 0.033   Accuracy 98.883 
INFO:name:Epoch 9 Step 2399 Train Loss 0.033   Accuracy 98.882 
INFO:name:Epoch 9 Step 2499 Train Loss 0.033   Accuracy 98.888 
INFO:name:Epoch 9 Step 2599 Train Loss 0.033   Accuracy 98.894 
INFO:name:Epoch 9 Step 2699 Train Loss 0.032   Accuracy 98.9 
INFO:name:Epoch 9 Step 2799 Train Loss 0.033   Accuracy 98.894 
INFO:name:***** Running evaluation *****
INFO:name:  Num examples clone detection = 41541
INFO:name:  Batch size = 32 
INFO:name:  eval_loss = 0.1113
INFO:name:  eval_acc = 0.9693
INFO:name:  f1_score = 0.8929
INFO:name:  recall = 0.9731
INFO:name:  precision = 0.8249
INFO:name:Epoch 10 Step 99 Train Loss 0.038   Accuracy 98.625 
INFO:name:Epoch 10 Step 199 Train Loss 0.033   Accuracy 98.828 
INFO:name:Epoch 10 Step 299 Train Loss 0.032   Accuracy 98.833 
INFO:name:Epoch 10 Step 399 Train Loss 0.031   Accuracy 98.867 
INFO:name:Epoch 10 Step 499 Train Loss 0.03   Accuracy 98.925 
INFO:name:Epoch 10 Step 599 Train Loss 0.029   Accuracy 98.984 
INFO:name:Epoch 10 Step 699 Train Loss 0.03   Accuracy 98.96 
INFO:name:Epoch 10 Step 799 Train Loss 0.03   Accuracy 98.945 
INFO:name:Epoch 10 Step 899 Train Loss 0.03   Accuracy 98.924 
INFO:name:Epoch 10 Step 999 Train Loss 0.03   Accuracy 98.941 
INFO:name:Epoch 10 Step 1099 Train Loss 0.03   Accuracy 98.935 
INFO:name:Epoch 10 Step 1199 Train Loss 0.03   Accuracy 98.906 
INFO:name:Epoch 10 Step 1299 Train Loss 0.03   Accuracy 98.916 
INFO:name:Epoch 10 Step 1399 Train Loss 0.03   Accuracy 98.926 
INFO:name:Epoch 10 Step 1499 Train Loss 0.03   Accuracy 98.929 
INFO:name:Epoch 10 Step 1599 Train Loss 0.03   Accuracy 98.947 
INFO:name:Epoch 10 Step 1699 Train Loss 0.03   Accuracy 98.952 
INFO:name:Epoch 10 Step 1799 Train Loss 0.029   Accuracy 98.965 
INFO:name:Epoch 10 Step 1899 Train Loss 0.029   Accuracy 98.965 
INFO:name:Epoch 10 Step 1999 Train Loss 0.029   Accuracy 98.973 
INFO:name:Epoch 10 Step 2099 Train Loss 0.029   Accuracy 98.973 
INFO:name:Epoch 10 Step 2199 Train Loss 0.029   Accuracy 98.982 
INFO:name:Epoch 10 Step 2299 Train Loss 0.029   Accuracy 98.986 
INFO:name:Epoch 10 Step 2399 Train Loss 0.029   Accuracy 98.987 
INFO:name:Epoch 10 Step 2499 Train Loss 0.029   Accuracy 98.992 
INFO:name:Epoch 10 Step 2599 Train Loss 0.029   Accuracy 98.982 
INFO:name:Epoch 10 Step 2699 Train Loss 0.029   Accuracy 98.978 
INFO:name:Epoch 10 Step 2799 Train Loss 0.029   Accuracy 98.985 
INFO:name:***** Running evaluation *****
INFO:name:  Num examples clone detection = 41541
INFO:name:  Batch size = 32 
INFO:name:  eval_loss = 0.0962
INFO:name:  eval_acc = 0.9759
INFO:name:  f1_score = 0.9138
INFO:name:  recall = 0.9742
INFO:name:  precision = 0.8605
INFO:name:Epoch 11 Step 99 Train Loss 0.021   Accuracy 99.156 
INFO:name:Epoch 11 Step 199 Train Loss 0.024   Accuracy 99.062 
INFO:name:Epoch 11 Step 299 Train Loss 0.023   Accuracy 99.073 
INFO:name:Epoch 11 Step 399 Train Loss 0.024   Accuracy 99.109 
INFO:name:Epoch 11 Step 499 Train Loss 0.026   Accuracy 99.05 
INFO:name:Epoch 11 Step 599 Train Loss 0.026   Accuracy 99.073 
INFO:name:Epoch 11 Step 699 Train Loss 0.026   Accuracy 99.085 
INFO:name:Epoch 11 Step 799 Train Loss 0.027   Accuracy 99.066 
INFO:name:Epoch 11 Step 899 Train Loss 0.026   Accuracy 99.097 
INFO:name:Epoch 11 Step 999 Train Loss 0.026   Accuracy 99.106 
INFO:name:Epoch 11 Step 1099 Train Loss 0.027   Accuracy 99.085 
INFO:name:Epoch 11 Step 1199 Train Loss 0.027   Accuracy 99.078 
INFO:name:Epoch 11 Step 1299 Train Loss 0.026   Accuracy 99.094 
INFO:name:Epoch 11 Step 1399 Train Loss 0.026   Accuracy 99.089 
INFO:name:Epoch 11 Step 1499 Train Loss 0.026   Accuracy 99.108 
INFO:name:Epoch 11 Step 1599 Train Loss 0.025   Accuracy 99.119 
INFO:name:Epoch 11 Step 1699 Train Loss 0.025   Accuracy 99.127 
INFO:name:Epoch 11 Step 1799 Train Loss 0.025   Accuracy 99.13 
INFO:name:Epoch 11 Step 1899 Train Loss 0.025   Accuracy 99.13 
INFO:name:Epoch 11 Step 1999 Train Loss 0.025   Accuracy 99.122 
INFO:name:Epoch 11 Step 2099 Train Loss 0.025   Accuracy 99.119 
INFO:name:Epoch 11 Step 2199 Train Loss 0.025   Accuracy 99.129 
INFO:name:Epoch 11 Step 2299 Train Loss 0.025   Accuracy 99.132 
INFO:name:Epoch 11 Step 2399 Train Loss 0.025   Accuracy 99.145 
INFO:name:Epoch 11 Step 2499 Train Loss 0.025   Accuracy 99.141 
INFO:name:Epoch 11 Step 2599 Train Loss 0.025   Accuracy 99.141 
INFO:name:Epoch 11 Step 2699 Train Loss 0.025   Accuracy 99.14 
INFO:name:Epoch 11 Step 2799 Train Loss 0.025   Accuracy 99.141 
INFO:name:***** Running evaluation *****
INFO:name:  Num examples clone detection = 41541
INFO:name:  Batch size = 32 
INFO:name:  eval_loss = 0.0987
INFO:name:  eval_acc = 0.9757
INFO:name:  f1_score = 0.9126
INFO:name:  recall = 0.9668
INFO:name:  precision = 0.864
INFO:name:Epoch 12 Step 99 Train Loss 0.025   Accuracy 99.094 
INFO:name:Epoch 12 Step 199 Train Loss 0.023   Accuracy 99.219 
INFO:name:Epoch 12 Step 299 Train Loss 0.025   Accuracy 99.104 
INFO:name:Epoch 12 Step 399 Train Loss 0.024   Accuracy 99.078 
INFO:name:Epoch 12 Step 499 Train Loss 0.025   Accuracy 99.069 
INFO:name:Epoch 12 Step 599 Train Loss 0.023   Accuracy 99.109 
INFO:name:Epoch 12 Step 699 Train Loss 0.024   Accuracy 99.103 
INFO:name:Epoch 12 Step 799 Train Loss 0.024   Accuracy 99.098 
INFO:name:Epoch 12 Step 899 Train Loss 0.023   Accuracy 99.122 
INFO:name:Epoch 12 Step 999 Train Loss 0.022   Accuracy 99.153 
INFO:name:Epoch 12 Step 1099 Train Loss 0.022   Accuracy 99.162 
INFO:name:Epoch 12 Step 1199 Train Loss 0.022   Accuracy 99.177 
INFO:name:Epoch 12 Step 1299 Train Loss 0.022   Accuracy 99.166 
INFO:name:Epoch 12 Step 1399 Train Loss 0.022   Accuracy 99.196 
INFO:name:Epoch 12 Step 1499 Train Loss 0.022   Accuracy 99.192 
INFO:name:Epoch 12 Step 1599 Train Loss 0.022   Accuracy 99.189 
INFO:name:Epoch 12 Step 1699 Train Loss 0.021   Accuracy 99.197 
INFO:name:Epoch 12 Step 1799 Train Loss 0.021   Accuracy 99.2 
INFO:name:Epoch 12 Step 1899 Train Loss 0.021   Accuracy 99.207 
INFO:name:Epoch 12 Step 1999 Train Loss 0.021   Accuracy 99.206 
INFO:name:Epoch 12 Step 2099 Train Loss 0.021   Accuracy 99.216 
INFO:name:Epoch 12 Step 2199 Train Loss 0.021   Accuracy 99.212 
INFO:name:Epoch 12 Step 2299 Train Loss 0.022   Accuracy 99.204 
INFO:name:Epoch 12 Step 2399 Train Loss 0.022   Accuracy 99.21 
INFO:name:Epoch 12 Step 2499 Train Loss 0.021   Accuracy 99.219 
INFO:name:Epoch 12 Step 2599 Train Loss 0.021   Accuracy 99.213 
INFO:name:Epoch 12 Step 2699 Train Loss 0.022   Accuracy 99.198 
INFO:name:Epoch 12 Step 2799 Train Loss 0.022   Accuracy 99.202 
INFO:name:***** Running evaluation *****
INFO:name:  Num examples clone detection = 41541
INFO:name:  Batch size = 32 
INFO:name:  eval_loss = 0.1052
INFO:name:  eval_acc = 0.974
INFO:name:  f1_score = 0.9076
INFO:name:  recall = 0.9725
INFO:name:  precision = 0.8509
INFO:name:Epoch 13 Step 99 Train Loss 0.015   Accuracy 99.406 
INFO:name:Epoch 13 Step 199 Train Loss 0.014   Accuracy 99.484 
INFO:name:Epoch 13 Step 299 Train Loss 0.018   Accuracy 99.365 
INFO:name:Epoch 13 Step 399 Train Loss 0.017   Accuracy 99.383 
INFO:name:Epoch 13 Step 499 Train Loss 0.017   Accuracy 99.419 
INFO:name:Epoch 13 Step 599 Train Loss 0.017   Accuracy 99.375 
INFO:name:Epoch 13 Step 699 Train Loss 0.017   Accuracy 99.379 
INFO:name:Epoch 13 Step 799 Train Loss 0.018   Accuracy 99.379 
INFO:name:Epoch 13 Step 899 Train Loss 0.017   Accuracy 99.396 
INFO:name:Epoch 13 Step 999 Train Loss 0.018   Accuracy 99.362 
INFO:name:Epoch 13 Step 1099 Train Loss 0.018   Accuracy 99.378 
INFO:name:Epoch 13 Step 1199 Train Loss 0.018   Accuracy 99.362 
INFO:name:Epoch 13 Step 1299 Train Loss 0.019   Accuracy 99.339 
INFO:name:Epoch 13 Step 1399 Train Loss 0.019   Accuracy 99.342 
INFO:name:Epoch 13 Step 1499 Train Loss 0.019   Accuracy 99.352 
INFO:name:Epoch 13 Step 1599 Train Loss 0.019   Accuracy 99.352 
INFO:name:Epoch 13 Step 1699 Train Loss 0.019   Accuracy 99.357 
INFO:name:Epoch 13 Step 1799 Train Loss 0.019   Accuracy 99.354 
INFO:name:Epoch 13 Step 1899 Train Loss 0.019   Accuracy 99.36 
INFO:name:Epoch 13 Step 1999 Train Loss 0.019   Accuracy 99.366 
INFO:name:Epoch 13 Step 2099 Train Loss 0.019   Accuracy 99.369 
INFO:name:Epoch 13 Step 2199 Train Loss 0.019   Accuracy 99.371 
INFO:name:Epoch 13 Step 2299 Train Loss 0.019   Accuracy 99.368 
INFO:name:Epoch 13 Step 2399 Train Loss 0.019   Accuracy 99.357 
INFO:name:Epoch 13 Step 2499 Train Loss 0.019   Accuracy 99.355 
INFO:name:Epoch 13 Step 2599 Train Loss 0.019   Accuracy 99.356 
INFO:name:Epoch 13 Step 2699 Train Loss 0.018   Accuracy 99.367 
INFO:name:Epoch 13 Step 2799 Train Loss 0.019   Accuracy 99.359 
INFO:name:***** Running evaluation *****
INFO:name:  Num examples clone detection = 41541
INFO:name:  Batch size = 32 
INFO:name:  eval_loss = 0.1065
INFO:name:  eval_acc = 0.9753
INFO:name:  f1_score = 0.9115
INFO:name:  recall = 0.9688
INFO:name:  precision = 0.8606
INFO:name:Epoch 14 Step 99 Train Loss 0.017   Accuracy 99.469 
INFO:name:Epoch 14 Step 199 Train Loss 0.016   Accuracy 99.547 
INFO:name:Epoch 14 Step 299 Train Loss 0.017   Accuracy 99.458 
INFO:name:Epoch 14 Step 399 Train Loss 0.018   Accuracy 99.438 
INFO:name:Epoch 14 Step 499 Train Loss 0.018   Accuracy 99.431 
INFO:name:Epoch 14 Step 599 Train Loss 0.019   Accuracy 99.37 
INFO:name:Epoch 14 Step 699 Train Loss 0.019   Accuracy 99.375 
INFO:name:Epoch 14 Step 799 Train Loss 0.018   Accuracy 99.402 
INFO:name:Epoch 14 Step 899 Train Loss 0.018   Accuracy 99.413 
INFO:name:Epoch 14 Step 999 Train Loss 0.018   Accuracy 99.416 
INFO:name:Epoch 14 Step 1099 Train Loss 0.018   Accuracy 99.412 
INFO:name:Epoch 14 Step 1199 Train Loss 0.018   Accuracy 99.409 
INFO:name:Epoch 14 Step 1299 Train Loss 0.017   Accuracy 99.43 
INFO:name:Epoch 14 Step 1399 Train Loss 0.017   Accuracy 99.442 
INFO:name:Epoch 14 Step 1499 Train Loss 0.017   Accuracy 99.438 
INFO:name:Epoch 14 Step 1599 Train Loss 0.017   Accuracy 99.43 
INFO:name:Epoch 14 Step 1699 Train Loss 0.017   Accuracy 99.425 
INFO:name:Epoch 14 Step 1799 Train Loss 0.017   Accuracy 99.432 
INFO:name:Epoch 14 Step 1899 Train Loss 0.017   Accuracy 99.441 
INFO:name:Epoch 14 Step 1999 Train Loss 0.016   Accuracy 99.448 
INFO:name:Epoch 14 Step 2099 Train Loss 0.016   Accuracy 99.449 
INFO:name:Epoch 14 Step 2199 Train Loss 0.016   Accuracy 99.462 
INFO:name:Epoch 14 Step 2299 Train Loss 0.016   Accuracy 99.459 
INFO:name:Epoch 14 Step 2399 Train Loss 0.016   Accuracy 99.454 
INFO:name:Epoch 14 Step 2499 Train Loss 0.016   Accuracy 99.449 
INFO:name:Epoch 14 Step 2599 Train Loss 0.017   Accuracy 99.44 
INFO:name:Epoch 14 Step 2699 Train Loss 0.017   Accuracy 99.441 
INFO:name:Epoch 14 Step 2799 Train Loss 0.016   Accuracy 99.449 
INFO:name:***** Running evaluation *****
INFO:name:  Num examples clone detection = 41541
INFO:name:  Batch size = 32 
INFO:name:  eval_loss = 0.1066
INFO:name:  eval_acc = 0.9779
INFO:name:  f1_score = 0.9199
INFO:name:  recall = 0.9668
INFO:name:  precision = 0.8773
INFO:name:train results : 
 {'train_loss': [0.295, 0.12, 0.086, 0.069, 0.059, 0.052, 0.046, 0.041, 0.036, 0.033, 0.029, 0.025, 0.022, 0.018, 0.016], 'train_acc': [86.373, 95.786, 97.098, 97.698, 98.007, 98.197, 98.403, 98.573, 98.73, 98.894, 98.988, 99.142, 99.2, 99.362, 99.448], 'eval_loss': [0.1698, 0.1694, 0.0822, 0.1132, 0.0977, 0.1111, 0.0676, 0.1003, 0.0965, 0.1113, 0.0962, 0.0987, 0.1052, 0.1065, 0.1066], 'eval_acc': [0.9423, 0.9426, 0.9719, 0.9625, 0.9699, 0.9669, 0.9781, 0.9736, 0.9751, 0.9693, 0.9759, 0.9757, 0.974, 0.9753, 0.9779], 'eval_f1': [0.8151, 0.8177, 0.8992, 0.8719, 0.8955, 0.886, 0.9209, 0.9062, 0.9106, 0.8929, 0.9138, 0.9126, 0.9076, 0.9115, 0.9199], 'eval_precision': [0.7038, 0.7016, 0.8504, 0.7914, 0.824, 0.8089, 0.877, 0.8505, 0.8621, 0.8249, 0.8605, 0.864, 0.8509, 0.8606, 0.8773], 'eval_recall': [0.9681, 0.9797, 0.954, 0.9707, 0.9806, 0.9793, 0.9694, 0.9698, 0.9648, 0.9731, 0.9742, 0.9668, 0.9725, 0.9688, 0.9668]}

INFO:name:**********************************************************************************************************************************
